
**** Build of configuration Debug for project Lab5 ****

"C:\\ti\\ccs1230\\ccs\\utils\\bin\\gmake" -k -j 20 all -O 
 
Building file: "../Lab5 Code Files/lab5_template.c"
Invoking: Arm Compiler
"C:/ti/ccs1230/ccs/tools/compiler/ti-cgt-arm_20.2.7.LTS/bin/armcl" -mv7M4 --code_state=16 --float_support=FPv4SPD16 --include_path="C:/ti/TivaWare_C_Series-2.2.0.295" --include_path="U:/CprE288/Lab5/Lab5" --include_path="C:/ti/ccs1230/ccs/tools/compiler/ti-cgt-arm_20.2.7.LTS/include" --define=ccs="ccs" --define=PART_TM4C123GH6PM -g --gcc --diag_warning=225 --diag_wrap=off --display_error_number --abi=eabi --preproc_with_compile --preproc_dependency="Lab5 Code Files/lab5_template.d_raw" --obj_directory="Lab5 Code Files"  "../Lab5 Code Files/lab5_template.c"
 
>> Compilation failure
Lab5 Code Files/subdir_rules.mk:16: recipe for target 'Lab5 Code Files/lab5_template.obj' failed
"../Lab5 Code Files/lab5_template.c", line 13: fatal error #1965: cannot open source file "button.h"
1 catastrophic error detected in the compilation of "../Lab5 Code Files/lab5_template.c".
Compilation terminated.
gmake: *** [Lab5 Code Files/lab5_template.obj] Error 1
Building file: "../Lab5 Code Files/uart.c"
Invoking: Arm Compiler
"C:/ti/ccs1230/ccs/tools/compiler/ti-cgt-arm_20.2.7.LTS/bin/armcl" -mv7M4 --code_state=16 --float_support=FPv4SPD16 --include_path="C:/ti/TivaWare_C_Series-2.2.0.295" --include_path="U:/CprE288/Lab5/Lab5" --include_path="C:/ti/ccs1230/ccs/tools/compiler/ti-cgt-arm_20.2.7.LTS/include" --define=ccs="ccs" --define=PART_TM4C123GH6PM -g --gcc --diag_warning=225 --diag_wrap=off --display_error_number --abi=eabi --preproc_with_compile --preproc_dependency="Lab5 Code Files/uart.d_raw" --obj_directory="Lab5 Code Files"  "../Lab5 Code Files/uart.c"
 
>> Compilation failure
Lab5 Code Files/subdir_rules.mk:30: recipe for target 'Lab5 Code Files/uart.obj' failed
"../Lab5 Code Files/uart.c", line 18: error #29: expected an expression
"../Lab5 Code Files/uart.c", line 37: warning #12-D: parsing restarts here after previous syntax error
"../Lab5 Code Files/uart.c", line 38: error #29: expected an expression
"../Lab5 Code Files/uart.c", line 41: error #29: expected an expression
"../Lab5 Code Files/uart.c", line 45: warning #12-D: parsing restarts here after previous syntax error
"../Lab5 Code Files/uart.c", line 50: error #29: expected an expression
"../Lab5 Code Files/uart.c", line 56: warning #12-D: parsing restarts here after previous syntax error
"../Lab5 Code Files/uart.c", line 64: error #29: expected an expression
"../Lab5 Code Files/uart.c", line 66: error #66: expected a ";"
"../Lab5 Code Files/uart.c", line 74: warning #994-D: missing return statement at end of non-void function "uart_receive"
6 errors detected in the compilation of "../Lab5 Code Files/uart.c".
gmake: *** [Lab5 Code Files/uart.obj] Error 1
Building file: "../tm4c123gh6pm_startup_ccs.c"
Invoking: Arm Compiler
"C:/ti/ccs1230/ccs/tools/compiler/ti-cgt-arm_20.2.7.LTS/bin/armcl" -mv7M4 --code_state=16 --float_support=FPv4SPD16 --include_path="C:/ti/TivaWare_C_Series-2.2.0.295" --include_path="U:/CprE288/Lab5/Lab5" --include_path="C:/ti/ccs1230/ccs/tools/compiler/ti-cgt-arm_20.2.7.LTS/include" --define=ccs="ccs" --define=PART_TM4C123GH6PM -g --gcc --diag_warning=225 --diag_wrap=off --display_error_number --abi=eabi --preproc_with_compile --preproc_dependency="tm4c123gh6pm_startup_ccs.d_raw"  "../tm4c123gh6pm_startup_ccs.c"
Finished building: "../tm4c123gh6pm_startup_ccs.c"
 
Building file: "../Lab5 Code Files/Timer.c"
Invoking: Arm Compiler
"C:/ti/ccs1230/ccs/tools/compiler/ti-cgt-arm_20.2.7.LTS/bin/armcl" -mv7M4 --code_state=16 --float_support=FPv4SPD16 --include_path="C:/ti/TivaWare_C_Series-2.2.0.295" --include_path="U:/CprE288/Lab5/Lab5" --include_path="C:/ti/ccs1230/ccs/tools/compiler/ti-cgt-arm_20.2.7.LTS/include" --define=ccs="ccs" --define=PART_TM4C123GH6PM -g --gcc --diag_warning=225 --diag_wrap=off --display_error_number --abi=eabi --preproc_with_compile --preproc_dependency="Lab5 Code Files/Timer.d_raw" --obj_directory="Lab5 Code Files"  "../Lab5 Code Files/Timer.c"
Finished building: "../Lab5 Code Files/Timer.c"
 
Building file: "../Lab5 Code Files/lcd.c"
Invoking: Arm Compiler
"C:/ti/ccs1230/ccs/tools/compiler/ti-cgt-arm_20.2.7.LTS/bin/armcl" -mv7M4 --code_state=16 --float_support=FPv4SPD16 --include_path="C:/ti/TivaWare_C_Series-2.2.0.295" --include_path="U:/CprE288/Lab5/Lab5" --include_path="C:/ti/ccs1230/ccs/tools/compiler/ti-cgt-arm_20.2.7.LTS/include" --define=ccs="ccs" --define=PART_TM4C123GH6PM -g --gcc --diag_warning=225 --diag_wrap=off --display_error_number --abi=eabi --preproc_with_compile --preproc_dependency="Lab5 Code Files/lcd.d_raw" --obj_directory="Lab5 Code Files"  "../Lab5 Code Files/lcd.c"
Finished building: "../Lab5 Code Files/lcd.c"
 
gmake: Target 'all' not remade because of errors.

**** Build Finished ****

**** Build of configuration Debug for project Lab5 ****

"C:\\ti\\ccs1230\\ccs\\utils\\bin\\gmake" -k -j 20 all -O 
 
Building file: "../Lab5 Code Files/uart.c"
Invoking: Arm Compiler
"C:/ti/ccs1230/ccs/tools/compiler/ti-cgt-arm_20.2.7.LTS/bin/armcl" -mv7M4 --code_state=16 --float_support=FPv4SPD16 --include_path="C:/ti/TivaWare_C_Series-2.2.0.295" --include_path="U:/CprE288/Lab5/Lab5" --include_path="C:/ti/ccs1230/ccs/tools/compiler/ti-cgt-arm_20.2.7.LTS/include" --define=ccs="ccs" --define=PART_TM4C123GH6PM -g --gcc --diag_warning=225 --diag_wrap=off --display_error_number --abi=eabi --preproc_with_compile --preproc_dependency="Lab5 Code Files/uart.d_raw" --obj_directory="Lab5 Code Files"  "../Lab5 Code Files/uart.c"
 
>> Compilation failure
Lab5 Code Files/subdir_rules.mk:37: recipe for target 'Lab5 Code Files/uart.obj' failed
"../Lab5 Code Files/uart.c", line 18: error #29: expected an expression
"../Lab5 Code Files/uart.c", line 37: warning #12-D: parsing restarts here after previous syntax error
"../Lab5 Code Files/uart.c", line 38: error #29: expected an expression
"../Lab5 Code Files/uart.c", line 41: error #29: expected an expression
"../Lab5 Code Files/uart.c", line 45: warning #12-D: parsing restarts here after previous syntax error
"../Lab5 Code Files/uart.c", line 50: error #29: expected an expression
"../Lab5 Code Files/uart.c", line 56: warning #12-D: parsing restarts here after previous syntax error
"../Lab5 Code Files/uart.c", line 64: error #29: expected an expression
"../Lab5 Code Files/uart.c", line 66: error #66: expected a ";"
"../Lab5 Code Files/uart.c", line 74: warning #994-D: missing return statement at end of non-void function "uart_receive"
6 errors detected in the compilation of "../Lab5 Code Files/uart.c".
gmake: *** [Lab5 Code Files/uart.obj] Error 1
Building file: "../Lab5 Code Files/lab5_template.c"
Invoking: Arm Compiler
"C:/ti/ccs1230/ccs/tools/compiler/ti-cgt-arm_20.2.7.LTS/bin/armcl" -mv7M4 --code_state=16 --float_support=FPv4SPD16 --include_path="C:/ti/TivaWare_C_Series-2.2.0.295" --include_path="U:/CprE288/Lab5/Lab5" --include_path="C:/ti/ccs1230/ccs/tools/compiler/ti-cgt-arm_20.2.7.LTS/include" --define=ccs="ccs" --define=PART_TM4C123GH6PM -g --gcc --diag_warning=225 --diag_wrap=off --display_error_number --abi=eabi --preproc_with_compile --preproc_dependency="Lab5 Code Files/lab5_template.d_raw" --obj_directory="Lab5 Code Files"  "../Lab5 Code Files/lab5_template.c"
 
>> Compilation failure
Lab5 Code Files/subdir_rules.mk:23: recipe for target 'Lab5 Code Files/lab5_template.obj' failed
"../Lab5 Code Files/lab5_template.c", line 23: warning #1181-D: #warning directive: "Possible unimplemented functions"
"../Lab5 Code Files/lab5_template.c", line 51: error #167: too few arguments in function call
"../Lab5 Code Files/lab5_template.c", line 58: warning #225-D: function "uart_receive" declared implicitly
"../Lab5 Code Files/lab5_template.c", line 58: error #156: expression must have struct or union type
"../Lab5 Code Files/lab5_template.c", line 59: error #20: identifier "thing" is undefined
"../Lab5 Code Files/lab5_template.c", line 59: warning #169-D: argument of type "int" is incompatible with parameter of type "const char *__restrict__"
"../Lab5 Code Files/lab5_template.c", line 60: warning #225-D: function "printToPutty" declared implicitly
"../Lab5 Code Files/lab5_template.c", line 64: error #20: identifier "thing" is undefined
"../Lab5 Code Files/lab5_template.c", line 65: warning #225-D: function "printToPutty" declared implicitly
"../Lab5 Code Files/lab5_template.c", line 54: warning #179-D: variable "temp" was declared but never referenced
"../Lab5 Code Files/lab5_template.c", line 72: warning #161-D: declaration is incompatible with previous "printToPutty" (declared at line 60)
4 errors detected in the compilation of "../Lab5 Code Files/lab5_template.c".
gmake: *** [Lab5 Code Files/lab5_template.obj] Error 1
Building file: "../Lab5 Code Files/button.c"
Invoking: Arm Compiler
"C:/ti/ccs1230/ccs/tools/compiler/ti-cgt-arm_20.2.7.LTS/bin/armcl" -mv7M4 --code_state=16 --float_support=FPv4SPD16 --include_path="C:/ti/TivaWare_C_Series-2.2.0.295" --include_path="U:/CprE288/Lab5/Lab5" --include_path="C:/ti/ccs1230/ccs/tools/compiler/ti-cgt-arm_20.2.7.LTS/include" --define=ccs="ccs" --define=PART_TM4C123GH6PM -g --gcc --diag_warning=225 --diag_wrap=off --display_error_number --abi=eabi --preproc_with_compile --preproc_dependency="Lab5 Code Files/button.d_raw" --obj_directory="Lab5 Code Files"  "../Lab5 Code Files/button.c"
Finished building: "../Lab5 Code Files/button.c"
 
gmake: Target 'all' not remade because of errors.

**** Build Finished ****

**** Build of configuration Debug for project Lab5 ****

"C:\\ti\\ccs1230\\ccs\\utils\\bin\\gmake" -k -j 20 all -O 
 
Building file: "../Lab5 Code Files/lab5_template.c"
Invoking: Arm Compiler
"C:/ti/ccs1230/ccs/tools/compiler/ti-cgt-arm_20.2.7.LTS/bin/armcl" -mv7M4 --code_state=16 --float_support=FPv4SPD16 --include_path="C:/ti/TivaWare_C_Series-2.2.0.295" --include_path="U:/CprE288/Lab5/Lab5" --include_path="C:/ti/ccs1230/ccs/tools/compiler/ti-cgt-arm_20.2.7.LTS/include" --define=ccs="ccs" --define=PART_TM4C123GH6PM -g --gcc --diag_warning=225 --diag_wrap=off --display_error_number --abi=eabi --preproc_with_compile --preproc_dependency="Lab5 Code Files/lab5_template.d_raw" --obj_directory="Lab5 Code Files"  "../Lab5 Code Files/lab5_template.c"
 
>> Compilation failure
Lab5 Code Files/subdir_rules.mk:23: recipe for target 'Lab5 Code Files/lab5_template.obj' failed
"../Lab5 Code Files/lab5_template.c", line 23: warning #1181-D: #warning directive: "Possible unimplemented functions"
"../Lab5 Code Files/lab5_template.c", line 51: error #167: too few arguments in function call
"../Lab5 Code Files/lab5_template.c", line 58: warning #225-D: function "uart_receive" declared implicitly
"../Lab5 Code Files/lab5_template.c", line 58: error #156: expression must have struct or union type
"../Lab5 Code Files/lab5_template.c", line 59: error #20: identifier "thing" is undefined
"../Lab5 Code Files/lab5_template.c", line 59: warning #169-D: argument of type "int" is incompatible with parameter of type "const char *__restrict__"
"../Lab5 Code Files/lab5_template.c", line 60: warning #225-D: function "printToPutty" declared implicitly
"../Lab5 Code Files/lab5_template.c", line 64: error #20: identifier "thing" is undefined
"../Lab5 Code Files/lab5_template.c", line 65: warning #225-D: function "printToPutty" declared implicitly
"../Lab5 Code Files/lab5_template.c", line 54: warning #179-D: variable "temp" was declared but never referenced
"../Lab5 Code Files/lab5_template.c", line 72: warning #161-D: declaration is incompatible with previous "printToPutty" (declared at line 60)
4 errors detected in the compilation of "../Lab5 Code Files/lab5_template.c".
gmake: *** [Lab5 Code Files/lab5_template.obj] Error 1
Building file: "../Lab5 Code Files/uart.c"
Invoking: Arm Compiler
"C:/ti/ccs1230/ccs/tools/compiler/ti-cgt-arm_20.2.7.LTS/bin/armcl" -mv7M4 --code_state=16 --float_support=FPv4SPD16 --include_path="C:/ti/TivaWare_C_Series-2.2.0.295" --include_path="U:/CprE288/Lab5/Lab5" --include_path="C:/ti/ccs1230/ccs/tools/compiler/ti-cgt-arm_20.2.7.LTS/include" --define=ccs="ccs" --define=PART_TM4C123GH6PM -g --gcc --diag_warning=225 --diag_wrap=off --display_error_number --abi=eabi --preproc_with_compile --preproc_dependency="Lab5 Code Files/uart.d_raw" --obj_directory="Lab5 Code Files"  "../Lab5 Code Files/uart.c"
"../Lab5 Code Files/uart.c", line 74: warning #994-D: missing return statement at end of non-void function "uart_receive"
Finished building: "../Lab5 Code Files/uart.c"
 
gmake: Target 'all' not remade because of errors.

**** Build Finished ****

**** Build of configuration Debug for project Lab5 ****

"C:\\ti\\ccs1230\\ccs\\utils\\bin\\gmake" -k -j 20 all -O 
 
Building file: "../Lab5 Code Files/lab5_template.c"
Invoking: Arm Compiler
"C:/ti/ccs1230/ccs/tools/compiler/ti-cgt-arm_20.2.7.LTS/bin/armcl" -mv7M4 --code_state=16 --float_support=FPv4SPD16 --include_path="C:/ti/TivaWare_C_Series-2.2.0.295" --include_path="U:/CprE288/Lab5/Lab5" --include_path="C:/ti/ccs1230/ccs/tools/compiler/ti-cgt-arm_20.2.7.LTS/include" --define=ccs="ccs" --define=PART_TM4C123GH6PM -g --gcc --diag_warning=225 --diag_wrap=off --display_error_number --abi=eabi --preproc_with_compile --preproc_dependency="Lab5 Code Files/lab5_template.d_raw" --obj_directory="Lab5 Code Files"  "../Lab5 Code Files/lab5_template.c"
 
>> Compilation failure
Lab5 Code Files/subdir_rules.mk:23: recipe for target 'Lab5 Code Files/lab5_template.obj' failed
"../Lab5 Code Files/lab5_template.c", line 23: warning #1181-D: #warning directive: "Possible unimplemented functions"
"../Lab5 Code Files/lab5_template.c", line 51: error #167: too few arguments in function call
"../Lab5 Code Files/lab5_template.c", line 58: warning #225-D: function "uart_receive" declared implicitly
"../Lab5 Code Files/lab5_template.c", line 58: error #156: expression must have struct or union type
"../Lab5 Code Files/lab5_template.c", line 59: error #20: identifier "thing" is undefined
"../Lab5 Code Files/lab5_template.c", line 59: warning #169-D: argument of type "int" is incompatible with parameter of type "const char *__restrict__"
"../Lab5 Code Files/lab5_template.c", line 60: warning #225-D: function "printToPutty" declared implicitly
"../Lab5 Code Files/lab5_template.c", line 64: error #20: identifier "thing" is undefined
"../Lab5 Code Files/lab5_template.c", line 65: warning #225-D: function "printToPutty" declared implicitly
"../Lab5 Code Files/lab5_template.c", line 54: warning #179-D: variable "temp" was declared but never referenced
"../Lab5 Code Files/lab5_template.c", line 72: warning #161-D: declaration is incompatible with previous "printToPutty" (declared at line 60)
4 errors detected in the compilation of "../Lab5 Code Files/lab5_template.c".
gmake: *** [Lab5 Code Files/lab5_template.obj] Error 1
Building file: "../Lab5 Code Files/uart.c"
Invoking: Arm Compiler
"C:/ti/ccs1230/ccs/tools/compiler/ti-cgt-arm_20.2.7.LTS/bin/armcl" -mv7M4 --code_state=16 --float_support=FPv4SPD16 --include_path="C:/ti/TivaWare_C_Series-2.2.0.295" --include_path="U:/CprE288/Lab5/Lab5" --include_path="C:/ti/ccs1230/ccs/tools/compiler/ti-cgt-arm_20.2.7.LTS/include" --define=ccs="ccs" --define=PART_TM4C123GH6PM -g --gcc --diag_warning=225 --diag_wrap=off --display_error_number --abi=eabi --preproc_with_compile --preproc_dependency="Lab5 Code Files/uart.d_raw" --obj_directory="Lab5 Code Files"  "../Lab5 Code Files/uart.c"
Finished building: "../Lab5 Code Files/uart.c"
 
gmake: Target 'all' not remade because of errors.

**** Build Finished ****

**** Build of configuration Debug for project Lab5 ****

"C:\\ti\\ccs1230\\ccs\\utils\\bin\\gmake" -k -j 20 all -O 
 
Building file: "../Lab5 Code Files/lab5_template.c"
Invoking: Arm Compiler
"C:/ti/ccs1230/ccs/tools/compiler/ti-cgt-arm_20.2.7.LTS/bin/armcl" -mv7M4 --code_state=16 --float_support=FPv4SPD16 --include_path="C:/ti/TivaWare_C_Series-2.2.0.295" --include_path="U:/CprE288/Lab5/Lab5" --include_path="C:/ti/ccs1230/ccs/tools/compiler/ti-cgt-arm_20.2.7.LTS/include" --define=ccs="ccs" --define=PART_TM4C123GH6PM -g --gcc --diag_warning=225 --diag_wrap=off --display_error_number --abi=eabi --preproc_with_compile --preproc_dependency="Lab5 Code Files/lab5_template.d_raw" --obj_directory="Lab5 Code Files"  "../Lab5 Code Files/lab5_template.c"
 
>> Compilation failure
Lab5 Code Files/subdir_rules.mk:23: recipe for target 'Lab5 Code Files/lab5_template.obj' failed
"../Lab5 Code Files/lab5_template.c", line 23: warning #1181-D: #warning directive: "Possible unimplemented functions"
"../Lab5 Code Files/lab5_template.c", line 58: warning #225-D: function "uart_receive" declared implicitly
"../Lab5 Code Files/lab5_template.c", line 58: error #156: expression must have struct or union type
"../Lab5 Code Files/lab5_template.c", line 59: error #20: identifier "thing" is undefined
"../Lab5 Code Files/lab5_template.c", line 59: warning #169-D: argument of type "int" is incompatible with parameter of type "const char *__restrict__"
"../Lab5 Code Files/lab5_template.c", line 60: warning #225-D: function "printToPutty" declared implicitly
"../Lab5 Code Files/lab5_template.c", line 64: error #20: identifier "thing" is undefined
"../Lab5 Code Files/lab5_template.c", line 65: warning #225-D: function "printToPutty" declared implicitly
"../Lab5 Code Files/lab5_template.c", line 54: warning #179-D: variable "temp" was declared but never referenced
"../Lab5 Code Files/lab5_template.c", line 72: warning #161-D: declaration is incompatible with previous "printToPutty" (declared at line 60)
3 errors detected in the compilation of "../Lab5 Code Files/lab5_template.c".
gmake: *** [Lab5 Code Files/lab5_template.obj] Error 1
gmake: Target 'all' not remade because of errors.

**** Build Finished ****

**** Build of configuration Debug for project Lab5 ****

"C:\\ti\\ccs1230\\ccs\\utils\\bin\\gmake" -k -j 20 all -O 
 
Building file: "../Lab5 Code Files/lab5_template.c"
Invoking: Arm Compiler
"C:/ti/ccs1230/ccs/tools/compiler/ti-cgt-arm_20.2.7.LTS/bin/armcl" -mv7M4 --code_state=16 --float_support=FPv4SPD16 --include_path="C:/ti/TivaWare_C_Series-2.2.0.295" --include_path="U:/CprE288/Lab5/Lab5" --include_path="C:/ti/ccs1230/ccs/tools/compiler/ti-cgt-arm_20.2.7.LTS/include" --define=ccs="ccs" --define=PART_TM4C123GH6PM -g --gcc --diag_warning=225 --diag_wrap=off --display_error_number --abi=eabi --preproc_with_compile --preproc_dependency="Lab5 Code Files/lab5_template.d_raw" --obj_directory="Lab5 Code Files"  "../Lab5 Code Files/lab5_template.c"
 
>> Compilation failure
Lab5 Code Files/subdir_rules.mk:23: recipe for target 'Lab5 Code Files/lab5_template.obj' failed
"../Lab5 Code Files/lab5_template.c", line 23: warning #1181-D: #warning directive: "Possible unimplemented functions"
"../Lab5 Code Files/lab5_template.c", line 58: warning #225-D: function "uart_receive" declared implicitly
"../Lab5 Code Files/lab5_template.c", line 59: error #20: identifier "thing" is undefined
"../Lab5 Code Files/lab5_template.c", line 59: warning #169-D: argument of type "int" is incompatible with parameter of type "const char *__restrict__"
"../Lab5 Code Files/lab5_template.c", line 60: warning #225-D: function "printToPutty" declared implicitly
"../Lab5 Code Files/lab5_template.c", line 64: error #20: identifier "thing" is undefined
"../Lab5 Code Files/lab5_template.c", line 65: warning #225-D: function "printToPutty" declared implicitly
"../Lab5 Code Files/lab5_template.c", line 54: warning #179-D: variable "temp" was declared but never referenced
"../Lab5 Code Files/lab5_template.c", line 72: warning #161-D: declaration is incompatible with previous "printToPutty" (declared at line 60)
2 errors detected in the compilation of "../Lab5 Code Files/lab5_template.c".
gmake: *** [Lab5 Code Files/lab5_template.obj] Error 1
gmake: Target 'all' not remade because of errors.

**** Build Finished ****

**** Build of configuration Debug for project Lab5 ****

"C:\\ti\\ccs1230\\ccs\\utils\\bin\\gmake" -k -j 20 all -O 
 
Building file: "../Lab5 Code Files/lab5_template.c"
Invoking: Arm Compiler
"C:/ti/ccs1230/ccs/tools/compiler/ti-cgt-arm_20.2.7.LTS/bin/armcl" -mv7M4 --code_state=16 --float_support=FPv4SPD16 --include_path="C:/ti/TivaWare_C_Series-2.2.0.295" --include_path="U:/CprE288/Lab5/Lab5" --include_path="C:/ti/ccs1230/ccs/tools/compiler/ti-cgt-arm_20.2.7.LTS/include" --define=ccs="ccs" --define=PART_TM4C123GH6PM -g --gcc --diag_warning=225 --diag_wrap=off --display_error_number --abi=eabi --preproc_with_compile --preproc_dependency="Lab5 Code Files/lab5_template.d_raw" --obj_directory="Lab5 Code Files"  "../Lab5 Code Files/lab5_template.c"
"../Lab5 Code Files/lab5_template.c", line 23: warning #1181-D: #warning directive: "Possible unimplemented functions"
"../Lab5 Code Files/lab5_template.c", line 58: warning #225-D: function "uart_receive" declared implicitly
"../Lab5 Code Files/lab5_template.c", line 59: warning #169-D: argument of type "char" is incompatible with parameter of type "char *__restrict__"
"../Lab5 Code Files/lab5_template.c", line 59: warning #169-D: argument of type "int" is incompatible with parameter of type "const char *__restrict__"
"../Lab5 Code Files/lab5_template.c", line 60: warning #225-D: function "printToPutty" declared implicitly
"../Lab5 Code Files/lab5_template.c", line 65: warning #225-D: function "printToPutty" declared implicitly
"../Lab5 Code Files/lab5_template.c", line 72: warning #161-D: declaration is incompatible with previous "printToPutty" (declared at line 60)
Finished building: "../Lab5 Code Files/lab5_template.c"
 
Building target: "Lab5.out"
Invoking: Arm Linker
"C:/ti/ccs1230/ccs/tools/compiler/ti-cgt-arm_20.2.7.LTS/bin/armcl" -mv7M4 --code_state=16 --float_support=FPv4SPD16 --define=ccs="ccs" --define=PART_TM4C123GH6PM -g --gcc --diag_warning=225 --diag_wrap=off --display_error_number --abi=eabi -z -m"Lab5.map" --heap_size=4096 --stack_size=4096 -i"C:/ti/ccs1230/ccs/tools/compiler/ti-cgt-arm_20.2.7.LTS/lib" -i"C:/ti/ccs1230/ccs/tools/compiler/ti-cgt-arm_20.2.7.LTS/include" --reread_libs --diag_wrap=off --display_error_number --warn_sections --xml_link_info="Lab5_linkInfo.xml" --rom_model -o "Lab5.out" "./tm4c123gh6pm_startup_ccs.obj" "./Lab5 Code Files/Timer.obj" "./Lab5 Code Files/button.obj" "./Lab5 Code Files/lab5_template.obj" "./Lab5 Code Files/lcd.obj" "./Lab5 Code Files/uart.obj" "../Lab5 Code Files/libcybotUART.lib"  -l"C:/ti/TivaWare_C_Series-2.2.0.295/driverlib/ccs/Debug/driverlib.lib" -llibc.a 
<Linking>
fatal error #16001: object files have incompatible byte orderings ("../Lab5 Code Files/libcybotUART.lib<uart.obj>" = little endian, "./tm4c123gh6pm_startup_ccs.obj" = big endian)
 
>> Compilation failure
makefile:143: recipe for target 'Lab5.out' failed
gmake[1]: *** [Lab5.out] Error 1
makefile:139: recipe for target 'all' failed
gmake: *** [all] Error 2

**** Build Finished ****

**** Build of configuration Debug for project Lab5 ****

"C:\\ti\\ccs1230\\ccs\\utils\\bin\\gmake" -k -j 20 all -O 
 
Building file: "../Lab5 Code Files/lab5_template.c"
Invoking: Arm Compiler
"C:/ti/ccs1230/ccs/tools/compiler/ti-cgt-arm_20.2.7.LTS/bin/armcl" -mv7M4 --code_state=16 --float_support=FPv4SPD16 --include_path="C:/ti/TivaWare_C_Series-2.2.0.295" --include_path="U:/CprE288/Lab5/Lab5" --include_path="C:/ti/ccs1230/ccs/tools/compiler/ti-cgt-arm_20.2.7.LTS/include" --define=ccs="ccs" --define=PART_TM4C123GH6PM -g --gcc --diag_warning=225 --diag_wrap=off --display_error_number --abi=eabi --preproc_with_compile --preproc_dependency="Lab5 Code Files/lab5_template.d_raw" --obj_directory="Lab5 Code Files"  "../Lab5 Code Files/lab5_template.c"
"../Lab5 Code Files/lab5_template.c", line 23: warning #1181-D: #warning directive: "Possible unimplemented functions"
"../Lab5 Code Files/lab5_template.c", line 58: warning #225-D: function "uart_receive" declared implicitly
"../Lab5 Code Files/lab5_template.c", line 60: warning #225-D: function "printToPutty" declared implicitly
"../Lab5 Code Files/lab5_template.c", line 65: warning #225-D: function "printToPutty" declared implicitly
"../Lab5 Code Files/lab5_template.c", line 72: warning #161-D: declaration is incompatible with previous "printToPutty" (declared at line 60)
Finished building: "../Lab5 Code Files/lab5_template.c"
 
Building target: "Lab5.out"
Invoking: Arm Linker
"C:/ti/ccs1230/ccs/tools/compiler/ti-cgt-arm_20.2.7.LTS/bin/armcl" -mv7M4 --code_state=16 --float_support=FPv4SPD16 --define=ccs="ccs" --define=PART_TM4C123GH6PM -g --gcc --diag_warning=225 --diag_wrap=off --display_error_number --abi=eabi -z -m"Lab5.map" --heap_size=4096 --stack_size=4096 -i"C:/ti/ccs1230/ccs/tools/compiler/ti-cgt-arm_20.2.7.LTS/lib" -i"C:/ti/ccs1230/ccs/tools/compiler/ti-cgt-arm_20.2.7.LTS/include" --reread_libs --diag_wrap=off --display_error_number --warn_sections --xml_link_info="Lab5_linkInfo.xml" --rom_model -o "Lab5.out" "./tm4c123gh6pm_startup_ccs.obj" "./Lab5 Code Files/Timer.obj" "./Lab5 Code Files/button.obj" "./Lab5 Code Files/lab5_template.obj" "./Lab5 Code Files/lcd.obj" "./Lab5 Code Files/uart.obj" "../Lab5 Code Files/libcybotUART.lib"  -l"C:/ti/TivaWare_C_Series-2.2.0.295/driverlib/ccs/Debug/driverlib.lib" -llibc.a 
<Linking>
fatal error #16001: object files have incompatible byte orderings ("../Lab5 Code Files/libcybotUART.lib<uart.obj>" = little endian, "./tm4c123gh6pm_startup_ccs.obj" = big endian)
 
>> Compilation failure
makefile:143: recipe for target 'Lab5.out' failed
gmake[1]: *** [Lab5.out] Error 1
makefile:139: recipe for target 'all' failed
gmake: *** [all] Error 2

**** Build Finished ****

**** Build of configuration Debug for project Lab5 ****

"C:\\ti\\ccs1230\\ccs\\utils\\bin\\gmake" -k -j 20 all -O 
 
Building file: "../Lab5 Code Files/lab5_template.c"
Invoking: Arm Compiler
"C:/ti/ccs1230/ccs/tools/compiler/ti-cgt-arm_20.2.7.LTS/bin/armcl" -mv7M4 --code_state=16 --float_support=FPv4SPD16 --include_path="C:/ti/TivaWare_C_Series-2.2.0.295" --include_path="U:/CprE288/Lab5/Lab5" --include_path="C:/ti/ccs1230/ccs/tools/compiler/ti-cgt-arm_20.2.7.LTS/include" --define=ccs="ccs" --define=PART_TM4C123GH6PM -g --gcc --diag_warning=225 --diag_wrap=off --display_error_number --abi=eabi --preproc_with_compile --preproc_dependency="Lab5 Code Files/lab5_template.d_raw" --obj_directory="Lab5 Code Files"  "../Lab5 Code Files/lab5_template.c"
"../Lab5 Code Files/lab5_template.c", line 23: warning #1181-D: #warning directive: "Possible unimplemented functions"
"../Lab5 Code Files/lab5_template.c", line 58: warning #225-D: function "uart_receive" declared implicitly
Finished building: "../Lab5 Code Files/lab5_template.c"
 
Building target: "Lab5.out"
Invoking: Arm Linker
"C:/ti/ccs1230/ccs/tools/compiler/ti-cgt-arm_20.2.7.LTS/bin/armcl" -mv7M4 --code_state=16 --float_support=FPv4SPD16 --define=ccs="ccs" --define=PART_TM4C123GH6PM -g --gcc --diag_warning=225 --diag_wrap=off --display_error_number --abi=eabi -z -m"Lab5.map" --heap_size=4096 --stack_size=4096 -i"C:/ti/ccs1230/ccs/tools/compiler/ti-cgt-arm_20.2.7.LTS/lib" -i"C:/ti/ccs1230/ccs/tools/compiler/ti-cgt-arm_20.2.7.LTS/include" --reread_libs --diag_wrap=off --display_error_number --warn_sections --xml_link_info="Lab5_linkInfo.xml" --rom_model -o "Lab5.out" "./tm4c123gh6pm_startup_ccs.obj" "./Lab5 Code Files/Timer.obj" "./Lab5 Code Files/button.obj" "./Lab5 Code Files/lab5_template.obj" "./Lab5 Code Files/lcd.obj" "./Lab5 Code Files/uart.obj" "../Lab5 Code Files/libcybotUART.lib"  -l"C:/ti/TivaWare_C_Series-2.2.0.295/driverlib/ccs/Debug/driverlib.lib" -llibc.a 
<Linking>
fatal error #16001: object files have incompatible byte orderings ("../Lab5 Code Files/libcybotUART.lib<uart.obj>" = little endian, "./tm4c123gh6pm_startup_ccs.obj" = big endian)
 
>> Compilation failure
makefile:143: recipe for target 'Lab5.out' failed
gmake[1]: *** [Lab5.out] Error 1
makefile:139: recipe for target 'all' failed
gmake: *** [all] Error 2

**** Build Finished ****

**** Build of configuration Debug for project Lab5 ****

"C:\\ti\\ccs1230\\ccs\\utils\\bin\\gmake" -k -j 20 all -O 
 
Building file: "../Lab5 Code Files/lab5_template.c"
Invoking: Arm Compiler
"C:/ti/ccs1230/ccs/tools/compiler/ti-cgt-arm_20.2.7.LTS/bin/armcl" -mv7M4 --code_state=16 --float_support=FPv4SPD16 --include_path="C:/ti/TivaWare_C_Series-2.2.0.295" --include_path="U:/CprE288/Lab5/Lab5" --include_path="C:/ti/ccs1230/ccs/tools/compiler/ti-cgt-arm_20.2.7.LTS/include" --define=ccs="ccs" --define=PART_TM4C123GH6PM -g --gcc --diag_warning=225 --diag_wrap=off --display_error_number --abi=eabi --preproc_with_compile --preproc_dependency="Lab5 Code Files/lab5_template.d_raw" --obj_directory="Lab5 Code Files"  "../Lab5 Code Files/lab5_template.c"
"../Lab5 Code Files/lab5_template.c", line 23: warning #1181-D: #warning directive: "Possible unimplemented functions"
Finished building: "../Lab5 Code Files/lab5_template.c"
 
Building target: "Lab5.out"
Invoking: Arm Linker
"C:/ti/ccs1230/ccs/tools/compiler/ti-cgt-arm_20.2.7.LTS/bin/armcl" -mv7M4 --code_state=16 --float_support=FPv4SPD16 --define=ccs="ccs" --define=PART_TM4C123GH6PM -g --gcc --diag_warning=225 --diag_wrap=off --display_error_number --abi=eabi -z -m"Lab5.map" --heap_size=4096 --stack_size=4096 -i"C:/ti/ccs1230/ccs/tools/compiler/ti-cgt-arm_20.2.7.LTS/lib" -i"C:/ti/ccs1230/ccs/tools/compiler/ti-cgt-arm_20.2.7.LTS/include" --reread_libs --diag_wrap=off --display_error_number --warn_sections --xml_link_info="Lab5_linkInfo.xml" --rom_model -o "Lab5.out" "./tm4c123gh6pm_startup_ccs.obj" "./Lab5 Code Files/Timer.obj" "./Lab5 Code Files/button.obj" "./Lab5 Code Files/lab5_template.obj" "./Lab5 Code Files/lcd.obj" "./Lab5 Code Files/uart.obj" "../Lab5 Code Files/libcybotUART.lib"  -l"C:/ti/TivaWare_C_Series-2.2.0.295/driverlib/ccs/Debug/driverlib.lib" -llibc.a 
<Linking>
fatal error #16001: object files have incompatible byte orderings ("../Lab5 Code Files/libcybotUART.lib<uart.obj>" = little endian, "./tm4c123gh6pm_startup_ccs.obj" = big endian)
 
>> Compilation failure
makefile:143: recipe for target 'Lab5.out' failed
gmake[1]: *** [Lab5.out] Error 1
makefile:139: recipe for target 'all' failed
gmake: *** [all] Error 2

**** Build Finished ****

**** Build of configuration Debug for project Lab5 ****

"C:\\ti\\ccs1230\\ccs\\utils\\bin\\gmake" -k -j 20 all -O 
 
Building file: "../Lab5 Code Files/lab5_template.c"
Invoking: Arm Compiler
"C:/ti/ccs1230/ccs/tools/compiler/ti-cgt-arm_20.2.7.LTS/bin/armcl" -mv7M4 --code_state=16 --float_support=FPv4SPD16 --include_path="C:/ti/TivaWare_C_Series-2.2.0.295" --include_path="U:/CprE288/Lab5/Lab5" --include_path="C:/ti/ccs1230/ccs/tools/compiler/ti-cgt-arm_20.2.7.LTS/include" --define=ccs="ccs" --define=PART_TM4C123GH6PM -g --gcc --diag_warning=225 --diag_wrap=off --display_error_number --abi=eabi --preproc_with_compile --preproc_dependency="Lab5 Code Files/lab5_template.d_raw" --obj_directory="Lab5 Code Files"  "../Lab5 Code Files/lab5_template.c"
Finished building: "../Lab5 Code Files/lab5_template.c"
 
Building target: "Lab5.out"
Invoking: Arm Linker
"C:/ti/ccs1230/ccs/tools/compiler/ti-cgt-arm_20.2.7.LTS/bin/armcl" -mv7M4 --code_state=16 --float_support=FPv4SPD16 --define=ccs="ccs" --define=PART_TM4C123GH6PM -g --gcc --diag_warning=225 --diag_wrap=off --display_error_number --abi=eabi -z -m"Lab5.map" --heap_size=4096 --stack_size=4096 -i"C:/ti/ccs1230/ccs/tools/compiler/ti-cgt-arm_20.2.7.LTS/lib" -i"C:/ti/ccs1230/ccs/tools/compiler/ti-cgt-arm_20.2.7.LTS/include" --reread_libs --diag_wrap=off --display_error_number --warn_sections --xml_link_info="Lab5_linkInfo.xml" --rom_model -o "Lab5.out" "./tm4c123gh6pm_startup_ccs.obj" "./Lab5 Code Files/Timer.obj" "./Lab5 Code Files/button.obj" "./Lab5 Code Files/lab5_template.obj" "./Lab5 Code Files/lcd.obj" "./Lab5 Code Files/uart.obj" "../Lab5 Code Files/libcybotUART.lib"  -l"C:/ti/TivaWare_C_Series-2.2.0.295/driverlib/ccs/Debug/driverlib.lib" -llibc.a 
<Linking>
fatal error #16001: object files have incompatible byte orderings ("../Lab5 Code Files/libcybotUART.lib<uart.obj>" = little endian, "./tm4c123gh6pm_startup_ccs.obj" = big endian)
 
>> Compilation failure
makefile:143: recipe for target 'Lab5.out' failed
gmake[1]: *** [Lab5.out] Error 1
gmake: *** [all] Error 2
makefile:139: recipe for target 'all' failed

**** Build Finished ****

**** Build of configuration Debug for project Lab5 ****

"C:\\ti\\ccs1230\\ccs\\utils\\bin\\gmake" -k -j 20 all -O 
 
Building file: "../tm4c123gh6pm_startup_ccs.c"
Invoking: Arm Compiler
"C:/ti/ccs1230/ccs/tools/compiler/ti-cgt-arm_20.2.7.LTS/bin/armcl" -mv7M4 --code_state=16 --float_support=FPv4SPD16 -me --include_path="C:/ti/TivaWare_C_Series-2.2.0.295" --include_path="U:/CprE288/Lab5/Lab5" --include_path="C:/ti/ccs1230/ccs/tools/compiler/ti-cgt-arm_20.2.7.LTS/include" --define=ccs="ccs" --define=PART_TM4C123GH6PM -g --gcc --diag_warning=225 --diag_wrap=off --display_error_number --abi=eabi --preproc_with_compile --preproc_dependency="tm4c123gh6pm_startup_ccs.d_raw"  "../tm4c123gh6pm_startup_ccs.c"
Finished building: "../tm4c123gh6pm_startup_ccs.c"
 
Building file: "../Lab5 Code Files/button.c"
Invoking: Arm Compiler
"C:/ti/ccs1230/ccs/tools/compiler/ti-cgt-arm_20.2.7.LTS/bin/armcl" -mv7M4 --code_state=16 --float_support=FPv4SPD16 -me --include_path="C:/ti/TivaWare_C_Series-2.2.0.295" --include_path="U:/CprE288/Lab5/Lab5" --include_path="C:/ti/ccs1230/ccs/tools/compiler/ti-cgt-arm_20.2.7.LTS/include" --define=ccs="ccs" --define=PART_TM4C123GH6PM -g --gcc --diag_warning=225 --diag_wrap=off --display_error_number --abi=eabi --preproc_with_compile --preproc_dependency="Lab5 Code Files/button.d_raw" --obj_directory="Lab5 Code Files"  "../Lab5 Code Files/button.c"
Finished building: "../Lab5 Code Files/button.c"
 
Building file: "../Lab5 Code Files/Timer.c"
Invoking: Arm Compiler
"C:/ti/ccs1230/ccs/tools/compiler/ti-cgt-arm_20.2.7.LTS/bin/armcl" -mv7M4 --code_state=16 --float_support=FPv4SPD16 -me --include_path="C:/ti/TivaWare_C_Series-2.2.0.295" --include_path="U:/CprE288/Lab5/Lab5" --include_path="C:/ti/ccs1230/ccs/tools/compiler/ti-cgt-arm_20.2.7.LTS/include" --define=ccs="ccs" --define=PART_TM4C123GH6PM -g --gcc --diag_warning=225 --diag_wrap=off --display_error_number --abi=eabi --preproc_with_compile --preproc_dependency="Lab5 Code Files/Timer.d_raw" --obj_directory="Lab5 Code Files"  "../Lab5 Code Files/Timer.c"
Finished building: "../Lab5 Code Files/Timer.c"
 
Building file: "../Lab5 Code Files/lab5_template.c"
Invoking: Arm Compiler
"C:/ti/ccs1230/ccs/tools/compiler/ti-cgt-arm_20.2.7.LTS/bin/armcl" -mv7M4 --code_state=16 --float_support=FPv4SPD16 -me --include_path="C:/ti/TivaWare_C_Series-2.2.0.295" --include_path="U:/CprE288/Lab5/Lab5" --include_path="C:/ti/ccs1230/ccs/tools/compiler/ti-cgt-arm_20.2.7.LTS/include" --define=ccs="ccs" --define=PART_TM4C123GH6PM -g --gcc --diag_warning=225 --diag_wrap=off --display_error_number --abi=eabi --preproc_with_compile --preproc_dependency="Lab5 Code Files/lab5_template.d_raw" --obj_directory="Lab5 Code Files"  "../Lab5 Code Files/lab5_template.c"
Finished building: "../Lab5 Code Files/lab5_template.c"
 
Building file: "../Lab5 Code Files/lcd.c"
Invoking: Arm Compiler
"C:/ti/ccs1230/ccs/tools/compiler/ti-cgt-arm_20.2.7.LTS/bin/armcl" -mv7M4 --code_state=16 --float_support=FPv4SPD16 -me --include_path="C:/ti/TivaWare_C_Series-2.2.0.295" --include_path="U:/CprE288/Lab5/Lab5" --include_path="C:/ti/ccs1230/ccs/tools/compiler/ti-cgt-arm_20.2.7.LTS/include" --define=ccs="ccs" --define=PART_TM4C123GH6PM -g --gcc --diag_warning=225 --diag_wrap=off --display_error_number --abi=eabi --preproc_with_compile --preproc_dependency="Lab5 Code Files/lcd.d_raw" --obj_directory="Lab5 Code Files"  "../Lab5 Code Files/lcd.c"
Finished building: "../Lab5 Code Files/lcd.c"
 
Building file: "../Lab5 Code Files/uart.c"
Invoking: Arm Compiler
"C:/ti/ccs1230/ccs/tools/compiler/ti-cgt-arm_20.2.7.LTS/bin/armcl" -mv7M4 --code_state=16 --float_support=FPv4SPD16 -me --include_path="C:/ti/TivaWare_C_Series-2.2.0.295" --include_path="U:/CprE288/Lab5/Lab5" --include_path="C:/ti/ccs1230/ccs/tools/compiler/ti-cgt-arm_20.2.7.LTS/include" --define=ccs="ccs" --define=PART_TM4C123GH6PM -g --gcc --diag_warning=225 --diag_wrap=off --display_error_number --abi=eabi --preproc_with_compile --preproc_dependency="Lab5 Code Files/uart.d_raw" --obj_directory="Lab5 Code Files"  "../Lab5 Code Files/uart.c"
Finished building: "../Lab5 Code Files/uart.c"
 
Building target: "Lab5.out"
Invoking: Arm Linker
"C:/ti/ccs1230/ccs/tools/compiler/ti-cgt-arm_20.2.7.LTS/bin/armcl" -mv7M4 --code_state=16 --float_support=FPv4SPD16 -me --define=ccs="ccs" --define=PART_TM4C123GH6PM -g --gcc --diag_warning=225 --diag_wrap=off --display_error_number --abi=eabi -z -m"Lab5.map" --heap_size=4096 --stack_size=4096 -i"C:/ti/ccs1230/ccs/tools/compiler/ti-cgt-arm_20.2.7.LTS/lib" -i"C:/ti/ccs1230/ccs/tools/compiler/ti-cgt-arm_20.2.7.LTS/include" --reread_libs --diag_wrap=off --display_error_number --warn_sections --xml_link_info="Lab5_linkInfo.xml" --rom_model -o "Lab5.out" "./tm4c123gh6pm_startup_ccs.obj" "./Lab5 Code Files/Timer.obj" "./Lab5 Code Files/button.obj" "./Lab5 Code Files/lab5_template.obj" "./Lab5 Code Files/lcd.obj" "./Lab5 Code Files/uart.obj" "../Lab5 Code Files/libcybotUART.lib"  -l"C:/ti/TivaWare_C_Series-2.2.0.295/driverlib/ccs/Debug/driverlib.lib" -llibc.a 
<Linking>
warning #10247-D: creating output section ".text" without a SECTIONS specification
warning #10247-D: creating output section ".const" without a SECTIONS specification
warning #10247-D: creating output section ".data" without a SECTIONS specification
warning #10247-D: creating output section ".bss" without a SECTIONS specification
warning #10247-D: creating output section ".cinit" without a SECTIONS specification
warning #10247-D: creating output section ".vtable" without a SECTIONS specification
warning #10247-D: creating output section ".stack" without a SECTIONS specification
 
 undefined       first referenced                   
  symbol             in file                        
 ---------       ----------------                   
 cyBOT_init_Scan ./Lab5 Code Files/lab5_template.obj
 
error #10234-D: unresolved symbols remain
error #10010: errors encountered during linking; "Lab5.out" not built
 
>> Compilation failure
makefile:143: recipe for target 'Lab5.out' failed
gmake[1]: *** [Lab5.out] Error 1
gmake: *** [all] Error 2
makefile:139: recipe for target 'all' failed

**** Build Finished ****

**** Build of configuration Debug for project Lab5 ****

"C:\\ti\\ccs1230\\ccs\\utils\\bin\\gmake" -k -j 20 all -O 
 
Building file: "../Lab5 Code Files/lab5_template.c"
Invoking: Arm Compiler
"C:/ti/ccs1230/ccs/tools/compiler/ti-cgt-arm_20.2.7.LTS/bin/armcl" -mv7M4 --code_state=16 --float_support=FPv4SPD16 -me --include_path="C:/ti/TivaWare_C_Series-2.2.0.295" --include_path="U:/CprE288/Lab5/Lab5" --include_path="C:/ti/ccs1230/ccs/tools/compiler/ti-cgt-arm_20.2.7.LTS/include" --define=ccs="ccs" --define=PART_TM4C123GH6PM -g --gcc --diag_warning=225 --diag_wrap=off --display_error_number --abi=eabi --preproc_with_compile --preproc_dependency="Lab5 Code Files/lab5_template.d_raw" --obj_directory="Lab5 Code Files"  "../Lab5 Code Files/lab5_template.c"
Finished building: "../Lab5 Code Files/lab5_template.c"
 
Building target: "Lab5.out"
Invoking: Arm Linker
"C:/ti/ccs1230/ccs/tools/compiler/ti-cgt-arm_20.2.7.LTS/bin/armcl" -mv7M4 --code_state=16 --float_support=FPv4SPD16 -me --define=ccs="ccs" --define=PART_TM4C123GH6PM -g --gcc --diag_warning=225 --diag_wrap=off --display_error_number --abi=eabi -z -m"Lab5.map" --heap_size=4096 --stack_size=4096 -i"C:/ti/ccs1230/ccs/tools/compiler/ti-cgt-arm_20.2.7.LTS/lib" -i"C:/ti/ccs1230/ccs/tools/compiler/ti-cgt-arm_20.2.7.LTS/include" --reread_libs --diag_wrap=off --display_error_number --warn_sections --xml_link_info="Lab5_linkInfo.xml" --rom_model -o "Lab5.out" "./tm4c123gh6pm_startup_ccs.obj" "./Lab5 Code Files/Timer.obj" "./Lab5 Code Files/button.obj" "./Lab5 Code Files/lab5_template.obj" "./Lab5 Code Files/lcd.obj" "./Lab5 Code Files/uart.obj" "../Lab5 Code Files/libcybotUART.lib"  -l"C:/ti/TivaWare_C_Series-2.2.0.295/driverlib/ccs/Debug/driverlib.lib" -llibc.a 
<Linking>
warning #10247-D: creating output section ".text" without a SECTIONS specification
warning #10247-D: creating output section ".const" without a SECTIONS specification
warning #10247-D: creating output section ".data" without a SECTIONS specification
warning #10247-D: creating output section ".bss" without a SECTIONS specification
warning #10247-D: creating output section ".cinit" without a SECTIONS specification
warning #10247-D: creating output section ".vtable" without a SECTIONS specification
warning #10247-D: creating output section ".stack" without a SECTIONS specification
Finished building target: "Lab5.out"
 

**** Build Finished ****

**** Build of configuration Debug for project Lab5 ****

"C:\\ti\\ccs1230\\ccs\\utils\\bin\\gmake" -k -j 20 all -O 
 
Building file: "../tm4c123gh6pm_startup_ccs.c"
Invoking: Arm Compiler
"C:/ti/ccs1230/ccs/tools/compiler/ti-cgt-arm_20.2.7.LTS/bin/armcl" -mv7M4 --code_state=16 --float_support=FPv4SPD16 -me --include_path="C:/ti/TivaWare_C_Series-2.2.0.295" --include_path="U:/CprE288/Lab5/Lab5" --include_path="C:/ti/ccs1230/ccs/tools/compiler/ti-cgt-arm_20.2.7.LTS/include" --define=ccs="ccs" --define=PART_TM4C123GH6PM -g --gcc --diag_warning=225 --diag_wrap=off --display_error_number --abi=eabi --preproc_with_compile --preproc_dependency="tm4c123gh6pm_startup_ccs.d_raw"  "../tm4c123gh6pm_startup_ccs.c"
Finished building: "../tm4c123gh6pm_startup_ccs.c"
 
Building file: "../Lab5 Code Files/button.c"
Invoking: Arm Compiler
"C:/ti/ccs1230/ccs/tools/compiler/ti-cgt-arm_20.2.7.LTS/bin/armcl" -mv7M4 --code_state=16 --float_support=FPv4SPD16 -me --include_path="C:/ti/TivaWare_C_Series-2.2.0.295" --include_path="U:/CprE288/Lab5/Lab5" --include_path="C:/ti/ccs1230/ccs/tools/compiler/ti-cgt-arm_20.2.7.LTS/include" --define=ccs="ccs" --define=PART_TM4C123GH6PM -g --gcc --diag_warning=225 --diag_wrap=off --display_error_number --abi=eabi --preproc_with_compile --preproc_dependency="Lab5 Code Files/button.d_raw" --obj_directory="Lab5 Code Files"  "../Lab5 Code Files/button.c"
Finished building: "../Lab5 Code Files/button.c"
 
Building file: "../Lab5 Code Files/Timer.c"
Invoking: Arm Compiler
"C:/ti/ccs1230/ccs/tools/compiler/ti-cgt-arm_20.2.7.LTS/bin/armcl" -mv7M4 --code_state=16 --float_support=FPv4SPD16 -me --include_path="C:/ti/TivaWare_C_Series-2.2.0.295" --include_path="U:/CprE288/Lab5/Lab5" --include_path="C:/ti/ccs1230/ccs/tools/compiler/ti-cgt-arm_20.2.7.LTS/include" --define=ccs="ccs" --define=PART_TM4C123GH6PM -g --gcc --diag_warning=225 --diag_wrap=off --display_error_number --abi=eabi --preproc_with_compile --preproc_dependency="Lab5 Code Files/Timer.d_raw" --obj_directory="Lab5 Code Files"  "../Lab5 Code Files/Timer.c"
Finished building: "../Lab5 Code Files/Timer.c"
 
Building file: "../Lab5 Code Files/lab5_template.c"
Invoking: Arm Compiler
"C:/ti/ccs1230/ccs/tools/compiler/ti-cgt-arm_20.2.7.LTS/bin/armcl" -mv7M4 --code_state=16 --float_support=FPv4SPD16 -me --include_path="C:/ti/TivaWare_C_Series-2.2.0.295" --include_path="U:/CprE288/Lab5/Lab5" --include_path="C:/ti/ccs1230/ccs/tools/compiler/ti-cgt-arm_20.2.7.LTS/include" --define=ccs="ccs" --define=PART_TM4C123GH6PM -g --gcc --diag_warning=225 --diag_wrap=off --display_error_number --abi=eabi --preproc_with_compile --preproc_dependency="Lab5 Code Files/lab5_template.d_raw" --obj_directory="Lab5 Code Files"  "../Lab5 Code Files/lab5_template.c"
Finished building: "../Lab5 Code Files/lab5_template.c"
 
Building file: "../Lab5 Code Files/lcd.c"
Invoking: Arm Compiler
"C:/ti/ccs1230/ccs/tools/compiler/ti-cgt-arm_20.2.7.LTS/bin/armcl" -mv7M4 --code_state=16 --float_support=FPv4SPD16 -me --include_path="C:/ti/TivaWare_C_Series-2.2.0.295" --include_path="U:/CprE288/Lab5/Lab5" --include_path="C:/ti/ccs1230/ccs/tools/compiler/ti-cgt-arm_20.2.7.LTS/include" --define=ccs="ccs" --define=PART_TM4C123GH6PM -g --gcc --diag_warning=225 --diag_wrap=off --display_error_number --abi=eabi --preproc_with_compile --preproc_dependency="Lab5 Code Files/lcd.d_raw" --obj_directory="Lab5 Code Files"  "../Lab5 Code Files/lcd.c"
Finished building: "../Lab5 Code Files/lcd.c"
 
Building file: "../Lab5 Code Files/uart.c"
Invoking: Arm Compiler
"C:/ti/ccs1230/ccs/tools/compiler/ti-cgt-arm_20.2.7.LTS/bin/armcl" -mv7M4 --code_state=16 --float_support=FPv4SPD16 -me --include_path="C:/ti/TivaWare_C_Series-2.2.0.295" --include_path="U:/CprE288/Lab5/Lab5" --include_path="C:/ti/ccs1230/ccs/tools/compiler/ti-cgt-arm_20.2.7.LTS/include" --define=ccs="ccs" --define=PART_TM4C123GH6PM -g --gcc --diag_warning=225 --diag_wrap=off --display_error_number --abi=eabi --preproc_with_compile --preproc_dependency="Lab5 Code Files/uart.d_raw" --obj_directory="Lab5 Code Files"  "../Lab5 Code Files/uart.c"
Finished building: "../Lab5 Code Files/uart.c"
 
Building target: "Lab5.out"
Invoking: Arm Linker
"C:/ti/ccs1230/ccs/tools/compiler/ti-cgt-arm_20.2.7.LTS/bin/armcl" -mv7M4 --code_state=16 --float_support=FPv4SPD16 -me --define=ccs="ccs" --define=PART_TM4C123GH6PM -g --gcc --diag_warning=225 --diag_wrap=off --display_error_number --abi=eabi -z -m"Lab5.map" --heap_size=4096 --stack_size=4096 -i"C:/ti/ccs1230/ccs/tools/compiler/ti-cgt-arm_20.2.7.LTS/lib" -i"C:/ti/ccs1230/ccs/tools/compiler/ti-cgt-arm_20.2.7.LTS/include" --reread_libs --diag_wrap=off --display_error_number --warn_sections --xml_link_info="Lab5_linkInfo.xml" --rom_model -o "Lab5.out" "./tm4c123gh6pm_startup_ccs.obj" "./Lab5 Code Files/Timer.obj" "./Lab5 Code Files/button.obj" "./Lab5 Code Files/lab5_template.obj" "./Lab5 Code Files/lcd.obj" "./Lab5 Code Files/uart.obj" "../tm4c123gh6pm.cmd" "../Lab5 Code Files/libcybotUART.lib"  -l"C:/ti/TivaWare_C_Series-2.2.0.295/driverlib/ccs/Debug/driverlib.lib" -llibc.a 
<Linking>
Finished building target: "Lab5.out"
 

**** Build Finished ****

**** Build of configuration Debug for project Lab5 ****

"C:\\ti\\ccs1230\\ccs\\utils\\bin\\gmake" -k -j 20 all -O 
 
Building file: "../Lab5 Code Files/lab5_template.c"
Invoking: Arm Compiler
"C:/ti/ccs1230/ccs/tools/compiler/ti-cgt-arm_20.2.7.LTS/bin/armcl" -mv7M4 --code_state=16 --float_support=FPv4SPD16 -me --include_path="C:/ti/TivaWare_C_Series-2.2.0.295" --include_path="U:/CprE288/Lab5/Lab5" --include_path="C:/ti/ccs1230/ccs/tools/compiler/ti-cgt-arm_20.2.7.LTS/include" --define=ccs="ccs" --define=PART_TM4C123GH6PM -g --gcc --diag_warning=225 --diag_wrap=off --display_error_number --abi=eabi --preproc_with_compile --preproc_dependency="Lab5 Code Files/lab5_template.d_raw" --obj_directory="Lab5 Code Files"  "../Lab5 Code Files/lab5_template.c"
Finished building: "../Lab5 Code Files/lab5_template.c"
 
Building target: "Lab5.out"
Invoking: Arm Linker
"C:/ti/ccs1230/ccs/tools/compiler/ti-cgt-arm_20.2.7.LTS/bin/armcl" -mv7M4 --code_state=16 --float_support=FPv4SPD16 -me --define=ccs="ccs" --define=PART_TM4C123GH6PM -g --gcc --diag_warning=225 --diag_wrap=off --display_error_number --abi=eabi -z -m"Lab5.map" --heap_size=4096 --stack_size=4096 -i"C:/ti/ccs1230/ccs/tools/compiler/ti-cgt-arm_20.2.7.LTS/lib" -i"C:/ti/ccs1230/ccs/tools/compiler/ti-cgt-arm_20.2.7.LTS/include" --reread_libs --diag_wrap=off --display_error_number --warn_sections --xml_link_info="Lab5_linkInfo.xml" --rom_model -o "Lab5.out" "./tm4c123gh6pm_startup_ccs.obj" "./Lab5 Code Files/Timer.obj" "./Lab5 Code Files/button.obj" "./Lab5 Code Files/lab5_template.obj" "./Lab5 Code Files/lcd.obj" "./Lab5 Code Files/uart.obj" "../tm4c123gh6pm.cmd" "../Lab5 Code Files/libcybotUART.lib"  -l"C:/ti/TivaWare_C_Series-2.2.0.295/driverlib/ccs/Debug/driverlib.lib" -llibc.a 
<Linking>
Finished building target: "Lab5.out"
 

**** Build Finished ****

**** Build of configuration Debug for project Lab5 ****

"C:\\ti\\ccs1230\\ccs\\utils\\bin\\gmake" -k -j 20 all -O 
 
Building file: "../Lab5 Code Files/lab5_template.c"
Invoking: Arm Compiler
"C:/ti/ccs1230/ccs/tools/compiler/ti-cgt-arm_20.2.7.LTS/bin/armcl" -mv7M4 --code_state=16 --float_support=FPv4SPD16 -me --include_path="C:/ti/TivaWare_C_Series-2.2.0.295" --include_path="U:/CprE288/Lab5/Lab5" --include_path="C:/ti/ccs1230/ccs/tools/compiler/ti-cgt-arm_20.2.7.LTS/include" --define=ccs="ccs" --define=PART_TM4C123GH6PM -g --gcc --diag_warning=225 --diag_wrap=off --display_error_number --abi=eabi --preproc_with_compile --preproc_dependency="Lab5 Code Files/lab5_template.d_raw" --obj_directory="Lab5 Code Files"  "../Lab5 Code Files/lab5_template.c"
 
>> Compilation failure
Lab5 Code Files/subdir_rules.mk:23: recipe for target 'Lab5 Code Files/lab5_template.obj' failed
"../Lab5 Code Files/lab5_template.c", line 63: warning #112-D: statement is unreachable
"../Lab5 Code Files/lab5_template.c", line 70: error #171: expected a declaration
At end of source: warning #12-D: parsing restarts here after previous syntax error
1 error detected in the compilation of "../Lab5 Code Files/lab5_template.c".
gmake: *** [Lab5 Code Files/lab5_template.obj] Error 1
gmake: Target 'all' not remade because of errors.

**** Build Finished ****

**** Build of configuration Debug for project Lab5 ****

"C:\\ti\\ccs1230\\ccs\\utils\\bin\\gmake" -k -j 20 all -O 
 
Building file: "../Lab5 Code Files/lab5_template.c"
Invoking: Arm Compiler
"C:/ti/ccs1230/ccs/tools/compiler/ti-cgt-arm_20.2.7.LTS/bin/armcl" -mv7M4 --code_state=16 --float_support=FPv4SPD16 -me --include_path="C:/ti/TivaWare_C_Series-2.2.0.295" --include_path="U:/CprE288/Lab5/Lab5" --include_path="C:/ti/ccs1230/ccs/tools/compiler/ti-cgt-arm_20.2.7.LTS/include" --define=ccs="ccs" --define=PART_TM4C123GH6PM -g --gcc --diag_warning=225 --diag_wrap=off --display_error_number --abi=eabi --preproc_with_compile --preproc_dependency="Lab5 Code Files/lab5_template.d_raw" --obj_directory="Lab5 Code Files"  "../Lab5 Code Files/lab5_template.c"
 
>> Compilation failure
Lab5 Code Files/subdir_rules.mk:23: recipe for target 'Lab5 Code Files/lab5_template.obj' failed
"../Lab5 Code Files/lab5_template.c", line 71: error #66: expected a ";"
At end of source: warning #12-D: parsing restarts here after previous syntax error
At end of source: error #68: expected a "}"
2 errors detected in the compilation of "../Lab5 Code Files/lab5_template.c".
gmake: *** [Lab5 Code Files/lab5_template.obj] Error 1
gmake: Target 'all' not remade because of errors.

**** Build Finished ****

**** Build of configuration Debug for project Lab5 ****

"C:\\ti\\ccs1230\\ccs\\utils\\bin\\gmake" -k -j 20 all -O 
 
Building file: "../Lab5 Code Files/lab5_template.c"
Invoking: Arm Compiler
"C:/ti/ccs1230/ccs/tools/compiler/ti-cgt-arm_20.2.7.LTS/bin/armcl" -mv7M4 --code_state=16 --float_support=FPv4SPD16 -me --include_path="C:/ti/TivaWare_C_Series-2.2.0.295" --include_path="U:/CprE288/Lab5/Lab5" --include_path="C:/ti/ccs1230/ccs/tools/compiler/ti-cgt-arm_20.2.7.LTS/include" --define=ccs="ccs" --define=PART_TM4C123GH6PM -g --gcc --diag_warning=225 --diag_wrap=off --display_error_number --abi=eabi --preproc_with_compile --preproc_dependency="Lab5 Code Files/lab5_template.d_raw" --obj_directory="Lab5 Code Files"  "../Lab5 Code Files/lab5_template.c"
Finished building: "../Lab5 Code Files/lab5_template.c"
 
Building target: "Lab5.out"
Invoking: Arm Linker
"C:/ti/ccs1230/ccs/tools/compiler/ti-cgt-arm_20.2.7.LTS/bin/armcl" -mv7M4 --code_state=16 --float_support=FPv4SPD16 -me --define=ccs="ccs" --define=PART_TM4C123GH6PM -g --gcc --diag_warning=225 --diag_wrap=off --display_error_number --abi=eabi -z -m"Lab5.map" --heap_size=4096 --stack_size=4096 -i"C:/ti/ccs1230/ccs/tools/compiler/ti-cgt-arm_20.2.7.LTS/lib" -i"C:/ti/ccs1230/ccs/tools/compiler/ti-cgt-arm_20.2.7.LTS/include" --reread_libs --diag_wrap=off --display_error_number --warn_sections --xml_link_info="Lab5_linkInfo.xml" --rom_model -o "Lab5.out" "./tm4c123gh6pm_startup_ccs.obj" "./Lab5 Code Files/Timer.obj" "./Lab5 Code Files/button.obj" "./Lab5 Code Files/lab5_template.obj" "./Lab5 Code Files/lcd.obj" "./Lab5 Code Files/uart.obj" "../tm4c123gh6pm.cmd" "../Lab5 Code Files/libcybotUART.lib"  -l"C:/ti/TivaWare_C_Series-2.2.0.295/driverlib/ccs/Debug/driverlib.lib" -llibc.a 
<Linking>
Finished building target: "Lab5.out"
 

**** Build Finished ****

**** Build of configuration Debug for project Lab5 ****

"C:\\ti\\ccs1230\\ccs\\utils\\bin\\gmake" -k -j 20 all -O 
 
Building file: "../Lab5 Code Files/lab5_template.c"
Invoking: Arm Compiler
"C:/ti/ccs1230/ccs/tools/compiler/ti-cgt-arm_20.2.7.LTS/bin/armcl" -mv7M4 --code_state=16 --float_support=FPv4SPD16 -me --include_path="C:/ti/TivaWare_C_Series-2.2.0.295" --include_path="U:/CprE288/Lab5/Lab5" --include_path="C:/ti/ccs1230/ccs/tools/compiler/ti-cgt-arm_20.2.7.LTS/include" --define=ccs="ccs" --define=PART_TM4C123GH6PM -g --gcc --diag_warning=225 --diag_wrap=off --display_error_number --abi=eabi --preproc_with_compile --preproc_dependency="Lab5 Code Files/lab5_template.d_raw" --obj_directory="Lab5 Code Files"  "../Lab5 Code Files/lab5_template.c"
 
>> Compilation failure
Lab5 Code Files/subdir_rules.mk:23: recipe for target 'Lab5 Code Files/lab5_template.obj' failed
"../Lab5 Code Files/lab5_template.c", line 56: error #71: incomplete type is not allowed
"../Lab5 Code Files/lab5_template.c", line 62: warning #1696-D: multicharacter character literal (potential portability problem)
"../Lab5 Code Files/lab5_template.c", line 64: warning #169-D: argument of type "char" is incompatible with parameter of type "char *"
"../Lab5 Code Files/lab5_template.c", line 66: error #141: too many arguments in function call
"../Lab5 Code Files/lab5_template.c", line 67: error #66: expected a ";"
"../Lab5 Code Files/lab5_template.c", line 72: error #148: declaration is incompatible with "void printToPutty(char)" (declared at line 26)
"../Lab5 Code Files/lab5_template.c", line 74: error #20: identifier "str" is undefined
"../Lab5 Code Files/lab5_template.c", line 75: warning #225-D: function "uart_sendChar" declared implicitly
5 errors detected in the compilation of "../Lab5 Code Files/lab5_template.c".
gmake: *** [Lab5 Code Files/lab5_template.obj] Error 1
gmake: Target 'all' not remade because of errors.

**** Build Finished ****

**** Build of configuration Debug for project Lab5 ****

"C:\\ti\\ccs1230\\ccs\\utils\\bin\\gmake" -k -j 20 all -O 
 
Building file: "../Lab5 Code Files/lab5_template.c"
Invoking: Arm Compiler
"C:/ti/ccs1230/ccs/tools/compiler/ti-cgt-arm_20.2.7.LTS/bin/armcl" -mv7M4 --code_state=16 --float_support=FPv4SPD16 -me --include_path="C:/ti/TivaWare_C_Series-2.2.0.295" --include_path="U:/CprE288/Lab5/Lab5" --include_path="C:/ti/ccs1230/ccs/tools/compiler/ti-cgt-arm_20.2.7.LTS/include" --define=ccs="ccs" --define=PART_TM4C123GH6PM -g --gcc --diag_warning=225 --diag_wrap=off --display_error_number --abi=eabi --preproc_with_compile --preproc_dependency="Lab5 Code Files/lab5_template.d_raw" --obj_directory="Lab5 Code Files"  "../Lab5 Code Files/lab5_template.c"
 
>> Compilation failure
Lab5 Code Files/subdir_rules.mk:23: recipe for target 'Lab5 Code Files/lab5_template.obj' failed
"../Lab5 Code Files/lab5_template.c", line 61: error #156: expression must have struct or union type
"../Lab5 Code Files/lab5_template.c", line 62: error #156: expression must have struct or union type
"../Lab5 Code Files/lab5_template.c", line 62: warning #1696-D: multicharacter character literal (potential portability problem)
"../Lab5 Code Files/lab5_template.c", line 64: warning #169-D: argument of type "char" is incompatible with parameter of type "char *"
"../Lab5 Code Files/lab5_template.c", line 66: error #156: expression must have struct or union type
"../Lab5 Code Files/lab5_template.c", line 67: error #141: too many arguments in function call
"../Lab5 Code Files/lab5_template.c", line 73: error #148: declaration is incompatible with "void printToPutty(char)" (declared at line 26)
"../Lab5 Code Files/lab5_template.c", line 75: error #20: identifier "str" is undefined
"../Lab5 Code Files/lab5_template.c", line 76: warning #225-D: function "uart_sendChar" declared implicitly
6 errors detected in the compilation of "../Lab5 Code Files/lab5_template.c".
gmake: *** [Lab5 Code Files/lab5_template.obj] Error 1
gmake: Target 'all' not remade because of errors.

**** Build Finished ****

**** Build of configuration Debug for project Lab5 ****

"C:\\ti\\ccs1230\\ccs\\utils\\bin\\gmake" -k -j 20 all -O 
 
Building file: "../Lab5 Code Files/lab5_template.c"
Invoking: Arm Compiler
"C:/ti/ccs1230/ccs/tools/compiler/ti-cgt-arm_20.2.7.LTS/bin/armcl" -mv7M4 --code_state=16 --float_support=FPv4SPD16 -me --include_path="C:/ti/TivaWare_C_Series-2.2.0.295" --include_path="U:/CprE288/Lab5/Lab5" --include_path="C:/ti/ccs1230/ccs/tools/compiler/ti-cgt-arm_20.2.7.LTS/include" --define=ccs="ccs" --define=PART_TM4C123GH6PM -g --gcc --diag_warning=225 --diag_wrap=off --display_error_number --abi=eabi --preproc_with_compile --preproc_dependency="Lab5 Code Files/lab5_template.d_raw" --obj_directory="Lab5 Code Files"  "../Lab5 Code Files/lab5_template.c"
 
>> Compilation failure
Lab5 Code Files/subdir_rules.mk:23: recipe for target 'Lab5 Code Files/lab5_template.obj' failed
"../Lab5 Code Files/lab5_template.c", line 61: error #156: expression must have struct or union type
"../Lab5 Code Files/lab5_template.c", line 62: error #156: expression must have struct or union type
"../Lab5 Code Files/lab5_template.c", line 62: warning #1696-D: multicharacter character literal (potential portability problem)
"../Lab5 Code Files/lab5_template.c", line 64: warning #169-D: argument of type "char" is incompatible with parameter of type "char *"
"../Lab5 Code Files/lab5_template.c", line 66: error #156: expression must have struct or union type
"../Lab5 Code Files/lab5_template.c", line 73: error #148: declaration is incompatible with "void printToPutty(char)" (declared at line 26)
"../Lab5 Code Files/lab5_template.c", line 75: error #20: identifier "str" is undefined
"../Lab5 Code Files/lab5_template.c", line 76: warning #225-D: function "uart_sendChar" declared implicitly
5 errors detected in the compilation of "../Lab5 Code Files/lab5_template.c".
gmake: *** [Lab5 Code Files/lab5_template.obj] Error 1
gmake: Target 'all' not remade because of errors.

**** Build Finished ****

**** Build of configuration Debug for project Lab5 ****

"C:\\ti\\ccs1230\\ccs\\utils\\bin\\gmake" -k -j 20 all -O 
 
Building file: "../Lab5 Code Files/lab5_template.c"
Invoking: Arm Compiler
"C:/ti/ccs1230/ccs/tools/compiler/ti-cgt-arm_20.2.7.LTS/bin/armcl" -mv7M4 --code_state=16 --float_support=FPv4SPD16 -me --include_path="C:/ti/TivaWare_C_Series-2.2.0.295" --include_path="U:/CprE288/Lab5/Lab5" --include_path="C:/ti/ccs1230/ccs/tools/compiler/ti-cgt-arm_20.2.7.LTS/include" --define=ccs="ccs" --define=PART_TM4C123GH6PM -g --gcc --diag_warning=225 --diag_wrap=off --display_error_number --abi=eabi --preproc_with_compile --preproc_dependency="Lab5 Code Files/lab5_template.d_raw" --obj_directory="Lab5 Code Files"  "../Lab5 Code Files/lab5_template.c"
 
>> Compilation failure
Lab5 Code Files/subdir_rules.mk:23: recipe for target 'Lab5 Code Files/lab5_template.obj' failed
"../Lab5 Code Files/lab5_template.c", line 61: error #156: expression must have struct or union type
"../Lab5 Code Files/lab5_template.c", line 62: error #156: expression must have struct or union type
"../Lab5 Code Files/lab5_template.c", line 62: warning #1696-D: multicharacter character literal (potential portability problem)
"../Lab5 Code Files/lab5_template.c", line 64: warning #169-D: argument of type "char" is incompatible with parameter of type "char *"
"../Lab5 Code Files/lab5_template.c", line 66: error #156: expression must have struct or union type
"../Lab5 Code Files/lab5_template.c", line 73: error #148: declaration is incompatible with "void printToPutty(char)" (declared at line 26)
"../Lab5 Code Files/lab5_template.c", line 75: error #20: identifier "str" is undefined
"../Lab5 Code Files/lab5_template.c", line 76: warning #225-D: function "uart_sendChar" declared implicitly
5 errors detected in the compilation of "../Lab5 Code Files/lab5_template.c".
gmake: *** [Lab5 Code Files/lab5_template.obj] Error 1
gmake: Target 'all' not remade because of errors.

**** Build Finished ****

**** Build of configuration Debug for project Lab5 ****

"C:\\ti\\ccs1230\\ccs\\utils\\bin\\gmake" -k -j 20 all -O 
 
Building file: "../Lab5 Code Files/lab5_template.c"
Invoking: Arm Compiler
"C:/ti/ccs1230/ccs/tools/compiler/ti-cgt-arm_20.2.7.LTS/bin/armcl" -mv7M4 --code_state=16 --float_support=FPv4SPD16 -me --include_path="C:/ti/TivaWare_C_Series-2.2.0.295" --include_path="U:/CprE288/Lab5/Lab5" --include_path="C:/ti/ccs1230/ccs/tools/compiler/ti-cgt-arm_20.2.7.LTS/include" --define=ccs="ccs" --define=PART_TM4C123GH6PM -g --gcc --diag_warning=225 --diag_wrap=off --display_error_number --abi=eabi --preproc_with_compile --preproc_dependency="Lab5 Code Files/lab5_template.d_raw" --obj_directory="Lab5 Code Files"  "../Lab5 Code Files/lab5_template.c"
 
>> Compilation failure
Lab5 Code Files/subdir_rules.mk:23: recipe for target 'Lab5 Code Files/lab5_template.obj' failed
"../Lab5 Code Files/lab5_template.c", line 61: warning #169-D: argument of type "char" is incompatible with parameter of type "const char *__restrict__"
"../Lab5 Code Files/lab5_template.c", line 62: error #156: expression must have struct or union type
"../Lab5 Code Files/lab5_template.c", line 62: warning #1696-D: multicharacter character literal (potential portability problem)
"../Lab5 Code Files/lab5_template.c", line 64: warning #169-D: argument of type "char" is incompatible with parameter of type "char *"
"../Lab5 Code Files/lab5_template.c", line 66: error #156: expression must have struct or union type
"../Lab5 Code Files/lab5_template.c", line 73: error #148: declaration is incompatible with "void printToPutty(char)" (declared at line 26)
"../Lab5 Code Files/lab5_template.c", line 75: error #20: identifier "str" is undefined
"../Lab5 Code Files/lab5_template.c", line 76: warning #225-D: function "uart_sendChar" declared implicitly
4 errors detected in the compilation of "../Lab5 Code Files/lab5_template.c".
gmake: *** [Lab5 Code Files/lab5_template.obj] Error 1
gmake: Target 'all' not remade because of errors.

**** Build Finished ****

**** Build of configuration Debug for project Lab5 ****

"C:\\ti\\ccs1230\\ccs\\utils\\bin\\gmake" -k -j 20 all -O 
 
Building file: "../Lab5 Code Files/lab5_template.c"
Invoking: Arm Compiler
"C:/ti/ccs1230/ccs/tools/compiler/ti-cgt-arm_20.2.7.LTS/bin/armcl" -mv7M4 --code_state=16 --float_support=FPv4SPD16 -me --include_path="C:/ti/TivaWare_C_Series-2.2.0.295" --include_path="U:/CprE288/Lab5/Lab5" --include_path="C:/ti/ccs1230/ccs/tools/compiler/ti-cgt-arm_20.2.7.LTS/include" --define=ccs="ccs" --define=PART_TM4C123GH6PM -g --gcc --diag_warning=225 --diag_wrap=off --display_error_number --abi=eabi --preproc_with_compile --preproc_dependency="Lab5 Code Files/lab5_template.d_raw" --obj_directory="Lab5 Code Files"  "../Lab5 Code Files/lab5_template.c"
 
>> Compilation failure
Lab5 Code Files/subdir_rules.mk:23: recipe for target 'Lab5 Code Files/lab5_template.obj' failed
"../Lab5 Code Files/lab5_template.c", line 61: warning #169-D: argument of type "char" is incompatible with parameter of type "const char *__restrict__"
"../Lab5 Code Files/lab5_template.c", line 62: error #156: expression must have struct or union type
"../Lab5 Code Files/lab5_template.c", line 63: error #156: expression must have struct or union type
"../Lab5 Code Files/lab5_template.c", line 63: warning #1696-D: multicharacter character literal (potential portability problem)
"../Lab5 Code Files/lab5_template.c", line 65: warning #169-D: argument of type "char" is incompatible with parameter of type "char *"
"../Lab5 Code Files/lab5_template.c", line 74: error #148: declaration is incompatible with "void printToPutty(char)" (declared at line 26)
"../Lab5 Code Files/lab5_template.c", line 76: error #20: identifier "str" is undefined
"../Lab5 Code Files/lab5_template.c", line 77: warning #225-D: function "uart_sendChar" declared implicitly
4 errors detected in the compilation of "../Lab5 Code Files/lab5_template.c".
gmake: *** [Lab5 Code Files/lab5_template.obj] Error 1
gmake: Target 'all' not remade because of errors.

**** Build Finished ****

**** Build of configuration Debug for project Lab5 ****

"C:\\ti\\ccs1230\\ccs\\utils\\bin\\gmake" -k -j 20 all -O 
 
Building file: "../Lab5 Code Files/lab5_template.c"
Invoking: Arm Compiler
"C:/ti/ccs1230/ccs/tools/compiler/ti-cgt-arm_20.2.7.LTS/bin/armcl" -mv7M4 --code_state=16 --float_support=FPv4SPD16 -me --include_path="C:/ti/TivaWare_C_Series-2.2.0.295" --include_path="U:/CprE288/Lab5/Lab5" --include_path="C:/ti/ccs1230/ccs/tools/compiler/ti-cgt-arm_20.2.7.LTS/include" --define=ccs="ccs" --define=PART_TM4C123GH6PM -g --gcc --diag_warning=225 --diag_wrap=off --display_error_number --abi=eabi --preproc_with_compile --preproc_dependency="Lab5 Code Files/lab5_template.d_raw" --obj_directory="Lab5 Code Files"  "../Lab5 Code Files/lab5_template.c"
 
>> Compilation failure
Lab5 Code Files/subdir_rules.mk:23: recipe for target 'Lab5 Code Files/lab5_template.obj' failed
"../Lab5 Code Files/lab5_template.c", line 61: warning #169-D: argument of type "char" is incompatible with parameter of type "const char *__restrict__"
"../Lab5 Code Files/lab5_template.c", line 62: error #156: expression must have struct or union type
"../Lab5 Code Files/lab5_template.c", line 63: warning #1696-D: multicharacter character literal (potential portability problem)
"../Lab5 Code Files/lab5_template.c", line 65: warning #169-D: argument of type "char" is incompatible with parameter of type "char *"
"../Lab5 Code Files/lab5_template.c", line 74: error #148: declaration is incompatible with "void printToPutty(char)" (declared at line 26)
"../Lab5 Code Files/lab5_template.c", line 76: error #20: identifier "str" is undefined
"../Lab5 Code Files/lab5_template.c", line 77: warning #225-D: function "uart_sendChar" declared implicitly
3 errors detected in the compilation of "../Lab5 Code Files/lab5_template.c".
gmake: *** [Lab5 Code Files/lab5_template.obj] Error 1
gmake: Target 'all' not remade because of errors.

**** Build Finished ****

**** Build of configuration Debug for project Lab5 ****

"C:\\ti\\ccs1230\\ccs\\utils\\bin\\gmake" -k -j 20 all -O 
 
Building file: "../Lab5 Code Files/lab5_template.c"
Invoking: Arm Compiler
"C:/ti/ccs1230/ccs/tools/compiler/ti-cgt-arm_20.2.7.LTS/bin/armcl" -mv7M4 --code_state=16 --float_support=FPv4SPD16 -me --include_path="C:/ti/TivaWare_C_Series-2.2.0.295" --include_path="U:/CprE288/Lab5/Lab5" --include_path="C:/ti/ccs1230/ccs/tools/compiler/ti-cgt-arm_20.2.7.LTS/include" --define=ccs="ccs" --define=PART_TM4C123GH6PM -g --gcc --diag_warning=225 --diag_wrap=off --display_error_number --abi=eabi --preproc_with_compile --preproc_dependency="Lab5 Code Files/lab5_template.d_raw" --obj_directory="Lab5 Code Files"  "../Lab5 Code Files/lab5_template.c"
 
>> Compilation failure
Lab5 Code Files/subdir_rules.mk:23: recipe for target 'Lab5 Code Files/lab5_template.obj' failed
"../Lab5 Code Files/lab5_template.c", line 61: warning #169-D: argument of type "char" is incompatible with parameter of type "const char *__restrict__"
"../Lab5 Code Files/lab5_template.c", line 62: error #135: expected a field name
"../Lab5 Code Files/lab5_template.c", line 62: error #156: expression must have struct or union type
"../Lab5 Code Files/lab5_template.c", line 63: warning #1696-D: multicharacter character literal (potential portability problem)
"../Lab5 Code Files/lab5_template.c", line 65: warning #169-D: argument of type "char" is incompatible with parameter of type "char *"
"../Lab5 Code Files/lab5_template.c", line 74: error #148: declaration is incompatible with "void printToPutty(char)" (declared at line 26)
"../Lab5 Code Files/lab5_template.c", line 76: error #20: identifier "str" is undefined
"../Lab5 Code Files/lab5_template.c", line 77: warning #225-D: function "uart_sendChar" declared implicitly
4 errors detected in the compilation of "../Lab5 Code Files/lab5_template.c".
gmake: *** [Lab5 Code Files/lab5_template.obj] Error 1
gmake: Target 'all' not remade because of errors.

**** Build Finished ****

**** Build of configuration Debug for project Lab5 ****

"C:\\ti\\ccs1230\\ccs\\utils\\bin\\gmake" -k -j 20 all -O 
 
Building file: "../Lab5 Code Files/lab5_template.c"
Invoking: Arm Compiler
"C:/ti/ccs1230/ccs/tools/compiler/ti-cgt-arm_20.2.7.LTS/bin/armcl" -mv7M4 --code_state=16 --float_support=FPv4SPD16 -me --include_path="C:/ti/TivaWare_C_Series-2.2.0.295" --include_path="U:/CprE288/Lab5/Lab5" --include_path="C:/ti/ccs1230/ccs/tools/compiler/ti-cgt-arm_20.2.7.LTS/include" --define=ccs="ccs" --define=PART_TM4C123GH6PM -g --gcc --diag_warning=225 --diag_wrap=off --display_error_number --abi=eabi --preproc_with_compile --preproc_dependency="Lab5 Code Files/lab5_template.d_raw" --obj_directory="Lab5 Code Files"  "../Lab5 Code Files/lab5_template.c"
 
>> Compilation failure
Lab5 Code Files/subdir_rules.mk:23: recipe for target 'Lab5 Code Files/lab5_template.obj' failed
"../Lab5 Code Files/lab5_template.c", line 61: warning #169-D: argument of type "char" is incompatible with parameter of type "const char *__restrict__"
"../Lab5 Code Files/lab5_template.c", line 62: error #135: expected a field name
"../Lab5 Code Files/lab5_template.c", line 62: error #156: expression must have struct or union type
"../Lab5 Code Files/lab5_template.c", line 63: warning #1696-D: multicharacter character literal (potential portability problem)
"../Lab5 Code Files/lab5_template.c", line 65: warning #169-D: argument of type "char" is incompatible with parameter of type "char *"
"../Lab5 Code Files/lab5_template.c", line 74: error #148: declaration is incompatible with "void printToPutty(char)" (declared at line 26)
"../Lab5 Code Files/lab5_template.c", line 76: error #20: identifier "str" is undefined
"../Lab5 Code Files/lab5_template.c", line 77: warning #225-D: function "uart_sendChar" declared implicitly
4 errors detected in the compilation of "../Lab5 Code Files/lab5_template.c".
gmake: *** [Lab5 Code Files/lab5_template.obj] Error 1
gmake: Target 'all' not remade because of errors.

**** Build Finished ****

**** Build of configuration Debug for project Lab5 ****

"C:\\ti\\ccs1230\\ccs\\utils\\bin\\gmake" -k -j 20 all -O 
 
Building file: "../Lab5 Code Files/lab5_template.c"
Invoking: Arm Compiler
"C:/ti/ccs1230/ccs/tools/compiler/ti-cgt-arm_20.2.7.LTS/bin/armcl" -mv7M4 --code_state=16 --float_support=FPv4SPD16 -me --include_path="C:/ti/TivaWare_C_Series-2.2.0.295" --include_path="U:/CprE288/Lab5/Lab5" --include_path="C:/ti/ccs1230/ccs/tools/compiler/ti-cgt-arm_20.2.7.LTS/include" --define=ccs="ccs" --define=PART_TM4C123GH6PM -g --gcc --diag_warning=225 --diag_wrap=off --display_error_number --abi=eabi --preproc_with_compile --preproc_dependency="Lab5 Code Files/lab5_template.d_raw" --obj_directory="Lab5 Code Files"  "../Lab5 Code Files/lab5_template.c"
 
>> Compilation failure
Lab5 Code Files/subdir_rules.mk:23: recipe for target 'Lab5 Code Files/lab5_template.obj' failed
"../Lab5 Code Files/lab5_template.c", line 61: warning #169-D: argument of type "char" is incompatible with parameter of type "const char *__restrict__"
"../Lab5 Code Files/lab5_template.c", line 63: warning #1696-D: multicharacter character literal (potential portability problem)
"../Lab5 Code Files/lab5_template.c", line 65: warning #169-D: argument of type "char" is incompatible with parameter of type "char *"
"../Lab5 Code Files/lab5_template.c", line 74: error #148: declaration is incompatible with "void printToPutty(char)" (declared at line 26)
"../Lab5 Code Files/lab5_template.c", line 76: error #20: identifier "str" is undefined
"../Lab5 Code Files/lab5_template.c", line 77: warning #225-D: function "uart_sendChar" declared implicitly
2 errors detected in the compilation of "../Lab5 Code Files/lab5_template.c".
gmake: *** [Lab5 Code Files/lab5_template.obj] Error 1
gmake: Target 'all' not remade because of errors.

**** Build Finished ****

**** Build of configuration Debug for project Lab5 ****

"C:\\ti\\ccs1230\\ccs\\utils\\bin\\gmake" -k -j 20 all -O 
 
Building file: "../Lab5 Code Files/lab5_template.c"
Invoking: Arm Compiler
"C:/ti/ccs1230/ccs/tools/compiler/ti-cgt-arm_20.2.7.LTS/bin/armcl" -mv7M4 --code_state=16 --float_support=FPv4SPD16 -me --include_path="C:/ti/TivaWare_C_Series-2.2.0.295" --include_path="U:/CprE288/Lab5/Lab5" --include_path="C:/ti/ccs1230/ccs/tools/compiler/ti-cgt-arm_20.2.7.LTS/include" --define=ccs="ccs" --define=PART_TM4C123GH6PM -g --gcc --diag_warning=225 --diag_wrap=off --display_error_number --abi=eabi --preproc_with_compile --preproc_dependency="Lab5 Code Files/lab5_template.d_raw" --obj_directory="Lab5 Code Files"  "../Lab5 Code Files/lab5_template.c"
"../Lab5 Code Files/lab5_template.c", line 60: warning #169-D: argument of type "char" is incompatible with parameter of type "const char *__restrict__"
"../Lab5 Code Files/lab5_template.c", line 62: warning #1696-D: multicharacter character literal (potential portability problem)
"../Lab5 Code Files/lab5_template.c", line 64: warning #169-D: argument of type "char" is incompatible with parameter of type "char *"
Finished building: "../Lab5 Code Files/lab5_template.c"
 
Building target: "Lab5.out"
Invoking: Arm Linker
"C:/ti/ccs1230/ccs/tools/compiler/ti-cgt-arm_20.2.7.LTS/bin/armcl" -mv7M4 --code_state=16 --float_support=FPv4SPD16 -me --define=ccs="ccs" --define=PART_TM4C123GH6PM -g --gcc --diag_warning=225 --diag_wrap=off --display_error_number --abi=eabi -z -m"Lab5.map" --heap_size=4096 --stack_size=4096 -i"C:/ti/ccs1230/ccs/tools/compiler/ti-cgt-arm_20.2.7.LTS/lib" -i"C:/ti/ccs1230/ccs/tools/compiler/ti-cgt-arm_20.2.7.LTS/include" --reread_libs --diag_wrap=off --display_error_number --warn_sections --xml_link_info="Lab5_linkInfo.xml" --rom_model -o "Lab5.out" "./tm4c123gh6pm_startup_ccs.obj" "./Lab5 Code Files/Timer.obj" "./Lab5 Code Files/button.obj" "./Lab5 Code Files/lab5_template.obj" "./Lab5 Code Files/lcd.obj" "./Lab5 Code Files/uart.obj" "../tm4c123gh6pm.cmd" "../Lab5 Code Files/libcybotUART.lib"  -l"C:/ti/TivaWare_C_Series-2.2.0.295/driverlib/ccs/Debug/driverlib.lib" -llibc.a 
<Linking>
Finished building target: "Lab5.out"
 

**** Build Finished ****

**** Build of configuration Debug for project Lab5 ****

"C:\\ti\\ccs1230\\ccs\\utils\\bin\\gmake" -k -j 20 all -O 
 
gmake[1]: 'Lab5.out' is up to date.

**** Build Finished ****

**** Build of configuration Debug for project Lab5 ****

"C:\\ti\\ccs1230\\ccs\\utils\\bin\\gmake" -k -j 20 all -O 
 
Building file: "../Lab5 Code Files/lab5_template.c"
Invoking: Arm Compiler
"C:/ti/ccs1230/ccs/tools/compiler/ti-cgt-arm_20.2.7.LTS/bin/armcl" -mv7M4 --code_state=16 --float_support=FPv4SPD16 -me --include_path="C:/ti/TivaWare_C_Series-2.2.0.295" --include_path="U:/CprE288/Lab5/Lab5" --include_path="C:/ti/ccs1230/ccs/tools/compiler/ti-cgt-arm_20.2.7.LTS/include" --define=ccs="ccs" --define=PART_TM4C123GH6PM -g --gcc --diag_warning=225 --diag_wrap=off --display_error_number --abi=eabi --preproc_with_compile --preproc_dependency="Lab5 Code Files/lab5_template.d_raw" --obj_directory="Lab5 Code Files"  "../Lab5 Code Files/lab5_template.c"
"../Lab5 Code Files/lab5_template.c", line 60: warning #169-D: argument of type "char" is incompatible with parameter of type "const char *__restrict__"
"../Lab5 Code Files/lab5_template.c", line 62: warning #1696-D: multicharacter character literal (potential portability problem)
"../Lab5 Code Files/lab5_template.c", line 64: warning #169-D: argument of type "char" is incompatible with parameter of type "char *"
Finished building: "../Lab5 Code Files/lab5_template.c"
 
Building target: "Lab5.out"
Invoking: Arm Linker
"C:/ti/ccs1230/ccs/tools/compiler/ti-cgt-arm_20.2.7.LTS/bin/armcl" -mv7M4 --code_state=16 --float_support=FPv4SPD16 -me --define=ccs="ccs" --define=PART_TM4C123GH6PM -g --gcc --diag_warning=225 --diag_wrap=off --display_error_number --abi=eabi -z -m"Lab5.map" --heap_size=4096 --stack_size=4096 -i"C:/ti/ccs1230/ccs/tools/compiler/ti-cgt-arm_20.2.7.LTS/lib" -i"C:/ti/ccs1230/ccs/tools/compiler/ti-cgt-arm_20.2.7.LTS/include" --reread_libs --diag_wrap=off --display_error_number --warn_sections --xml_link_info="Lab5_linkInfo.xml" --rom_model -o "Lab5.out" "./tm4c123gh6pm_startup_ccs.obj" "./Lab5 Code Files/Timer.obj" "./Lab5 Code Files/button.obj" "./Lab5 Code Files/lab5_template.obj" "./Lab5 Code Files/lcd.obj" "./Lab5 Code Files/uart.obj" "../tm4c123gh6pm.cmd" "../Lab5 Code Files/libcybotUART.lib"  -l"C:/ti/TivaWare_C_Series-2.2.0.295/driverlib/ccs/Debug/driverlib.lib" -llibc.a 
<Linking>
Finished building target: "Lab5.out"
 

**** Build Finished ****

**** Build of configuration Debug for project Lab5 ****

"C:\\ti\\ccs1230\\ccs\\utils\\bin\\gmake" -k -j 20 all -O 
 
Building file: "../Lab5 Code Files/lab5_template.c"
Invoking: Arm Compiler
"C:/ti/ccs1230/ccs/tools/compiler/ti-cgt-arm_20.2.7.LTS/bin/armcl" -mv7M4 --code_state=16 --float_support=FPv4SPD16 -me --include_path="C:/ti/TivaWare_C_Series-2.2.0.295" --include_path="U:/CprE288/Lab5/Lab5" --include_path="C:/ti/ccs1230/ccs/tools/compiler/ti-cgt-arm_20.2.7.LTS/include" --define=ccs="ccs" --define=PART_TM4C123GH6PM -g --gcc --diag_warning=225 --diag_wrap=off --display_error_number --abi=eabi --preproc_with_compile --preproc_dependency="Lab5 Code Files/lab5_template.d_raw" --obj_directory="Lab5 Code Files"  "../Lab5 Code Files/lab5_template.c"
"../Lab5 Code Files/lab5_template.c", line 60: warning #225-D: function "uart_sendChar" declared implicitly
"../Lab5 Code Files/lab5_template.c", line 61: warning #169-D: argument of type "char" is incompatible with parameter of type "const char *__restrict__"
"../Lab5 Code Files/lab5_template.c", line 63: warning #1696-D: multicharacter character literal (potential portability problem)
"../Lab5 Code Files/lab5_template.c", line 65: warning #169-D: argument of type "char" is incompatible with parameter of type "char *"
Finished building: "../Lab5 Code Files/lab5_template.c"
 
Building target: "Lab5.out"
Invoking: Arm Linker
"C:/ti/ccs1230/ccs/tools/compiler/ti-cgt-arm_20.2.7.LTS/bin/armcl" -mv7M4 --code_state=16 --float_support=FPv4SPD16 -me --define=ccs="ccs" --define=PART_TM4C123GH6PM -g --gcc --diag_warning=225 --diag_wrap=off --display_error_number --abi=eabi -z -m"Lab5.map" --heap_size=4096 --stack_size=4096 -i"C:/ti/ccs1230/ccs/tools/compiler/ti-cgt-arm_20.2.7.LTS/lib" -i"C:/ti/ccs1230/ccs/tools/compiler/ti-cgt-arm_20.2.7.LTS/include" --reread_libs --diag_wrap=off --display_error_number --warn_sections --xml_link_info="Lab5_linkInfo.xml" --rom_model -o "Lab5.out" "./tm4c123gh6pm_startup_ccs.obj" "./Lab5 Code Files/Timer.obj" "./Lab5 Code Files/button.obj" "./Lab5 Code Files/lab5_template.obj" "./Lab5 Code Files/lcd.obj" "./Lab5 Code Files/uart.obj" "../tm4c123gh6pm.cmd" "../Lab5 Code Files/libcybotUART.lib"  -l"C:/ti/TivaWare_C_Series-2.2.0.295/driverlib/ccs/Debug/driverlib.lib" -llibc.a 
<Linking>
Finished building target: "Lab5.out"
 

**** Build Finished ****

**** Build of configuration Debug for project Lab5 ****

"C:\\ti\\ccs1230\\ccs\\utils\\bin\\gmake" -k -j 20 all -O 
 
gmake[1]: 'Lab5.out' is up to date.

**** Build Finished ****

**** Build of configuration Debug for project Lab5 ****

"C:\\ti\\ccs1230\\ccs\\utils\\bin\\gmake" -k -j 20 all -O 
 
gmake[1]: 'Lab5.out' is up to date.

**** Build Finished ****

**** Build of configuration Debug for project Lab5 ****

"C:\\ti\\ccs1230\\ccs\\utils\\bin\\gmake" -k -j 20 all -O 
 
Building file: "../Lab5 Code Files/lab5_template.c"
Invoking: Arm Compiler
"C:/ti/ccs1230/ccs/tools/compiler/ti-cgt-arm_20.2.7.LTS/bin/armcl" -mv7M4 --code_state=16 --float_support=FPv4SPD16 -me --include_path="C:/ti/TivaWare_C_Series-2.2.0.295" --include_path="U:/CprE288/Lab5/Lab5" --include_path="C:/ti/ccs1230/ccs/tools/compiler/ti-cgt-arm_20.2.7.LTS/include" --define=ccs="ccs" --define=PART_TM4C123GH6PM -g --gcc --diag_warning=225 --diag_wrap=off --display_error_number --abi=eabi --preproc_with_compile --preproc_dependency="Lab5 Code Files/lab5_template.d_raw" --obj_directory="Lab5 Code Files"  "../Lab5 Code Files/lab5_template.c"
 
>> Compilation failure
Lab5 Code Files/subdir_rules.mk:23: recipe for target 'Lab5 Code Files/lab5_template.obj' failed
"../Lab5 Code Files/lab5_template.c", line 60: warning #225-D: function "uart_sendChar" declared implicitly
"../Lab5 Code Files/lab5_template.c", line 61: warning #225-D: function "append" declared implicitly
"../Lab5 Code Files/lab5_template.c", line 62: error #66: expected a ";"
"../Lab5 Code Files/lab5_template.c", line 63: error #20: identifier "arrayLength" is undefined
"../Lab5 Code Files/lab5_template.c", line 63: warning #1696-D: multicharacter character literal (potential portability problem)
"../Lab5 Code Files/lab5_template.c", line 65: warning #169-D: argument of type "char" is incompatible with parameter of type "char *"
"../Lab5 Code Files/lab5_template.c", line 73: warning #161-D: declaration is incompatible with previous "append" (declared at line 61)
2 errors detected in the compilation of "../Lab5 Code Files/lab5_template.c".
gmake: *** [Lab5 Code Files/lab5_template.obj] Error 1
gmake: Target 'all' not remade because of errors.

**** Build Finished ****

**** Build of configuration Debug for project Lab5 ****

"C:\\ti\\ccs1230\\ccs\\utils\\bin\\gmake" -k -j 20 all -O 
 
Building file: "../Lab5 Code Files/lab5_template.c"
Invoking: Arm Compiler
"C:/ti/ccs1230/ccs/tools/compiler/ti-cgt-arm_20.2.7.LTS/bin/armcl" -mv7M4 --code_state=16 --float_support=FPv4SPD16 -me --include_path="C:/ti/TivaWare_C_Series-2.2.0.295" --include_path="U:/CprE288/Lab5/Lab5" --include_path="C:/ti/ccs1230/ccs/tools/compiler/ti-cgt-arm_20.2.7.LTS/include" --define=ccs="ccs" --define=PART_TM4C123GH6PM -g --gcc --diag_warning=225 --diag_wrap=off --display_error_number --abi=eabi --preproc_with_compile --preproc_dependency="Lab5 Code Files/lab5_template.d_raw" --obj_directory="Lab5 Code Files"  "../Lab5 Code Files/lab5_template.c"
"../Lab5 Code Files/lab5_template.c", line 60: warning #225-D: function "uart_sendChar" declared implicitly
"../Lab5 Code Files/lab5_template.c", line 61: warning #225-D: function "append" declared implicitly
"../Lab5 Code Files/lab5_template.c", line 63: warning #1696-D: multicharacter character literal (potential portability problem)
"../Lab5 Code Files/lab5_template.c", line 65: warning #169-D: argument of type "char" is incompatible with parameter of type "char *"
"../Lab5 Code Files/lab5_template.c", line 73: warning #161-D: declaration is incompatible with previous "append" (declared at line 61)
Finished building: "../Lab5 Code Files/lab5_template.c"
 
Building target: "Lab5.out"
Invoking: Arm Linker
"C:/ti/ccs1230/ccs/tools/compiler/ti-cgt-arm_20.2.7.LTS/bin/armcl" -mv7M4 --code_state=16 --float_support=FPv4SPD16 -me --define=ccs="ccs" --define=PART_TM4C123GH6PM -g --gcc --diag_warning=225 --diag_wrap=off --display_error_number --abi=eabi -z -m"Lab5.map" --heap_size=4096 --stack_size=4096 -i"C:/ti/ccs1230/ccs/tools/compiler/ti-cgt-arm_20.2.7.LTS/lib" -i"C:/ti/ccs1230/ccs/tools/compiler/ti-cgt-arm_20.2.7.LTS/include" --reread_libs --diag_wrap=off --display_error_number --warn_sections --xml_link_info="Lab5_linkInfo.xml" --rom_model -o "Lab5.out" "./tm4c123gh6pm_startup_ccs.obj" "./Lab5 Code Files/Timer.obj" "./Lab5 Code Files/button.obj" "./Lab5 Code Files/lab5_template.obj" "./Lab5 Code Files/lcd.obj" "./Lab5 Code Files/uart.obj" "../tm4c123gh6pm.cmd" "../Lab5 Code Files/libcybotUART.lib"  -l"C:/ti/TivaWare_C_Series-2.2.0.295/driverlib/ccs/Debug/driverlib.lib" -llibc.a 
<Linking>
Finished building target: "Lab5.out"
 

**** Build Finished ****

**** Build of configuration Debug for project Lab5 ****

"C:\\ti\\ccs1230\\ccs\\utils\\bin\\gmake" -k -j 20 all -O 
 
gmake[1]: 'Lab5.out' is up to date.

**** Build Finished ****

**** Build of configuration Debug for project Lab5 ****

"C:\\ti\\ccs1230\\ccs\\utils\\bin\\gmake" -k -j 20 all -O 
 
Building file: "../Lab5 Code Files/lab5_template.c"
Invoking: Arm Compiler
"C:/ti/ccs1230/ccs/tools/compiler/ti-cgt-arm_20.2.7.LTS/bin/armcl" -mv7M4 --code_state=16 --float_support=FPv4SPD16 -me --include_path="C:/ti/TivaWare_C_Series-2.2.0.295" --include_path="U:/CprE288/Lab5/Lab5" --include_path="C:/ti/ccs1230/ccs/tools/compiler/ti-cgt-arm_20.2.7.LTS/include" --define=ccs="ccs" --define=PART_TM4C123GH6PM -g --gcc --diag_warning=225 --diag_wrap=off --display_error_number --abi=eabi --preproc_with_compile --preproc_dependency="Lab5 Code Files/lab5_template.d_raw" --obj_directory="Lab5 Code Files"  "../Lab5 Code Files/lab5_template.c"
 
>> Compilation failure
Lab5 Code Files/subdir_rules.mk:23: recipe for target 'Lab5 Code Files/lab5_template.obj' failed
"../Lab5 Code Files/lab5_template.c", line 61: warning #225-D: function "uart_sendChar" declared implicitly
"../Lab5 Code Files/lab5_template.c", line 62: warning #225-D: function "append" declared implicitly
"../Lab5 Code Files/lab5_template.c", line 64: error #138: expression must be a modifiable lvalue
"../Lab5 Code Files/lab5_template.c", line 64: warning #1696-D: multicharacter character literal (potential portability problem)
"../Lab5 Code Files/lab5_template.c", line 66: warning #169-D: argument of type "char" is incompatible with parameter of type "char *"
"../Lab5 Code Files/lab5_template.c", line 74: warning #161-D: declaration is incompatible with previous "append" (declared at line 62)
1 error detected in the compilation of "../Lab5 Code Files/lab5_template.c".
gmake: *** [Lab5 Code Files/lab5_template.obj] Error 1
gmake: Target 'all' not remade because of errors.

**** Build Finished ****

**** Build of configuration Debug for project Lab5 ****

"C:\\ti\\ccs1230\\ccs\\utils\\bin\\gmake" -k -j 20 all -O 
 
Building file: "../Lab5 Code Files/lab5_template.c"
Invoking: Arm Compiler
"C:/ti/ccs1230/ccs/tools/compiler/ti-cgt-arm_20.2.7.LTS/bin/armcl" -mv7M4 --code_state=16 --float_support=FPv4SPD16 -me --include_path="C:/ti/TivaWare_C_Series-2.2.0.295" --include_path="U:/CprE288/Lab5/Lab5" --include_path="C:/ti/ccs1230/ccs/tools/compiler/ti-cgt-arm_20.2.7.LTS/include" --define=ccs="ccs" --define=PART_TM4C123GH6PM -g --gcc --diag_warning=225 --diag_wrap=off --display_error_number --abi=eabi --preproc_with_compile --preproc_dependency="Lab5 Code Files/lab5_template.d_raw" --obj_directory="Lab5 Code Files"  "../Lab5 Code Files/lab5_template.c"
"../Lab5 Code Files/lab5_template.c", line 61: warning #225-D: function "uart_sendChar" declared implicitly
"../Lab5 Code Files/lab5_template.c", line 62: warning #225-D: function "append" declared implicitly
"../Lab5 Code Files/lab5_template.c", line 64: warning #1696-D: multicharacter character literal (potential portability problem)
"../Lab5 Code Files/lab5_template.c", line 66: warning #169-D: argument of type "char" is incompatible with parameter of type "char *"
"../Lab5 Code Files/lab5_template.c", line 74: warning #161-D: declaration is incompatible with previous "append" (declared at line 62)
Finished building: "../Lab5 Code Files/lab5_template.c"
 
Building target: "Lab5.out"
Invoking: Arm Linker
"C:/ti/ccs1230/ccs/tools/compiler/ti-cgt-arm_20.2.7.LTS/bin/armcl" -mv7M4 --code_state=16 --float_support=FPv4SPD16 -me --define=ccs="ccs" --define=PART_TM4C123GH6PM -g --gcc --diag_warning=225 --diag_wrap=off --display_error_number --abi=eabi -z -m"Lab5.map" --heap_size=4096 --stack_size=4096 -i"C:/ti/ccs1230/ccs/tools/compiler/ti-cgt-arm_20.2.7.LTS/lib" -i"C:/ti/ccs1230/ccs/tools/compiler/ti-cgt-arm_20.2.7.LTS/include" --reread_libs --diag_wrap=off --display_error_number --warn_sections --xml_link_info="Lab5_linkInfo.xml" --rom_model -o "Lab5.out" "./tm4c123gh6pm_startup_ccs.obj" "./Lab5 Code Files/Timer.obj" "./Lab5 Code Files/button.obj" "./Lab5 Code Files/lab5_template.obj" "./Lab5 Code Files/lcd.obj" "./Lab5 Code Files/uart.obj" "../tm4c123gh6pm.cmd" "../Lab5 Code Files/libcybotUART.lib"  -l"C:/ti/TivaWare_C_Series-2.2.0.295/driverlib/ccs/Debug/driverlib.lib" -llibc.a 
<Linking>
Finished building target: "Lab5.out"
 

**** Build Finished ****

**** Build of configuration Debug for project Lab5 ****

"C:\\ti\\ccs1230\\ccs\\utils\\bin\\gmake" -k -j 20 all -O 
 
gmake[1]: 'Lab5.out' is up to date.

**** Build Finished ****

**** Build of configuration Debug for project Lab5 ****

"C:\\ti\\ccs1230\\ccs\\utils\\bin\\gmake" -k -j 20 all -O 
 
Building file: "../Lab5 Code Files/lab5_template.c"
Invoking: Arm Compiler
"C:/ti/ccs1230/ccs/tools/compiler/ti-cgt-arm_20.2.7.LTS/bin/armcl" -mv7M4 --code_state=16 --float_support=FPv4SPD16 -me --include_path="C:/ti/TivaWare_C_Series-2.2.0.295" --include_path="U:/CprE288/Lab5/Lab5" --include_path="C:/ti/ccs1230/ccs/tools/compiler/ti-cgt-arm_20.2.7.LTS/include" --define=ccs="ccs" --define=PART_TM4C123GH6PM -g --gcc --diag_warning=225 --diag_wrap=off --display_error_number --abi=eabi --preproc_with_compile --preproc_dependency="Lab5 Code Files/lab5_template.d_raw" --obj_directory="Lab5 Code Files"  "../Lab5 Code Files/lab5_template.c"
 
>> Compilation failure
Lab5 Code Files/subdir_rules.mk:23: recipe for target 'Lab5 Code Files/lab5_template.obj' failed
"../Lab5 Code Files/lab5_template.c", line 55: error #71: incomplete type is not allowed
"../Lab5 Code Files/lab5_template.c", line 61: warning #225-D: function "uart_sendChar" declared implicitly
"../Lab5 Code Files/lab5_template.c", line 62: warning #225-D: function "append" declared implicitly
"../Lab5 Code Files/lab5_template.c", line 64: warning #1696-D: multicharacter character literal (potential portability problem)
"../Lab5 Code Files/lab5_template.c", line 66: warning #169-D: argument of type "char" is incompatible with parameter of type "char *"
"../Lab5 Code Files/lab5_template.c", line 74: warning #161-D: declaration is incompatible with previous "append" (declared at line 62)
1 error detected in the compilation of "../Lab5 Code Files/lab5_template.c".
gmake: *** [Lab5 Code Files/lab5_template.obj] Error 1
gmake: Target 'all' not remade because of errors.

**** Build Finished ****

**** Build of configuration Debug for project Lab5 ****

"C:\\ti\\ccs1230\\ccs\\utils\\bin\\gmake" -k -j 20 all -O 
 
Building file: "../Lab5 Code Files/lab5_template.c"
Invoking: Arm Compiler
"C:/ti/ccs1230/ccs/tools/compiler/ti-cgt-arm_20.2.7.LTS/bin/armcl" -mv7M4 --code_state=16 --float_support=FPv4SPD16 -me --include_path="C:/ti/TivaWare_C_Series-2.2.0.295" --include_path="U:/CprE288/Lab5/Lab5" --include_path="C:/ti/ccs1230/ccs/tools/compiler/ti-cgt-arm_20.2.7.LTS/include" --define=ccs="ccs" --define=PART_TM4C123GH6PM -g --gcc --diag_warning=225 --diag_wrap=off --display_error_number --abi=eabi --preproc_with_compile --preproc_dependency="Lab5 Code Files/lab5_template.d_raw" --obj_directory="Lab5 Code Files"  "../Lab5 Code Files/lab5_template.c"
 
>> Compilation failure
Lab5 Code Files/subdir_rules.mk:23: recipe for target 'Lab5 Code Files/lab5_template.obj' failed
"../Lab5 Code Files/lab5_template.c", line 55: error #25: quoted string should contain at least one character
"../Lab5 Code Files/lab5_template.c", line 61: warning #225-D: function "uart_sendChar" declared implicitly
"../Lab5 Code Files/lab5_template.c", line 62: warning #225-D: function "append" declared implicitly
"../Lab5 Code Files/lab5_template.c", line 64: warning #1696-D: multicharacter character literal (potential portability problem)
"../Lab5 Code Files/lab5_template.c", line 66: warning #169-D: argument of type "char" is incompatible with parameter of type "char *"
"../Lab5 Code Files/lab5_template.c", line 74: warning #161-D: declaration is incompatible with previous "append" (declared at line 62)
1 error detected in the compilation of "../Lab5 Code Files/lab5_template.c".
gmake: *** [Lab5 Code Files/lab5_template.obj] Error 1
gmake: Target 'all' not remade because of errors.

**** Build Finished ****

**** Build of configuration Debug for project Lab5 ****

"C:\\ti\\ccs1230\\ccs\\utils\\bin\\gmake" -k -j 20 all -O 
 
Building file: "../Lab5 Code Files/lab5_template.c"
Invoking: Arm Compiler
"C:/ti/ccs1230/ccs/tools/compiler/ti-cgt-arm_20.2.7.LTS/bin/armcl" -mv7M4 --code_state=16 --float_support=FPv4SPD16 -me --include_path="C:/ti/TivaWare_C_Series-2.2.0.295" --include_path="U:/CprE288/Lab5/Lab5" --include_path="C:/ti/ccs1230/ccs/tools/compiler/ti-cgt-arm_20.2.7.LTS/include" --define=ccs="ccs" --define=PART_TM4C123GH6PM -g --gcc --diag_warning=225 --diag_wrap=off --display_error_number --abi=eabi --preproc_with_compile --preproc_dependency="Lab5 Code Files/lab5_template.d_raw" --obj_directory="Lab5 Code Files"  "../Lab5 Code Files/lab5_template.c"
"../Lab5 Code Files/lab5_template.c", line 55: warning #522-D: initialization with "{...}" expected for aggregate object
"../Lab5 Code Files/lab5_template.c", line 61: warning #225-D: function "uart_sendChar" declared implicitly
"../Lab5 Code Files/lab5_template.c", line 62: warning #225-D: function "append" declared implicitly
"../Lab5 Code Files/lab5_template.c", line 64: warning #1696-D: multicharacter character literal (potential portability problem)
"../Lab5 Code Files/lab5_template.c", line 66: warning #169-D: argument of type "char" is incompatible with parameter of type "char *"
"../Lab5 Code Files/lab5_template.c", line 74: warning #161-D: declaration is incompatible with previous "append" (declared at line 62)
Finished building: "../Lab5 Code Files/lab5_template.c"
 
Building target: "Lab5.out"
Invoking: Arm Linker
"C:/ti/ccs1230/ccs/tools/compiler/ti-cgt-arm_20.2.7.LTS/bin/armcl" -mv7M4 --code_state=16 --float_support=FPv4SPD16 -me --define=ccs="ccs" --define=PART_TM4C123GH6PM -g --gcc --diag_warning=225 --diag_wrap=off --display_error_number --abi=eabi -z -m"Lab5.map" --heap_size=4096 --stack_size=4096 -i"C:/ti/ccs1230/ccs/tools/compiler/ti-cgt-arm_20.2.7.LTS/lib" -i"C:/ti/ccs1230/ccs/tools/compiler/ti-cgt-arm_20.2.7.LTS/include" --reread_libs --diag_wrap=off --display_error_number --warn_sections --xml_link_info="Lab5_linkInfo.xml" --rom_model -o "Lab5.out" "./tm4c123gh6pm_startup_ccs.obj" "./Lab5 Code Files/Timer.obj" "./Lab5 Code Files/button.obj" "./Lab5 Code Files/lab5_template.obj" "./Lab5 Code Files/lcd.obj" "./Lab5 Code Files/uart.obj" "../tm4c123gh6pm.cmd" "../Lab5 Code Files/libcybotUART.lib"  -l"C:/ti/TivaWare_C_Series-2.2.0.295/driverlib/ccs/Debug/driverlib.lib" -llibc.a 
<Linking>
Finished building target: "Lab5.out"
 

**** Build Finished ****

**** Build of configuration Debug for project Lab5 ****

"C:\\ti\\ccs1230\\ccs\\utils\\bin\\gmake" -k -j 20 all -O 
 
gmake[1]: 'Lab5.out' is up to date.

**** Build Finished ****

**** Build of configuration Debug for project Lab5 ****

"C:\\ti\\ccs1230\\ccs\\utils\\bin\\gmake" -k -j 20 all -O 
 
Building file: "../Lab5 Code Files/uart.c"
Invoking: Arm Compiler
"C:/ti/ccs1230/ccs/tools/compiler/ti-cgt-arm_20.2.7.LTS/bin/armcl" -mv7M4 --code_state=16 --float_support=FPv4SPD16 -me --include_path="C:/ti/TivaWare_C_Series-2.2.0.295" --include_path="U:/CprE288/Lab5/Lab5" --include_path="C:/ti/ccs1230/ccs/tools/compiler/ti-cgt-arm_20.2.7.LTS/include" --define=ccs="ccs" --define=PART_TM4C123GH6PM -g --gcc --diag_warning=225 --diag_wrap=off --display_error_number --abi=eabi --preproc_with_compile --preproc_dependency="Lab5 Code Files/uart.d_raw" --obj_directory="Lab5 Code Files"  "../Lab5 Code Files/uart.c"
Finished building: "../Lab5 Code Files/uart.c"
 
Building target: "Lab5.out"
Invoking: Arm Linker
"C:/ti/ccs1230/ccs/tools/compiler/ti-cgt-arm_20.2.7.LTS/bin/armcl" -mv7M4 --code_state=16 --float_support=FPv4SPD16 -me --define=ccs="ccs" --define=PART_TM4C123GH6PM -g --gcc --diag_warning=225 --diag_wrap=off --display_error_number --abi=eabi -z -m"Lab5.map" --heap_size=4096 --stack_size=4096 -i"C:/ti/ccs1230/ccs/tools/compiler/ti-cgt-arm_20.2.7.LTS/lib" -i"C:/ti/ccs1230/ccs/tools/compiler/ti-cgt-arm_20.2.7.LTS/include" --reread_libs --diag_wrap=off --display_error_number --warn_sections --xml_link_info="Lab5_linkInfo.xml" --rom_model -o "Lab5.out" "./tm4c123gh6pm_startup_ccs.obj" "./Lab5 Code Files/Timer.obj" "./Lab5 Code Files/button.obj" "./Lab5 Code Files/lab5_template.obj" "./Lab5 Code Files/lcd.obj" "./Lab5 Code Files/uart.obj" "../tm4c123gh6pm.cmd" "../Lab5 Code Files/libcybotUART.lib"  -l"C:/ti/TivaWare_C_Series-2.2.0.295/driverlib/ccs/Debug/driverlib.lib" -llibc.a 
<Linking>
Finished building target: "Lab5.out"
 

**** Build Finished ****

**** Build of configuration Debug for project Lab5 ****

"C:\\ti\\ccs1230\\ccs\\utils\\bin\\gmake" -k -j 20 all -O 
 
Building file: "../Lab5 Code Files/lab5_template.c"
Invoking: Arm Compiler
"C:/ti/ccs1230/ccs/tools/compiler/ti-cgt-arm_20.2.7.LTS/bin/armcl" -mv7M4 --code_state=16 --float_support=FPv4SPD16 -me --include_path="C:/ti/TivaWare_C_Series-2.2.0.295" --include_path="U:/CprE288/Lab5/Lab5" --include_path="C:/ti/ccs1230/ccs/tools/compiler/ti-cgt-arm_20.2.7.LTS/include" --define=ccs="ccs" --define=PART_TM4C123GH6PM -g --gcc --diag_warning=225 --diag_wrap=off --display_error_number --abi=eabi --preproc_with_compile --preproc_dependency="Lab5 Code Files/lab5_template.d_raw" --obj_directory="Lab5 Code Files"  "../Lab5 Code Files/lab5_template.c"
"../Lab5 Code Files/lab5_template.c", line 71: warning #225-D: function "uart_sendChar" declared implicitly
"../Lab5 Code Files/lab5_template.c", line 74: warning #225-D: function "uart_sendChar" declared implicitly
Finished building: "../Lab5 Code Files/lab5_template.c"
 
Building target: "Lab5.out"
Invoking: Arm Linker
"C:/ti/ccs1230/ccs/tools/compiler/ti-cgt-arm_20.2.7.LTS/bin/armcl" -mv7M4 --code_state=16 --float_support=FPv4SPD16 -me --define=ccs="ccs" --define=PART_TM4C123GH6PM -g --gcc --diag_warning=225 --diag_wrap=off --display_error_number --abi=eabi -z -m"Lab5.map" --heap_size=4096 --stack_size=4096 -i"C:/ti/ccs1230/ccs/tools/compiler/ti-cgt-arm_20.2.7.LTS/lib" -i"C:/ti/ccs1230/ccs/tools/compiler/ti-cgt-arm_20.2.7.LTS/include" --reread_libs --diag_wrap=off --display_error_number --warn_sections --xml_link_info="Lab5_linkInfo.xml" --rom_model -o "Lab5.out" "./tm4c123gh6pm_startup_ccs.obj" "./Lab5 Code Files/Timer.obj" "./Lab5 Code Files/button.obj" "./Lab5 Code Files/lab5_template.obj" "./Lab5 Code Files/lcd.obj" "./Lab5 Code Files/uart.obj" "../tm4c123gh6pm.cmd" "../Lab5 Code Files/libcybotUART.lib"  -l"C:/ti/TivaWare_C_Series-2.2.0.295/driverlib/ccs/Debug/driverlib.lib" -llibc.a 
<Linking>
Finished building target: "Lab5.out"
 

**** Build Finished ****

**** Build of configuration Debug for project Lab5 ****

"C:\\ti\\ccs1230\\ccs\\utils\\bin\\gmake" -k -j 20 all -O 
 
Building file: "../Lab5 Code Files/lab5_template.c"
Invoking: Arm Compiler
"C:/ti/ccs1230/ccs/tools/compiler/ti-cgt-arm_20.2.7.LTS/bin/armcl" -mv7M4 --code_state=16 --float_support=FPv4SPD16 -me --include_path="C:/ti/TivaWare_C_Series-2.2.0.295" --include_path="U:/CprE288/Lab5/Lab5" --include_path="C:/ti/ccs1230/ccs/tools/compiler/ti-cgt-arm_20.2.7.LTS/include" --define=ccs="ccs" --define=PART_TM4C123GH6PM -g --gcc --diag_warning=225 --diag_wrap=off --display_error_number --abi=eabi --preproc_with_compile --preproc_dependency="Lab5 Code Files/lab5_template.d_raw" --obj_directory="Lab5 Code Files"  "../Lab5 Code Files/lab5_template.c"
"../Lab5 Code Files/lab5_template.c", line 68: warning #225-D: function "uart_sendChar" declared implicitly
"../Lab5 Code Files/lab5_template.c", line 74: warning #225-D: function "uart_sendChar" declared implicitly
Finished building: "../Lab5 Code Files/lab5_template.c"
 
Building target: "Lab5.out"
Invoking: Arm Linker
"C:/ti/ccs1230/ccs/tools/compiler/ti-cgt-arm_20.2.7.LTS/bin/armcl" -mv7M4 --code_state=16 --float_support=FPv4SPD16 -me --define=ccs="ccs" --define=PART_TM4C123GH6PM -g --gcc --diag_warning=225 --diag_wrap=off --display_error_number --abi=eabi -z -m"Lab5.map" --heap_size=4096 --stack_size=4096 -i"C:/ti/ccs1230/ccs/tools/compiler/ti-cgt-arm_20.2.7.LTS/lib" -i"C:/ti/ccs1230/ccs/tools/compiler/ti-cgt-arm_20.2.7.LTS/include" --reread_libs --diag_wrap=off --display_error_number --warn_sections --xml_link_info="Lab5_linkInfo.xml" --rom_model -o "Lab5.out" "./tm4c123gh6pm_startup_ccs.obj" "./Lab5 Code Files/Timer.obj" "./Lab5 Code Files/button.obj" "./Lab5 Code Files/lab5_template.obj" "./Lab5 Code Files/lcd.obj" "./Lab5 Code Files/uart.obj" "../tm4c123gh6pm.cmd" "../Lab5 Code Files/libcybotUART.lib"  -l"C:/ti/TivaWare_C_Series-2.2.0.295/driverlib/ccs/Debug/driverlib.lib" -llibc.a 
<Linking>
Finished building target: "Lab5.out"
 

**** Build Finished ****

**** Build of configuration Debug for project Lab5 ****

"C:\\ti\\ccs1230\\ccs\\utils\\bin\\gmake" -k -j 20 all -O 
 
gmake[1]: 'Lab5.out' is up to date.

**** Build Finished ****

**** Build of configuration Debug for project Lab5 ****

"C:\\ti\\ccs1230\\ccs\\utils\\bin\\gmake" -k -j 20 all -O 
 
Building file: "../Lab5 Code Files/lab5_template.c"
Invoking: Arm Compiler
"C:/ti/ccs1230/ccs/tools/compiler/ti-cgt-arm_20.2.7.LTS/bin/armcl" -mv7M4 --code_state=16 --float_support=FPv4SPD16 -me --include_path="C:/ti/TivaWare_C_Series-2.2.0.295" --include_path="U:/CprE288/Lab5/Lab5" --include_path="C:/ti/ccs1230/ccs/tools/compiler/ti-cgt-arm_20.2.7.LTS/include" --define=ccs="ccs" --define=PART_TM4C123GH6PM -g --gcc --diag_warning=225 --diag_wrap=off --display_error_number --abi=eabi --preproc_with_compile --preproc_dependency="Lab5 Code Files/lab5_template.d_raw" --obj_directory="Lab5 Code Files"  "../Lab5 Code Files/lab5_template.c"
"../Lab5 Code Files/lab5_template.c", line 68: warning #225-D: function "uart_sendChar" declared implicitly
"../Lab5 Code Files/lab5_template.c", line 75: warning #225-D: function "uart_sendChar" declared implicitly
Finished building: "../Lab5 Code Files/lab5_template.c"
 
Building target: "Lab5.out"
Invoking: Arm Linker
"C:/ti/ccs1230/ccs/tools/compiler/ti-cgt-arm_20.2.7.LTS/bin/armcl" -mv7M4 --code_state=16 --float_support=FPv4SPD16 -me --define=ccs="ccs" --define=PART_TM4C123GH6PM -g --gcc --diag_warning=225 --diag_wrap=off --display_error_number --abi=eabi -z -m"Lab5.map" --heap_size=4096 --stack_size=4096 -i"C:/ti/ccs1230/ccs/tools/compiler/ti-cgt-arm_20.2.7.LTS/lib" -i"C:/ti/ccs1230/ccs/tools/compiler/ti-cgt-arm_20.2.7.LTS/include" --reread_libs --diag_wrap=off --display_error_number --warn_sections --xml_link_info="Lab5_linkInfo.xml" --rom_model -o "Lab5.out" "./tm4c123gh6pm_startup_ccs.obj" "./Lab5 Code Files/Timer.obj" "./Lab5 Code Files/button.obj" "./Lab5 Code Files/lab5_template.obj" "./Lab5 Code Files/lcd.obj" "./Lab5 Code Files/uart.obj" "../tm4c123gh6pm.cmd" "../Lab5 Code Files/libcybotUART.lib"  -l"C:/ti/TivaWare_C_Series-2.2.0.295/driverlib/ccs/Debug/driverlib.lib" -llibc.a 
<Linking>
Finished building target: "Lab5.out"
 

**** Build Finished ****

**** Build of configuration Debug for project Lab5 ****

"C:\\ti\\ccs1230\\ccs\\utils\\bin\\gmake" -k -j 20 all -O 
 
Building file: "../Lab5 Code Files/lab5_template.c"
Invoking: Arm Compiler
"C:/ti/ccs1230/ccs/tools/compiler/ti-cgt-arm_20.2.7.LTS/bin/armcl" -mv7M4 --code_state=16 --float_support=FPv4SPD16 -me --include_path="C:/ti/TivaWare_C_Series-2.2.0.295" --include_path="U:/CprE288/Lab5/Lab5" --include_path="C:/ti/ccs1230/ccs/tools/compiler/ti-cgt-arm_20.2.7.LTS/include" --define=ccs="ccs" --define=PART_TM4C123GH6PM -g --gcc --diag_warning=225 --diag_wrap=off --display_error_number --abi=eabi --preproc_with_compile --preproc_dependency="Lab5 Code Files/lab5_template.d_raw" --obj_directory="Lab5 Code Files"  "../Lab5 Code Files/lab5_template.c"
"../Lab5 Code Files/lab5_template.c", line 68: warning #225-D: function "uart_sendChar" declared implicitly
"../Lab5 Code Files/lab5_template.c", line 72: warning #225-D: function "uart_sendChar" declared implicitly
"../Lab5 Code Files/lab5_template.c", line 76: warning #225-D: function "uart_sendChar" declared implicitly
Finished building: "../Lab5 Code Files/lab5_template.c"
 
Building target: "Lab5.out"
Invoking: Arm Linker
"C:/ti/ccs1230/ccs/tools/compiler/ti-cgt-arm_20.2.7.LTS/bin/armcl" -mv7M4 --code_state=16 --float_support=FPv4SPD16 -me --define=ccs="ccs" --define=PART_TM4C123GH6PM -g --gcc --diag_warning=225 --diag_wrap=off --display_error_number --abi=eabi -z -m"Lab5.map" --heap_size=4096 --stack_size=4096 -i"C:/ti/ccs1230/ccs/tools/compiler/ti-cgt-arm_20.2.7.LTS/lib" -i"C:/ti/ccs1230/ccs/tools/compiler/ti-cgt-arm_20.2.7.LTS/include" --reread_libs --diag_wrap=off --display_error_number --warn_sections --xml_link_info="Lab5_linkInfo.xml" --rom_model -o "Lab5.out" "./tm4c123gh6pm_startup_ccs.obj" "./Lab5 Code Files/Timer.obj" "./Lab5 Code Files/button.obj" "./Lab5 Code Files/lab5_template.obj" "./Lab5 Code Files/lcd.obj" "./Lab5 Code Files/uart.obj" "../tm4c123gh6pm.cmd" "../Lab5 Code Files/libcybotUART.lib"  -l"C:/ti/TivaWare_C_Series-2.2.0.295/driverlib/ccs/Debug/driverlib.lib" -llibc.a 
<Linking>
Finished building target: "Lab5.out"
 

**** Build Finished ****

**** Build of configuration Debug for project Lab5 ****

"C:\\ti\\ccs1230\\ccs\\utils\\bin\\gmake" -k -j 20 all -O 
 
gmake[1]: 'Lab5.out' is up to date.

**** Build Finished ****

**** Build of configuration Debug for project Lab5 ****

"C:\\ti\\ccs1230\\ccs\\utils\\bin\\gmake" -k -j 20 all -O 
 
Building file: "../Lab5 Code Files/lab5_template.c"
Invoking: Arm Compiler
"C:/ti/ccs1230/ccs/tools/compiler/ti-cgt-arm_20.2.7.LTS/bin/armcl" -mv7M4 --code_state=16 --float_support=FPv4SPD16 -me --include_path="C:/ti/TivaWare_C_Series-2.2.0.295" --include_path="U:/CprE288/Lab5/Lab5" --include_path="C:/ti/ccs1230/ccs/tools/compiler/ti-cgt-arm_20.2.7.LTS/include" --define=ccs="ccs" --define=PART_TM4C123GH6PM -g --gcc --diag_warning=225 --diag_wrap=off --display_error_number --abi=eabi --preproc_with_compile --preproc_dependency="Lab5 Code Files/lab5_template.d_raw" --obj_directory="Lab5 Code Files"  "../Lab5 Code Files/lab5_template.c"
"../Lab5 Code Files/lab5_template.c", line 68: warning #225-D: function "uart_sendChar" declared implicitly
"../Lab5 Code Files/lab5_template.c", line 72: warning #225-D: function "uart_sendChar" declared implicitly
"../Lab5 Code Files/lab5_template.c", line 76: warning #225-D: function "uart_sendChar" declared implicitly
Finished building: "../Lab5 Code Files/lab5_template.c"
 
Building target: "Lab5.out"
Invoking: Arm Linker
"C:/ti/ccs1230/ccs/tools/compiler/ti-cgt-arm_20.2.7.LTS/bin/armcl" -mv7M4 --code_state=16 --float_support=FPv4SPD16 -me --define=ccs="ccs" --define=PART_TM4C123GH6PM -g --gcc --diag_warning=225 --diag_wrap=off --display_error_number --abi=eabi -z -m"Lab5.map" --heap_size=4096 --stack_size=4096 -i"C:/ti/ccs1230/ccs/tools/compiler/ti-cgt-arm_20.2.7.LTS/lib" -i"C:/ti/ccs1230/ccs/tools/compiler/ti-cgt-arm_20.2.7.LTS/include" --reread_libs --diag_wrap=off --display_error_number --warn_sections --xml_link_info="Lab5_linkInfo.xml" --rom_model -o "Lab5.out" "./tm4c123gh6pm_startup_ccs.obj" "./Lab5 Code Files/Timer.obj" "./Lab5 Code Files/button.obj" "./Lab5 Code Files/lab5_template.obj" "./Lab5 Code Files/lcd.obj" "./Lab5 Code Files/uart.obj" "../tm4c123gh6pm.cmd" "../Lab5 Code Files/libcybotUART.lib"  -l"C:/ti/TivaWare_C_Series-2.2.0.295/driverlib/ccs/Debug/driverlib.lib" -llibc.a 
<Linking>
Finished building target: "Lab5.out"
 

**** Build Finished ****

**** Build of configuration Debug for project Lab5 ****

"C:\\ti\\ccs1230\\ccs\\utils\\bin\\gmake" -k -j 20 all -O 
 
Building file: "../Lab5 Code Files/lab5_template.c"
Invoking: Arm Compiler
"C:/ti/ccs1230/ccs/tools/compiler/ti-cgt-arm_20.2.7.LTS/bin/armcl" -mv7M4 --code_state=16 --float_support=FPv4SPD16 -me --include_path="C:/ti/TivaWare_C_Series-2.2.0.295" --include_path="U:/CprE288/Lab5/Lab5" --include_path="C:/ti/ccs1230/ccs/tools/compiler/ti-cgt-arm_20.2.7.LTS/include" --define=ccs="ccs" --define=PART_TM4C123GH6PM -g --gcc --diag_warning=225 --diag_wrap=off --display_error_number --abi=eabi --preproc_with_compile --preproc_dependency="Lab5 Code Files/lab5_template.d_raw" --obj_directory="Lab5 Code Files"  "../Lab5 Code Files/lab5_template.c"
"../Lab5 Code Files/lab5_template.c", line 68: warning #225-D: function "uart_sendChar" declared implicitly
"../Lab5 Code Files/lab5_template.c", line 72: warning #225-D: function "uart_sendChar" declared implicitly
"../Lab5 Code Files/lab5_template.c", line 76: warning #225-D: function "uart_sendChar" declared implicitly
Finished building: "../Lab5 Code Files/lab5_template.c"
 
Building target: "Lab5.out"
Invoking: Arm Linker
"C:/ti/ccs1230/ccs/tools/compiler/ti-cgt-arm_20.2.7.LTS/bin/armcl" -mv7M4 --code_state=16 --float_support=FPv4SPD16 -me --define=ccs="ccs" --define=PART_TM4C123GH6PM -g --gcc --diag_warning=225 --diag_wrap=off --display_error_number --abi=eabi -z -m"Lab5.map" --heap_size=4096 --stack_size=4096 -i"C:/ti/ccs1230/ccs/tools/compiler/ti-cgt-arm_20.2.7.LTS/lib" -i"C:/ti/ccs1230/ccs/tools/compiler/ti-cgt-arm_20.2.7.LTS/include" --reread_libs --diag_wrap=off --display_error_number --warn_sections --xml_link_info="Lab5_linkInfo.xml" --rom_model -o "Lab5.out" "./tm4c123gh6pm_startup_ccs.obj" "./Lab5 Code Files/Timer.obj" "./Lab5 Code Files/button.obj" "./Lab5 Code Files/lab5_template.obj" "./Lab5 Code Files/lcd.obj" "./Lab5 Code Files/uart.obj" "../tm4c123gh6pm.cmd" "../Lab5 Code Files/libcybotUART.lib"  -l"C:/ti/TivaWare_C_Series-2.2.0.295/driverlib/ccs/Debug/driverlib.lib" -llibc.a 
<Linking>
Finished building target: "Lab5.out"
 

**** Build Finished ****

**** Build of configuration Debug for project Lab5 ****

"C:\\ti\\ccs1230\\ccs\\utils\\bin\\gmake" -k -j 20 all -O 
 
Building file: "../Lab5 Code Files/lab5_template.c"
Invoking: Arm Compiler
"C:/ti/ccs1230/ccs/tools/compiler/ti-cgt-arm_20.2.7.LTS/bin/armcl" -mv7M4 --code_state=16 --float_support=FPv4SPD16 -me --include_path="C:/ti/TivaWare_C_Series-2.2.0.295" --include_path="U:/CprE288/Lab5/Lab5" --include_path="C:/ti/ccs1230/ccs/tools/compiler/ti-cgt-arm_20.2.7.LTS/include" --define=ccs="ccs" --define=PART_TM4C123GH6PM -g --gcc --diag_warning=225 --diag_wrap=off --display_error_number --abi=eabi --preproc_with_compile --preproc_dependency="Lab5 Code Files/lab5_template.d_raw" --obj_directory="Lab5 Code Files"  "../Lab5 Code Files/lab5_template.c"
"../Lab5 Code Files/lab5_template.c", line 68: warning #225-D: function "uart_sendChar" declared implicitly
"../Lab5 Code Files/lab5_template.c", line 72: warning #225-D: function "uart_sendChar" declared implicitly
"../Lab5 Code Files/lab5_template.c", line 76: warning #225-D: function "uart_sendChar" declared implicitly
Finished building: "../Lab5 Code Files/lab5_template.c"
 
Building target: "Lab5.out"
Invoking: Arm Linker
"C:/ti/ccs1230/ccs/tools/compiler/ti-cgt-arm_20.2.7.LTS/bin/armcl" -mv7M4 --code_state=16 --float_support=FPv4SPD16 -me --define=ccs="ccs" --define=PART_TM4C123GH6PM -g --gcc --diag_warning=225 --diag_wrap=off --display_error_number --abi=eabi -z -m"Lab5.map" --heap_size=4096 --stack_size=4096 -i"C:/ti/ccs1230/ccs/tools/compiler/ti-cgt-arm_20.2.7.LTS/lib" -i"C:/ti/ccs1230/ccs/tools/compiler/ti-cgt-arm_20.2.7.LTS/include" --reread_libs --diag_wrap=off --display_error_number --warn_sections --xml_link_info="Lab5_linkInfo.xml" --rom_model -o "Lab5.out" "./tm4c123gh6pm_startup_ccs.obj" "./Lab5 Code Files/Timer.obj" "./Lab5 Code Files/button.obj" "./Lab5 Code Files/lab5_template.obj" "./Lab5 Code Files/lcd.obj" "./Lab5 Code Files/uart.obj" "../tm4c123gh6pm.cmd" "../Lab5 Code Files/libcybotUART.lib"  -l"C:/ti/TivaWare_C_Series-2.2.0.295/driverlib/ccs/Debug/driverlib.lib" -llibc.a 
<Linking>
Finished building target: "Lab5.out"
 

**** Build Finished ****

**** Build of configuration Debug for project Lab5 ****

"C:\\ti\\ccs1230\\ccs\\utils\\bin\\gmake" -k -j 20 all -O 
 
gmake[1]: 'Lab5.out' is up to date.

**** Build Finished ****

**** Build of configuration Debug for project Lab5 ****

"C:\\ti\\ccs1230\\ccs\\utils\\bin\\gmake" -k -j 20 all -O 
 
Building file: "../Lab5 Code Files/lab5_template.c"
Invoking: Arm Compiler
"C:/ti/ccs1230/ccs/tools/compiler/ti-cgt-arm_20.2.7.LTS/bin/armcl" -mv7M4 --code_state=16 --float_support=FPv4SPD16 -me --include_path="C:/ti/TivaWare_C_Series-2.2.0.295" --include_path="U:/CprE288/Lab5/Lab5" --include_path="C:/ti/ccs1230/ccs/tools/compiler/ti-cgt-arm_20.2.7.LTS/include" --define=ccs="ccs" --define=PART_TM4C123GH6PM -g --gcc --diag_warning=225 --diag_wrap=off --display_error_number --abi=eabi --preproc_with_compile --preproc_dependency="Lab5 Code Files/lab5_template.d_raw" --obj_directory="Lab5 Code Files"  "../Lab5 Code Files/lab5_template.c"
"../Lab5 Code Files/lab5_template.c", line 71: warning #225-D: function "uart_sendChar" declared implicitly
"../Lab5 Code Files/lab5_template.c", line 75: warning #225-D: function "uart_sendChar" declared implicitly
Finished building: "../Lab5 Code Files/lab5_template.c"
 
Building target: "Lab5.out"
Invoking: Arm Linker
"C:/ti/ccs1230/ccs/tools/compiler/ti-cgt-arm_20.2.7.LTS/bin/armcl" -mv7M4 --code_state=16 --float_support=FPv4SPD16 -me --define=ccs="ccs" --define=PART_TM4C123GH6PM -g --gcc --diag_warning=225 --diag_wrap=off --display_error_number --abi=eabi -z -m"Lab5.map" --heap_size=4096 --stack_size=4096 -i"C:/ti/ccs1230/ccs/tools/compiler/ti-cgt-arm_20.2.7.LTS/lib" -i"C:/ti/ccs1230/ccs/tools/compiler/ti-cgt-arm_20.2.7.LTS/include" --reread_libs --diag_wrap=off --display_error_number --warn_sections --xml_link_info="Lab5_linkInfo.xml" --rom_model -o "Lab5.out" "./tm4c123gh6pm_startup_ccs.obj" "./Lab5 Code Files/Timer.obj" "./Lab5 Code Files/button.obj" "./Lab5 Code Files/lab5_template.obj" "./Lab5 Code Files/lcd.obj" "./Lab5 Code Files/uart.obj" "../tm4c123gh6pm.cmd" "../Lab5 Code Files/libcybotUART.lib"  -l"C:/ti/TivaWare_C_Series-2.2.0.295/driverlib/ccs/Debug/driverlib.lib" -llibc.a 
<Linking>
Finished building target: "Lab5.out"
 

**** Build Finished ****

**** Build of configuration Debug for project Lab5 ****

"C:\\ti\\ccs1230\\ccs\\utils\\bin\\gmake" -k -j 20 all -O 
 
Building file: "../Lab5 Code Files/lab5_template.c"
Invoking: Arm Compiler
"C:/ti/ccs1230/ccs/tools/compiler/ti-cgt-arm_20.2.7.LTS/bin/armcl" -mv7M4 --code_state=16 --float_support=FPv4SPD16 -me --include_path="C:/ti/TivaWare_C_Series-2.2.0.295" --include_path="U:/CprE288/Lab5/Lab5" --include_path="C:/ti/ccs1230/ccs/tools/compiler/ti-cgt-arm_20.2.7.LTS/include" --define=ccs="ccs" --define=PART_TM4C123GH6PM -g --gcc --diag_warning=225 --diag_wrap=off --display_error_number --abi=eabi --preproc_with_compile --preproc_dependency="Lab5 Code Files/lab5_template.d_raw" --obj_directory="Lab5 Code Files"  "../Lab5 Code Files/lab5_template.c"
"../Lab5 Code Files/lab5_template.c", line 71: warning #225-D: function "uart_sendChar" declared implicitly
"../Lab5 Code Files/lab5_template.c", line 75: warning #225-D: function "uart_sendChar" declared implicitly
Finished building: "../Lab5 Code Files/lab5_template.c"
 
Building target: "Lab5.out"
Invoking: Arm Linker
"C:/ti/ccs1230/ccs/tools/compiler/ti-cgt-arm_20.2.7.LTS/bin/armcl" -mv7M4 --code_state=16 --float_support=FPv4SPD16 -me --define=ccs="ccs" --define=PART_TM4C123GH6PM -g --gcc --diag_warning=225 --diag_wrap=off --display_error_number --abi=eabi -z -m"Lab5.map" --heap_size=4096 --stack_size=4096 -i"C:/ti/ccs1230/ccs/tools/compiler/ti-cgt-arm_20.2.7.LTS/lib" -i"C:/ti/ccs1230/ccs/tools/compiler/ti-cgt-arm_20.2.7.LTS/include" --reread_libs --diag_wrap=off --display_error_number --warn_sections --xml_link_info="Lab5_linkInfo.xml" --rom_model -o "Lab5.out" "./tm4c123gh6pm_startup_ccs.obj" "./Lab5 Code Files/Timer.obj" "./Lab5 Code Files/button.obj" "./Lab5 Code Files/lab5_template.obj" "./Lab5 Code Files/lcd.obj" "./Lab5 Code Files/uart.obj" "../tm4c123gh6pm.cmd" "../Lab5 Code Files/libcybotUART.lib"  -l"C:/ti/TivaWare_C_Series-2.2.0.295/driverlib/ccs/Debug/driverlib.lib" -llibc.a 
<Linking>
Finished building target: "Lab5.out"
 

**** Build Finished ****

**** Build of configuration Debug for project Lab5 ****

"C:\\ti\\ccs1230\\ccs\\utils\\bin\\gmake" -k -j 20 all -O 
 
Building file: "../Lab5 Code Files/lab5_template.c"
Invoking: Arm Compiler
"C:/ti/ccs1230/ccs/tools/compiler/ti-cgt-arm_20.2.7.LTS/bin/armcl" -mv7M4 --code_state=16 --float_support=FPv4SPD16 -me --include_path="C:/ti/TivaWare_C_Series-2.2.0.295" --include_path="U:/CprE288/Lab5/Lab5" --include_path="C:/ti/ccs1230/ccs/tools/compiler/ti-cgt-arm_20.2.7.LTS/include" --define=ccs="ccs" --define=PART_TM4C123GH6PM -g --gcc --diag_warning=225 --diag_wrap=off --display_error_number --abi=eabi --preproc_with_compile --preproc_dependency="Lab5 Code Files/lab5_template.d_raw" --obj_directory="Lab5 Code Files"  "../Lab5 Code Files/lab5_template.c"
"../Lab5 Code Files/lab5_template.c", line 71: warning #225-D: function "uart_sendChar" declared implicitly
"../Lab5 Code Files/lab5_template.c", line 75: warning #225-D: function "uart_sendChar" declared implicitly
Finished building: "../Lab5 Code Files/lab5_template.c"
 
Building target: "Lab5.out"
Invoking: Arm Linker
"C:/ti/ccs1230/ccs/tools/compiler/ti-cgt-arm_20.2.7.LTS/bin/armcl" -mv7M4 --code_state=16 --float_support=FPv4SPD16 -me --define=ccs="ccs" --define=PART_TM4C123GH6PM -g --gcc --diag_warning=225 --diag_wrap=off --display_error_number --abi=eabi -z -m"Lab5.map" --heap_size=4096 --stack_size=4096 -i"C:/ti/ccs1230/ccs/tools/compiler/ti-cgt-arm_20.2.7.LTS/lib" -i"C:/ti/ccs1230/ccs/tools/compiler/ti-cgt-arm_20.2.7.LTS/include" --reread_libs --diag_wrap=off --display_error_number --warn_sections --xml_link_info="Lab5_linkInfo.xml" --rom_model -o "Lab5.out" "./tm4c123gh6pm_startup_ccs.obj" "./Lab5 Code Files/Timer.obj" "./Lab5 Code Files/button.obj" "./Lab5 Code Files/lab5_template.obj" "./Lab5 Code Files/lcd.obj" "./Lab5 Code Files/uart.obj" "../tm4c123gh6pm.cmd" "../Lab5 Code Files/libcybotUART.lib"  -l"C:/ti/TivaWare_C_Series-2.2.0.295/driverlib/ccs/Debug/driverlib.lib" -llibc.a 
<Linking>
Finished building target: "Lab5.out"
 

**** Build Finished ****

**** Build of configuration Debug for project Lab5 ****

"C:\\ti\\ccs1230\\ccs\\utils\\bin\\gmake" -k -j 20 all -O 
 
Building file: "../Lab5 Code Files/lab5_template.c"
Invoking: Arm Compiler
"C:/ti/ccs1230/ccs/tools/compiler/ti-cgt-arm_20.2.7.LTS/bin/armcl" -mv7M4 --code_state=16 --float_support=FPv4SPD16 -me --include_path="C:/ti/TivaWare_C_Series-2.2.0.295" --include_path="U:/CprE288/Lab5/Lab5" --include_path="C:/ti/ccs1230/ccs/tools/compiler/ti-cgt-arm_20.2.7.LTS/include" --define=ccs="ccs" --define=PART_TM4C123GH6PM -g --gcc --diag_warning=225 --diag_wrap=off --display_error_number --abi=eabi --preproc_with_compile --preproc_dependency="Lab5 Code Files/lab5_template.d_raw" --obj_directory="Lab5 Code Files"  "../Lab5 Code Files/lab5_template.c"
"../Lab5 Code Files/lab5_template.c", line 71: warning #225-D: function "uart_sendChar" declared implicitly
"../Lab5 Code Files/lab5_template.c", line 75: warning #225-D: function "uart_sendChar" declared implicitly
Finished building: "../Lab5 Code Files/lab5_template.c"
 
Building target: "Lab5.out"
Invoking: Arm Linker
"C:/ti/ccs1230/ccs/tools/compiler/ti-cgt-arm_20.2.7.LTS/bin/armcl" -mv7M4 --code_state=16 --float_support=FPv4SPD16 -me --define=ccs="ccs" --define=PART_TM4C123GH6PM -g --gcc --diag_warning=225 --diag_wrap=off --display_error_number --abi=eabi -z -m"Lab5.map" --heap_size=4096 --stack_size=4096 -i"C:/ti/ccs1230/ccs/tools/compiler/ti-cgt-arm_20.2.7.LTS/lib" -i"C:/ti/ccs1230/ccs/tools/compiler/ti-cgt-arm_20.2.7.LTS/include" --reread_libs --diag_wrap=off --display_error_number --warn_sections --xml_link_info="Lab5_linkInfo.xml" --rom_model -o "Lab5.out" "./tm4c123gh6pm_startup_ccs.obj" "./Lab5 Code Files/Timer.obj" "./Lab5 Code Files/button.obj" "./Lab5 Code Files/lab5_template.obj" "./Lab5 Code Files/lcd.obj" "./Lab5 Code Files/uart.obj" "../tm4c123gh6pm.cmd" "../Lab5 Code Files/libcybotUART.lib"  -l"C:/ti/TivaWare_C_Series-2.2.0.295/driverlib/ccs/Debug/driverlib.lib" -llibc.a 
<Linking>
Finished building target: "Lab5.out"
 

**** Build Finished ****

**** Build of configuration Debug for project Lab5 ****

"C:\\ti\\ccs1230\\ccs\\utils\\bin\\gmake" -k -j 20 all -O 
 
Building file: "../Lab5 Code Files/lab5_template.c"
Invoking: Arm Compiler
"C:/ti/ccs1230/ccs/tools/compiler/ti-cgt-arm_20.2.7.LTS/bin/armcl" -mv7M4 --code_state=16 --float_support=FPv4SPD16 -me --include_path="C:/ti/TivaWare_C_Series-2.2.0.295" --include_path="U:/CprE288/Lab5/Lab5" --include_path="C:/ti/ccs1230/ccs/tools/compiler/ti-cgt-arm_20.2.7.LTS/include" --define=ccs="ccs" --define=PART_TM4C123GH6PM -g --gcc --diag_warning=225 --diag_wrap=off --display_error_number --abi=eabi --preproc_with_compile --preproc_dependency="Lab5 Code Files/lab5_template.d_raw" --obj_directory="Lab5 Code Files"  "../Lab5 Code Files/lab5_template.c"
"../Lab5 Code Files/lab5_template.c", line 68: warning #225-D: function "uart_sendStr" declared implicitly
"../Lab5 Code Files/lab5_template.c", line 72: warning #225-D: function "uart_sendChar" declared implicitly
"../Lab5 Code Files/lab5_template.c", line 76: warning #225-D: function "uart_sendChar" declared implicitly
Finished building: "../Lab5 Code Files/lab5_template.c"
 
Building target: "Lab5.out"
Invoking: Arm Linker
"C:/ti/ccs1230/ccs/tools/compiler/ti-cgt-arm_20.2.7.LTS/bin/armcl" -mv7M4 --code_state=16 --float_support=FPv4SPD16 -me --define=ccs="ccs" --define=PART_TM4C123GH6PM -g --gcc --diag_warning=225 --diag_wrap=off --display_error_number --abi=eabi -z -m"Lab5.map" --heap_size=4096 --stack_size=4096 -i"C:/ti/ccs1230/ccs/tools/compiler/ti-cgt-arm_20.2.7.LTS/lib" -i"C:/ti/ccs1230/ccs/tools/compiler/ti-cgt-arm_20.2.7.LTS/include" --reread_libs --diag_wrap=off --display_error_number --warn_sections --xml_link_info="Lab5_linkInfo.xml" --rom_model -o "Lab5.out" "./tm4c123gh6pm_startup_ccs.obj" "./Lab5 Code Files/Timer.obj" "./Lab5 Code Files/button.obj" "./Lab5 Code Files/lab5_template.obj" "./Lab5 Code Files/lcd.obj" "./Lab5 Code Files/uart.obj" "../tm4c123gh6pm.cmd" "../Lab5 Code Files/libcybotUART.lib"  -l"C:/ti/TivaWare_C_Series-2.2.0.295/driverlib/ccs/Debug/driverlib.lib" -llibc.a 
<Linking>
Finished building target: "Lab5.out"
 

**** Build Finished ****

**** Build of configuration Debug for project Lab5 ****

"C:\\ti\\ccs1230\\ccs\\utils\\bin\\gmake" -k -j 20 all -O 
 
Building file: "../Lab5 Code Files/lab5_template.c"
Invoking: Arm Compiler
"C:/ti/ccs1230/ccs/tools/compiler/ti-cgt-arm_20.2.7.LTS/bin/armcl" -mv7M4 --code_state=16 --float_support=FPv4SPD16 -me --include_path="C:/ti/TivaWare_C_Series-2.2.0.295" --include_path="U:/CprE288/Lab5/Lab5" --include_path="C:/ti/ccs1230/ccs/tools/compiler/ti-cgt-arm_20.2.7.LTS/include" --define=ccs="ccs" --define=PART_TM4C123GH6PM -g --gcc --diag_warning=225 --diag_wrap=off --display_error_number --abi=eabi --preproc_with_compile --preproc_dependency="Lab5 Code Files/lab5_template.d_raw" --obj_directory="Lab5 Code Files"  "../Lab5 Code Files/lab5_template.c"
"../Lab5 Code Files/lab5_template.c", line 64: warning #1696-D: multicharacter character literal (potential portability problem)
"../Lab5 Code Files/lab5_template.c", line 72: warning #225-D: function "uart_sendStr" declared implicitly
"../Lab5 Code Files/lab5_template.c", line 76: warning #225-D: function "uart_sendChar" declared implicitly
"../Lab5 Code Files/lab5_template.c", line 80: warning #225-D: function "uart_sendChar" declared implicitly
Finished building: "../Lab5 Code Files/lab5_template.c"
 
Building target: "Lab5.out"
Invoking: Arm Linker
"C:/ti/ccs1230/ccs/tools/compiler/ti-cgt-arm_20.2.7.LTS/bin/armcl" -mv7M4 --code_state=16 --float_support=FPv4SPD16 -me --define=ccs="ccs" --define=PART_TM4C123GH6PM -g --gcc --diag_warning=225 --diag_wrap=off --display_error_number --abi=eabi -z -m"Lab5.map" --heap_size=4096 --stack_size=4096 -i"C:/ti/ccs1230/ccs/tools/compiler/ti-cgt-arm_20.2.7.LTS/lib" -i"C:/ti/ccs1230/ccs/tools/compiler/ti-cgt-arm_20.2.7.LTS/include" --reread_libs --diag_wrap=off --display_error_number --warn_sections --xml_link_info="Lab5_linkInfo.xml" --rom_model -o "Lab5.out" "./tm4c123gh6pm_startup_ccs.obj" "./Lab5 Code Files/Timer.obj" "./Lab5 Code Files/button.obj" "./Lab5 Code Files/lab5_template.obj" "./Lab5 Code Files/lcd.obj" "./Lab5 Code Files/uart.obj" "../tm4c123gh6pm.cmd" "../Lab5 Code Files/libcybotUART.lib"  -l"C:/ti/TivaWare_C_Series-2.2.0.295/driverlib/ccs/Debug/driverlib.lib" -llibc.a 
<Linking>
Finished building target: "Lab5.out"
 

**** Build Finished ****

**** Build of configuration Debug for project Lab5 ****

"C:\\ti\\ccs1230\\ccs\\utils\\bin\\gmake" -k -j 20 all -O 
 
Building file: "../Lab5 Code Files/lab5_template.c"
Invoking: Arm Compiler
"C:/ti/ccs1230/ccs/tools/compiler/ti-cgt-arm_20.2.7.LTS/bin/armcl" -mv7M4 --code_state=16 --float_support=FPv4SPD16 -me --include_path="C:/ti/TivaWare_C_Series-2.2.0.295" --include_path="U:/CprE288/Lab5/Lab5" --include_path="C:/ti/ccs1230/ccs/tools/compiler/ti-cgt-arm_20.2.7.LTS/include" --define=ccs="ccs" --define=PART_TM4C123GH6PM -g --gcc --diag_warning=225 --diag_wrap=off --display_error_number --abi=eabi --preproc_with_compile --preproc_dependency="Lab5 Code Files/lab5_template.d_raw" --obj_directory="Lab5 Code Files"  "../Lab5 Code Files/lab5_template.c"
"../Lab5 Code Files/lab5_template.c", line 32: warning #225-D: function "uart_init" declared implicitly
"../Lab5 Code Files/lab5_template.c", line 44: warning #1696-D: multicharacter character literal (potential portability problem)
"../Lab5 Code Files/lab5_template.c", line 52: warning #225-D: function "uart_sendStr" declared implicitly
"../Lab5 Code Files/lab5_template.c", line 56: warning #225-D: function "uart_sendChar" declared implicitly
"../Lab5 Code Files/lab5_template.c", line 60: warning #225-D: function "uart_sendChar" declared implicitly
Finished building: "../Lab5 Code Files/lab5_template.c"
 
Building target: "Lab5.out"
Invoking: Arm Linker
"C:/ti/ccs1230/ccs/tools/compiler/ti-cgt-arm_20.2.7.LTS/bin/armcl" -mv7M4 --code_state=16 --float_support=FPv4SPD16 -me --define=ccs="ccs" --define=PART_TM4C123GH6PM -g --gcc --diag_warning=225 --diag_wrap=off --display_error_number --abi=eabi -z -m"Lab5.map" --heap_size=4096 --stack_size=4096 -i"C:/ti/ccs1230/ccs/tools/compiler/ti-cgt-arm_20.2.7.LTS/lib" -i"C:/ti/ccs1230/ccs/tools/compiler/ti-cgt-arm_20.2.7.LTS/include" --reread_libs --diag_wrap=off --display_error_number --warn_sections --xml_link_info="Lab5_linkInfo.xml" --rom_model -o "Lab5.out" "./tm4c123gh6pm_startup_ccs.obj" "./Lab5 Code Files/Timer.obj" "./Lab5 Code Files/button.obj" "./Lab5 Code Files/lab5_template.obj" "./Lab5 Code Files/lcd.obj" "./Lab5 Code Files/uart.obj" "../tm4c123gh6pm.cmd" "../Lab5 Code Files/libcybotUART.lib"  -l"C:/ti/TivaWare_C_Series-2.2.0.295/driverlib/ccs/Debug/driverlib.lib" -llibc.a 
<Linking>
Finished building target: "Lab5.out"
 

**** Build Finished ****

**** Build of configuration Debug for project Lab5 ****

"C:\\ti\\ccs1230\\ccs\\utils\\bin\\gmake" -k -j 20 all -O 
 
Building file: "../Lab5 Code Files/lab5_template.c"
Invoking: Arm Compiler
"C:/ti/ccs1230/ccs/tools/compiler/ti-cgt-arm_20.2.7.LTS/bin/armcl" -mv7M4 --code_state=16 --float_support=FPv4SPD16 -me --include_path="C:/ti/TivaWare_C_Series-2.2.0.295" --include_path="U:/CprE288/Lab5/Lab5" --include_path="C:/ti/ccs1230/ccs/tools/compiler/ti-cgt-arm_20.2.7.LTS/include" --define=ccs="ccs" --define=PART_TM4C123GH6PM -g --gcc --diag_warning=225 --diag_wrap=off --display_error_number --abi=eabi --preproc_with_compile --preproc_dependency="Lab5 Code Files/lab5_template.d_raw" --obj_directory="Lab5 Code Files"  "../Lab5 Code Files/lab5_template.c"
"../Lab5 Code Files/lab5_template.c", line 44: warning #1696-D: multicharacter character literal (potential portability problem)
Finished building: "../Lab5 Code Files/lab5_template.c"
 
Building target: "Lab5.out"
Invoking: Arm Linker
"C:/ti/ccs1230/ccs/tools/compiler/ti-cgt-arm_20.2.7.LTS/bin/armcl" -mv7M4 --code_state=16 --float_support=FPv4SPD16 -me --define=ccs="ccs" --define=PART_TM4C123GH6PM -g --gcc --diag_warning=225 --diag_wrap=off --display_error_number --abi=eabi -z -m"Lab5.map" --heap_size=4096 --stack_size=4096 -i"C:/ti/ccs1230/ccs/tools/compiler/ti-cgt-arm_20.2.7.LTS/lib" -i"C:/ti/ccs1230/ccs/tools/compiler/ti-cgt-arm_20.2.7.LTS/include" --reread_libs --diag_wrap=off --display_error_number --warn_sections --xml_link_info="Lab5_linkInfo.xml" --rom_model -o "Lab5.out" "./tm4c123gh6pm_startup_ccs.obj" "./Lab5 Code Files/Timer.obj" "./Lab5 Code Files/button.obj" "./Lab5 Code Files/lab5_template.obj" "./Lab5 Code Files/lcd.obj" "./Lab5 Code Files/uart.obj" "../tm4c123gh6pm.cmd" "../Lab5 Code Files/libcybotUART.lib"  -l"C:/ti/TivaWare_C_Series-2.2.0.295/driverlib/ccs/Debug/driverlib.lib" -llibc.a 
<Linking>
Finished building target: "Lab5.out"
 

**** Build Finished ****

**** Build of configuration Debug for project Lab5 ****

"C:\\ti\\ccs1230\\ccs\\utils\\bin\\gmake" -k -j 20 all -O 
 
Building file: "../Lab5 Code Files/lab5_template.c"
Invoking: Arm Compiler
"C:/ti/ccs1230/ccs/tools/compiler/ti-cgt-arm_20.2.7.LTS/bin/armcl" -mv7M4 --code_state=16 --float_support=FPv4SPD16 -me --include_path="C:/ti/TivaWare_C_Series-2.2.0.295" --include_path="U:/CprE288/Lab5/Lab5" --include_path="C:/ti/ccs1230/ccs/tools/compiler/ti-cgt-arm_20.2.7.LTS/include" --define=ccs="ccs" --define=PART_TM4C123GH6PM -g --gcc --diag_warning=225 --diag_wrap=off --display_error_number --abi=eabi --preproc_with_compile --preproc_dependency="Lab5 Code Files/lab5_template.d_raw" --obj_directory="Lab5 Code Files"  "../Lab5 Code Files/lab5_template.c"
"../Lab5 Code Files/lab5_template.c", line 44: warning #1696-D: multicharacter character literal (potential portability problem)
Finished building: "../Lab5 Code Files/lab5_template.c"
 
Building target: "Lab5.out"
Invoking: Arm Linker
"C:/ti/ccs1230/ccs/tools/compiler/ti-cgt-arm_20.2.7.LTS/bin/armcl" -mv7M4 --code_state=16 --float_support=FPv4SPD16 -me --define=ccs="ccs" --define=PART_TM4C123GH6PM -g --gcc --diag_warning=225 --diag_wrap=off --display_error_number --abi=eabi -z -m"Lab5.map" --heap_size=4096 --stack_size=4096 -i"C:/ti/ccs1230/ccs/tools/compiler/ti-cgt-arm_20.2.7.LTS/lib" -i"C:/ti/ccs1230/ccs/tools/compiler/ti-cgt-arm_20.2.7.LTS/include" --reread_libs --diag_wrap=off --display_error_number --warn_sections --xml_link_info="Lab5_linkInfo.xml" --rom_model -o "Lab5.out" "./tm4c123gh6pm_startup_ccs.obj" "./Lab5 Code Files/Timer.obj" "./Lab5 Code Files/button.obj" "./Lab5 Code Files/lab5_template.obj" "./Lab5 Code Files/lcd.obj" "./Lab5 Code Files/uart.obj" "../tm4c123gh6pm.cmd" "../Lab5 Code Files/libcybotUART.lib"  -l"C:/ti/TivaWare_C_Series-2.2.0.295/driverlib/ccs/Debug/driverlib.lib" -llibc.a 
<Linking>
Finished building target: "Lab5.out"
 

**** Build Finished ****

**** Build of configuration Debug for project Lab5 ****

"C:\\ti\\ccs1230\\ccs\\utils\\bin\\gmake" -k -j 20 all -O 
 
gmake[1]: 'Lab5.out' is up to date.

**** Build Finished ****

**** Build of configuration Debug for project Lab5 ****

"C:\\ti\\ccs1230\\ccs\\utils\\bin\\gmake" -k -j 20 all -O 
 
Building file: "../Lab5 Code Files/uart.c"
Invoking: Arm Compiler
"C:/ti/ccs1230/ccs/tools/compiler/ti-cgt-arm_20.2.7.LTS/bin/armcl" -mv7M4 --code_state=16 --float_support=FPv4SPD16 -me --include_path="C:/ti/TivaWare_C_Series-2.2.0.295" --include_path="U:/CprE288/Lab5/Lab5" --include_path="C:/ti/ccs1230/ccs/tools/compiler/ti-cgt-arm_20.2.7.LTS/include" --define=ccs="ccs" --define=PART_TM4C123GH6PM -g --gcc --diag_warning=225 --diag_wrap=off --display_error_number --abi=eabi --preproc_with_compile --preproc_dependency="Lab5 Code Files/uart.d_raw" --obj_directory="Lab5 Code Files"  "../Lab5 Code Files/uart.c"
Finished building: "../Lab5 Code Files/uart.c"
 
Building target: "Lab5.out"
Invoking: Arm Linker
"C:/ti/ccs1230/ccs/tools/compiler/ti-cgt-arm_20.2.7.LTS/bin/armcl" -mv7M4 --code_state=16 --float_support=FPv4SPD16 -me --define=ccs="ccs" --define=PART_TM4C123GH6PM -g --gcc --diag_warning=225 --diag_wrap=off --display_error_number --abi=eabi -z -m"Lab5.map" --heap_size=4096 --stack_size=4096 -i"C:/ti/ccs1230/ccs/tools/compiler/ti-cgt-arm_20.2.7.LTS/lib" -i"C:/ti/ccs1230/ccs/tools/compiler/ti-cgt-arm_20.2.7.LTS/include" --reread_libs --diag_wrap=off --display_error_number --warn_sections --xml_link_info="Lab5_linkInfo.xml" --rom_model -o "Lab5.out" "./tm4c123gh6pm_startup_ccs.obj" "./Lab5 Code Files/Timer.obj" "./Lab5 Code Files/button.obj" "./Lab5 Code Files/lab5_template.obj" "./Lab5 Code Files/lcd.obj" "./Lab5 Code Files/uart.obj" "../tm4c123gh6pm.cmd" "../Lab5 Code Files/libcybotUART.lib"  -l"C:/ti/TivaWare_C_Series-2.2.0.295/driverlib/ccs/Debug/driverlib.lib" -llibc.a 
<Linking>
Finished building target: "Lab5.out"
 

**** Build Finished ****

**** Build of configuration Debug for project Lab5 ****

"C:\\ti\\ccs1230\\ccs\\utils\\bin\\gmake" -k -j 20 all -O 
 
Building file: "../Lab5 Code Files/lab5_template.c"
Invoking: Arm Compiler
"C:/ti/ccs1230/ccs/tools/compiler/ti-cgt-arm_20.2.7.LTS/bin/armcl" -mv7M4 --code_state=16 --float_support=FPv4SPD16 -me --include_path="C:/ti/TivaWare_C_Series-2.2.0.295" --include_path="U:/CprE288/Lab5/Lab5" --include_path="C:/ti/ccs1230/ccs/tools/compiler/ti-cgt-arm_20.2.7.LTS/include" --define=ccs="ccs" --define=PART_TM4C123GH6PM -g --gcc --diag_warning=225 --diag_wrap=off --display_error_number --abi=eabi --preproc_with_compile --preproc_dependency="Lab5 Code Files/lab5_template.d_raw" --obj_directory="Lab5 Code Files"  "../Lab5 Code Files/lab5_template.c"
"../Lab5 Code Files/lab5_template.c", line 64: warning #1696-D: multicharacter character literal (potential portability problem)
"../Lab5 Code Files/lab5_template.c", line 72: warning #225-D: function "uart_sendStr" declared implicitly
"../Lab5 Code Files/lab5_template.c", line 76: warning #225-D: function "uart_sendChar" declared implicitly
"../Lab5 Code Files/lab5_template.c", line 80: warning #225-D: function "uart_sendChar" declared implicitly
Finished building: "../Lab5 Code Files/lab5_template.c"
 
Building target: "Lab5.out"
Invoking: Arm Linker
"C:/ti/ccs1230/ccs/tools/compiler/ti-cgt-arm_20.2.7.LTS/bin/armcl" -mv7M4 --code_state=16 --float_support=FPv4SPD16 -me --define=ccs="ccs" --define=PART_TM4C123GH6PM -g --gcc --diag_warning=225 --diag_wrap=off --display_error_number --abi=eabi -z -m"Lab5.map" --heap_size=4096 --stack_size=4096 -i"C:/ti/ccs1230/ccs/tools/compiler/ti-cgt-arm_20.2.7.LTS/lib" -i"C:/ti/ccs1230/ccs/tools/compiler/ti-cgt-arm_20.2.7.LTS/include" --reread_libs --diag_wrap=off --display_error_number --warn_sections --xml_link_info="Lab5_linkInfo.xml" --rom_model -o "Lab5.out" "./tm4c123gh6pm_startup_ccs.obj" "./Lab5 Code Files/Timer.obj" "./Lab5 Code Files/button.obj" "./Lab5 Code Files/lab5_template.obj" "./Lab5 Code Files/lcd.obj" "./Lab5 Code Files/uart.obj" "../tm4c123gh6pm.cmd" "../Lab5 Code Files/libcybotUART.lib"  -l"C:/ti/TivaWare_C_Series-2.2.0.295/driverlib/ccs/Debug/driverlib.lib" -llibc.a 
<Linking>
Finished building target: "Lab5.out"
 

**** Build Finished ****

**** Build of configuration Debug for project Lab5 ****

"C:\\ti\\ccs1230\\ccs\\utils\\bin\\gmake" -k -j 20 all -O 
 
Building file: "../Lab5 Code Files/uart.c"
Invoking: Arm Compiler
"C:/ti/ccs1230/ccs/tools/compiler/ti-cgt-arm_20.2.7.LTS/bin/armcl" -mv7M4 --code_state=16 --float_support=FPv4SPD16 -me --include_path="C:/ti/TivaWare_C_Series-2.2.0.295" --include_path="U:/CprE288/Lab5/Lab5" --include_path="C:/ti/ccs1230/ccs/tools/compiler/ti-cgt-arm_20.2.7.LTS/include" --define=ccs="ccs" --define=PART_TM4C123GH6PM -g --gcc --diag_warning=225 --diag_wrap=off --display_error_number --abi=eabi --preproc_with_compile --preproc_dependency="Lab5 Code Files/uart.d_raw" --obj_directory="Lab5 Code Files"  "../Lab5 Code Files/uart.c"
Finished building: "../Lab5 Code Files/uart.c"
 
Building target: "Lab5.out"
Invoking: Arm Linker
"C:/ti/ccs1230/ccs/tools/compiler/ti-cgt-arm_20.2.7.LTS/bin/armcl" -mv7M4 --code_state=16 --float_support=FPv4SPD16 -me --define=ccs="ccs" --define=PART_TM4C123GH6PM -g --gcc --diag_warning=225 --diag_wrap=off --display_error_number --abi=eabi -z -m"Lab5.map" --heap_size=4096 --stack_size=4096 -i"C:/ti/ccs1230/ccs/tools/compiler/ti-cgt-arm_20.2.7.LTS/lib" -i"C:/ti/ccs1230/ccs/tools/compiler/ti-cgt-arm_20.2.7.LTS/include" --reread_libs --diag_wrap=off --display_error_number --warn_sections --xml_link_info="Lab5_linkInfo.xml" --rom_model -o "Lab5.out" "./tm4c123gh6pm_startup_ccs.obj" "./Lab5 Code Files/Timer.obj" "./Lab5 Code Files/button.obj" "./Lab5 Code Files/lab5_template.obj" "./Lab5 Code Files/lcd.obj" "./Lab5 Code Files/uart.obj" "../tm4c123gh6pm.cmd" "../Lab5 Code Files/libcybotUART.lib"  -l"C:/ti/TivaWare_C_Series-2.2.0.295/driverlib/ccs/Debug/driverlib.lib" -llibc.a 
<Linking>
Finished building target: "Lab5.out"
 

**** Build Finished ****

**** Build of configuration Debug for project Lab5 ****

"C:\\ti\\ccs1230\\ccs\\utils\\bin\\gmake" -k -j 20 all -O 
 
Building file: "../Lab5 Code Files/lab5_template.c"
Invoking: Arm Compiler
"C:/ti/ccs1230/ccs/tools/compiler/ti-cgt-arm_20.2.7.LTS/bin/armcl" -mv7M4 --code_state=16 --float_support=FPv4SPD16 -me --include_path="C:/ti/TivaWare_C_Series-2.2.0.295" --include_path="U:/CprE288/Lab5/Lab5" --include_path="C:/ti/ccs1230/ccs/tools/compiler/ti-cgt-arm_20.2.7.LTS/include" --define=ccs="ccs" --define=PART_TM4C123GH6PM -g --gcc --diag_warning=225 --diag_wrap=off --display_error_number --abi=eabi --preproc_with_compile --preproc_dependency="Lab5 Code Files/lab5_template.d_raw" --obj_directory="Lab5 Code Files"  "../Lab5 Code Files/lab5_template.c"
"../Lab5 Code Files/lab5_template.c", line 44: warning #1696-D: multicharacter character literal (potential portability problem)
Finished building: "../Lab5 Code Files/lab5_template.c"
 
Building target: "Lab5.out"
Invoking: Arm Linker
"C:/ti/ccs1230/ccs/tools/compiler/ti-cgt-arm_20.2.7.LTS/bin/armcl" -mv7M4 --code_state=16 --float_support=FPv4SPD16 -me --define=ccs="ccs" --define=PART_TM4C123GH6PM -g --gcc --diag_warning=225 --diag_wrap=off --display_error_number --abi=eabi -z -m"Lab5.map" --heap_size=4096 --stack_size=4096 -i"C:/ti/ccs1230/ccs/tools/compiler/ti-cgt-arm_20.2.7.LTS/lib" -i"C:/ti/ccs1230/ccs/tools/compiler/ti-cgt-arm_20.2.7.LTS/include" --reread_libs --diag_wrap=off --display_error_number --warn_sections --xml_link_info="Lab5_linkInfo.xml" --rom_model -o "Lab5.out" "./tm4c123gh6pm_startup_ccs.obj" "./Lab5 Code Files/Timer.obj" "./Lab5 Code Files/button.obj" "./Lab5 Code Files/lab5_template.obj" "./Lab5 Code Files/lcd.obj" "./Lab5 Code Files/uart.obj" "../tm4c123gh6pm.cmd" "../Lab5 Code Files/libcybotUART.lib"  -l"C:/ti/TivaWare_C_Series-2.2.0.295/driverlib/ccs/Debug/driverlib.lib" -llibc.a 
<Linking>
Finished building target: "Lab5.out"
 

**** Build Finished ****
