
**** Build of configuration Debug for project lab6 ****

"C:\\ti\\ccs1230\\ccs\\utils\\bin\\gmake" -k -j 20 all -O 
 
Building file: "../lab6-interrupt_template.c"
Invoking: Arm Compiler
"C:/ti/ccs1230/ccs/tools/compiler/ti-cgt-arm_20.2.7.LTS/bin/armcl" -mv7M4 --code_state=16 --float_support=FPv4SPD16 -me --include_path="U:/CprE288/Lab6/Lab6 Code Files/lab6" --include_path="C:/ti/TivaWare_C_Series-2.2.0.295" --include_path="C:/ti/ccs1230/ccs/tools/compiler/ti-cgt-arm_20.2.7.LTS/include" --define=ccs="ccs" --define=PART_TM4C123GH6PM -g --gcc --diag_warning=225 --diag_wrap=off --display_error_number --abi=eabi --preproc_with_compile --preproc_dependency="lab6-interrupt_template.d_raw"  "../lab6-interrupt_template.c"
 
>> Compilation failure
subdir_rules.mk:9: recipe for target 'lab6-interrupt_template.obj' failed
"../lab6-interrupt_template.c", line 10: fatal error #1965: cannot open source file "Timer.h"
1 catastrophic error detected in the compilation of "../lab6-interrupt_template.c".
Compilation terminated.
gmake: *** [lab6-interrupt_template.obj] Error 1
Building file: "../lab6_template.c"
Invoking: Arm Compiler
"C:/ti/ccs1230/ccs/tools/compiler/ti-cgt-arm_20.2.7.LTS/bin/armcl" -mv7M4 --code_state=16 --float_support=FPv4SPD16 -me --include_path="U:/CprE288/Lab6/Lab6 Code Files/lab6" --include_path="C:/ti/TivaWare_C_Series-2.2.0.295" --include_path="C:/ti/ccs1230/ccs/tools/compiler/ti-cgt-arm_20.2.7.LTS/include" --define=ccs="ccs" --define=PART_TM4C123GH6PM -g --gcc --diag_warning=225 --diag_wrap=off --display_error_number --abi=eabi --preproc_with_compile --preproc_dependency="lab6_template.d_raw"  "../lab6_template.c"
 
>> Compilation failure
subdir_rules.mk:9: recipe for target 'lab6_template.obj' failed
"../lab6_template.c", line 10: fatal error #1965: cannot open source file "Timer.h"
1 catastrophic error detected in the compilation of "../lab6_template.c".
Compilation terminated.
gmake: *** [lab6_template.obj] Error 1
Building file: "../uart-interrupt.c"
Invoking: Arm Compiler
"C:/ti/ccs1230/ccs/tools/compiler/ti-cgt-arm_20.2.7.LTS/bin/armcl" -mv7M4 --code_state=16 --float_support=FPv4SPD16 -me --include_path="U:/CprE288/Lab6/Lab6 Code Files/lab6" --include_path="C:/ti/TivaWare_C_Series-2.2.0.295" --include_path="C:/ti/ccs1230/ccs/tools/compiler/ti-cgt-arm_20.2.7.LTS/include" --define=ccs="ccs" --define=PART_TM4C123GH6PM -g --gcc --diag_warning=225 --diag_wrap=off --display_error_number --abi=eabi --preproc_with_compile --preproc_dependency="uart-interrupt.d_raw"  "../uart-interrupt.c"
 
>> Compilation failure
subdir_rules.mk:9: recipe for target 'uart-interrupt.obj' failed
"../uart-interrupt.c", line 19: warning #69-D: integer conversion resulted in a change of sign
"../uart-interrupt.c", line 57: error #110: expression preceding parentheses of apparent call must have (pointer-to-) function type
1 error detected in the compilation of "../uart-interrupt.c".
gmake: *** [uart-interrupt.obj] Error 1
Building file: "../uart.c"
Invoking: Arm Compiler
"C:/ti/ccs1230/ccs/tools/compiler/ti-cgt-arm_20.2.7.LTS/bin/armcl" -mv7M4 --code_state=16 --float_support=FPv4SPD16 -me --include_path="U:/CprE288/Lab6/Lab6 Code Files/lab6" --include_path="C:/ti/TivaWare_C_Series-2.2.0.295" --include_path="C:/ti/ccs1230/ccs/tools/compiler/ti-cgt-arm_20.2.7.LTS/include" --define=ccs="ccs" --define=PART_TM4C123GH6PM -g --gcc --diag_warning=225 --diag_wrap=off --display_error_number --abi=eabi --preproc_with_compile --preproc_dependency="uart.d_raw"  "../uart.c"
 
>> Compilation failure
subdir_rules.mk:9: recipe for target 'uart.obj' failed
At end of source: error #68: expected a "}"
1 error detected in the compilation of "../uart.c".
gmake: *** [uart.obj] Error 1
Building file: "../tm4c123gh6pm_startup_ccs.c"
Invoking: Arm Compiler
"C:/ti/ccs1230/ccs/tools/compiler/ti-cgt-arm_20.2.7.LTS/bin/armcl" -mv7M4 --code_state=16 --float_support=FPv4SPD16 -me --include_path="U:/CprE288/Lab6/Lab6 Code Files/lab6" --include_path="C:/ti/TivaWare_C_Series-2.2.0.295" --include_path="C:/ti/ccs1230/ccs/tools/compiler/ti-cgt-arm_20.2.7.LTS/include" --define=ccs="ccs" --define=PART_TM4C123GH6PM -g --gcc --diag_warning=225 --diag_wrap=off --display_error_number --abi=eabi --preproc_with_compile --preproc_dependency="tm4c123gh6pm_startup_ccs.d_raw"  "../tm4c123gh6pm_startup_ccs.c"
Finished building: "../tm4c123gh6pm_startup_ccs.c"
 
gmake: Target 'all' not remade because of errors.

**** Build Finished ****

**** Build of configuration Debug for project lab6 ****

"C:\\ti\\ccs1230\\ccs\\utils\\bin\\gmake" -k -j 20 all -O 
 
Building file: "../lab6-interrupt_template.c"
Invoking: Arm Compiler
"C:/ti/ccs1230/ccs/tools/compiler/ti-cgt-arm_20.2.7.LTS/bin/armcl" -mv7M4 --code_state=16 --float_support=FPv4SPD16 -me --include_path="U:/CprE288/Lab6/Lab6 Code Files/lab6" --include_path="C:/ti/TivaWare_C_Series-2.2.0.295" --include_path="C:/ti/ccs1230/ccs/tools/compiler/ti-cgt-arm_20.2.7.LTS/include" --define=ccs="ccs" --define=PART_TM4C123GH6PM -g --gcc --diag_warning=225 --diag_wrap=off --display_error_number --abi=eabi --preproc_with_compile --preproc_dependency="lab6-interrupt_template.d_raw"  "../lab6-interrupt_template.c"
 
>> Compilation failure
subdir_rules.mk:9: recipe for target 'lab6-interrupt_template.obj' failed
"../lab6-interrupt_template.c", line 10: fatal error #1965: cannot open source file "Timer.h"
1 catastrophic error detected in the compilation of "../lab6-interrupt_template.c".
Compilation terminated.
gmake: *** [lab6-interrupt_template.obj] Error 1
Building file: "../lab6_template.c"
Invoking: Arm Compiler
"C:/ti/ccs1230/ccs/tools/compiler/ti-cgt-arm_20.2.7.LTS/bin/armcl" -mv7M4 --code_state=16 --float_support=FPv4SPD16 -me --include_path="U:/CprE288/Lab6/Lab6 Code Files/lab6" --include_path="C:/ti/TivaWare_C_Series-2.2.0.295" --include_path="C:/ti/ccs1230/ccs/tools/compiler/ti-cgt-arm_20.2.7.LTS/include" --define=ccs="ccs" --define=PART_TM4C123GH6PM -g --gcc --diag_warning=225 --diag_wrap=off --display_error_number --abi=eabi --preproc_with_compile --preproc_dependency="lab6_template.d_raw"  "../lab6_template.c"
 
>> Compilation failure
subdir_rules.mk:9: recipe for target 'lab6_template.obj' failed
"../lab6_template.c", line 10: fatal error #1965: cannot open source file "Timer.h"
1 catastrophic error detected in the compilation of "../lab6_template.c".
Compilation terminated.
gmake: *** [lab6_template.obj] Error 1
Building file: "../uart-interrupt.c"
Invoking: Arm Compiler
"C:/ti/ccs1230/ccs/tools/compiler/ti-cgt-arm_20.2.7.LTS/bin/armcl" -mv7M4 --code_state=16 --float_support=FPv4SPD16 -me --include_path="U:/CprE288/Lab6/Lab6 Code Files/lab6" --include_path="C:/ti/TivaWare_C_Series-2.2.0.295" --include_path="C:/ti/ccs1230/ccs/tools/compiler/ti-cgt-arm_20.2.7.LTS/include" --define=ccs="ccs" --define=PART_TM4C123GH6PM -g --gcc --diag_warning=225 --diag_wrap=off --display_error_number --abi=eabi --preproc_with_compile --preproc_dependency="uart-interrupt.d_raw"  "../uart-interrupt.c"
 
>> Compilation failure
subdir_rules.mk:9: recipe for target 'uart-interrupt.obj' failed
"../uart-interrupt.c", line 19: warning #69-D: integer conversion resulted in a change of sign
"../uart-interrupt.c", line 57: error #110: expression preceding parentheses of apparent call must have (pointer-to-) function type
1 error detected in the compilation of "../uart-interrupt.c".
gmake: *** [uart-interrupt.obj] Error 1
Building file: "../uart.c"
Invoking: Arm Compiler
"C:/ti/ccs1230/ccs/tools/compiler/ti-cgt-arm_20.2.7.LTS/bin/armcl" -mv7M4 --code_state=16 --float_support=FPv4SPD16 -me --include_path="U:/CprE288/Lab6/Lab6 Code Files/lab6" --include_path="C:/ti/TivaWare_C_Series-2.2.0.295" --include_path="C:/ti/ccs1230/ccs/tools/compiler/ti-cgt-arm_20.2.7.LTS/include" --define=ccs="ccs" --define=PART_TM4C123GH6PM -g --gcc --diag_warning=225 --diag_wrap=off --display_error_number --abi=eabi --preproc_with_compile --preproc_dependency="uart.d_raw"  "../uart.c"
Finished building: "../uart.c"
 
gmake: Target 'all' not remade because of errors.

**** Build Finished ****

**** Build of configuration Debug for project lab6 ****

"C:\\ti\\ccs1230\\ccs\\utils\\bin\\gmake" -k -j 20 all -O 
 
Building file: "../lab6-interrupt_template.c"
Invoking: Arm Compiler
"C:/ti/ccs1230/ccs/tools/compiler/ti-cgt-arm_20.2.7.LTS/bin/armcl" -mv7M4 --code_state=16 --float_support=FPv4SPD16 -me --include_path="U:/CprE288/Lab6/Lab6 Code Files/lab6" --include_path="C:/ti/TivaWare_C_Series-2.2.0.295" --include_path="C:/ti/ccs1230/ccs/tools/compiler/ti-cgt-arm_20.2.7.LTS/include" --define=ccs="ccs" --define=PART_TM4C123GH6PM -g --gcc --diag_warning=225 --diag_wrap=off --display_error_number --abi=eabi --preproc_with_compile --preproc_dependency="lab6-interrupt_template.d_raw"  "../lab6-interrupt_template.c"
 
>> Compilation failure
subdir_rules.mk:9: recipe for target 'lab6-interrupt_template.obj' failed
"../lab6-interrupt_template.c", line 10: fatal error #1965: cannot open source file "Timer.h"
1 catastrophic error detected in the compilation of "../lab6-interrupt_template.c".
Compilation terminated.
gmake: *** [lab6-interrupt_template.obj] Error 1
Building file: "../lab6_template.c"
Invoking: Arm Compiler
"C:/ti/ccs1230/ccs/tools/compiler/ti-cgt-arm_20.2.7.LTS/bin/armcl" -mv7M4 --code_state=16 --float_support=FPv4SPD16 -me --include_path="U:/CprE288/Lab6/Lab6 Code Files/lab6" --include_path="C:/ti/TivaWare_C_Series-2.2.0.295" --include_path="C:/ti/ccs1230/ccs/tools/compiler/ti-cgt-arm_20.2.7.LTS/include" --define=ccs="ccs" --define=PART_TM4C123GH6PM -g --gcc --diag_warning=225 --diag_wrap=off --display_error_number --abi=eabi --preproc_with_compile --preproc_dependency="lab6_template.d_raw"  "../lab6_template.c"
 
>> Compilation failure
subdir_rules.mk:9: recipe for target 'lab6_template.obj' failed
"../lab6_template.c", line 10: fatal error #1965: cannot open source file "Timer.h"
1 catastrophic error detected in the compilation of "../lab6_template.c".
Compilation terminated.
gmake: *** [lab6_template.obj] Error 1
Building file: "../uart-interrupt.c"
Invoking: Arm Compiler
"C:/ti/ccs1230/ccs/tools/compiler/ti-cgt-arm_20.2.7.LTS/bin/armcl" -mv7M4 --code_state=16 --float_support=FPv4SPD16 -me --include_path="U:/CprE288/Lab6/Lab6 Code Files/lab6" --include_path="C:/ti/TivaWare_C_Series-2.2.0.295" --include_path="C:/ti/ccs1230/ccs/tools/compiler/ti-cgt-arm_20.2.7.LTS/include" --define=ccs="ccs" --define=PART_TM4C123GH6PM -g --gcc --diag_warning=225 --diag_wrap=off --display_error_number --abi=eabi --preproc_with_compile --preproc_dependency="uart-interrupt.d_raw"  "../uart-interrupt.c"
"../uart-interrupt.c", line 19: warning #69-D: integer conversion resulted in a change of sign
Finished building: "../uart-interrupt.c"
 
gmake: Target 'all' not remade because of errors.

**** Build Finished ****

**** Build of configuration Debug for project lab6 ****

"C:\\ti\\ccs1230\\ccs\\utils\\bin\\gmake" -k -j 20 all -O 
 
Building file: "../lab6-interrupt_template.c"
Invoking: Arm Compiler
"C:/ti/ccs1230/ccs/tools/compiler/ti-cgt-arm_20.2.7.LTS/bin/armcl" -mv7M4 --code_state=16 --float_support=FPv4SPD16 -me --include_path="U:/CprE288/Lab6/Lab6 Code Files/lab6" --include_path="C:/ti/TivaWare_C_Series-2.2.0.295" --include_path="C:/ti/ccs1230/ccs/tools/compiler/ti-cgt-arm_20.2.7.LTS/include" --define=ccs="ccs" --define=PART_TM4C123GH6PM -g --gcc --diag_warning=225 --diag_wrap=off --display_error_number --abi=eabi --preproc_with_compile --preproc_dependency="lab6-interrupt_template.d_raw"  "../lab6-interrupt_template.c"
 
>> Compilation failure
subdir_rules.mk:9: recipe for target 'lab6-interrupt_template.obj' failed
"../lab6-interrupt_template.c", line 49: error #171: expected a declaration
At end of source: warning #12-D: parsing restarts here after previous syntax error
1 error detected in the compilation of "../lab6-interrupt_template.c".
gmake: *** [lab6-interrupt_template.obj] Error 1
Building file: "../lab6_template.c"
Invoking: Arm Compiler
"C:/ti/ccs1230/ccs/tools/compiler/ti-cgt-arm_20.2.7.LTS/bin/armcl" -mv7M4 --code_state=16 --float_support=FPv4SPD16 -me --include_path="U:/CprE288/Lab6/Lab6 Code Files/lab6" --include_path="C:/ti/TivaWare_C_Series-2.2.0.295" --include_path="C:/ti/ccs1230/ccs/tools/compiler/ti-cgt-arm_20.2.7.LTS/include" --define=ccs="ccs" --define=PART_TM4C123GH6PM -g --gcc --diag_warning=225 --diag_wrap=off --display_error_number --abi=eabi --preproc_with_compile --preproc_dependency="lab6_template.d_raw"  "../lab6_template.c"
 
>> Compilation failure
subdir_rules.mk:9: recipe for target 'lab6_template.obj' failed
"../lab6_template.c", line 16: fatal error #1965: cannot open source file "open_interface.h"
1 catastrophic error detected in the compilation of "../lab6_template.c".
Compilation terminated.
gmake: *** [lab6_template.obj] Error 1
Building file: "../Timer.c"
Invoking: Arm Compiler
"C:/ti/ccs1230/ccs/tools/compiler/ti-cgt-arm_20.2.7.LTS/bin/armcl" -mv7M4 --code_state=16 --float_support=FPv4SPD16 -me --include_path="U:/CprE288/Lab6/Lab6 Code Files/lab6" --include_path="C:/ti/TivaWare_C_Series-2.2.0.295" --include_path="C:/ti/ccs1230/ccs/tools/compiler/ti-cgt-arm_20.2.7.LTS/include" --define=ccs="ccs" --define=PART_TM4C123GH6PM -g --gcc --diag_warning=225 --diag_wrap=off --display_error_number --abi=eabi --preproc_with_compile --preproc_dependency="Timer.d_raw"  "../Timer.c"
Finished building: "../Timer.c"
 
Building file: "../lcd.c"
Invoking: Arm Compiler
"C:/ti/ccs1230/ccs/tools/compiler/ti-cgt-arm_20.2.7.LTS/bin/armcl" -mv7M4 --code_state=16 --float_support=FPv4SPD16 -me --include_path="U:/CprE288/Lab6/Lab6 Code Files/lab6" --include_path="C:/ti/TivaWare_C_Series-2.2.0.295" --include_path="C:/ti/ccs1230/ccs/tools/compiler/ti-cgt-arm_20.2.7.LTS/include" --define=ccs="ccs" --define=PART_TM4C123GH6PM -g --gcc --diag_warning=225 --diag_wrap=off --display_error_number --abi=eabi --preproc_with_compile --preproc_dependency="lcd.d_raw"  "../lcd.c"
Finished building: "../lcd.c"
 
gmake: Target 'all' not remade because of errors.

**** Build Finished ****

**** Build of configuration Debug for project lab6 ****

"C:\\ti\\ccs1230\\ccs\\utils\\bin\\gmake" -k -j 20 all -O 
 
Building file: "../lab6-interrupt_template.c"
Invoking: Arm Compiler
"C:/ti/ccs1230/ccs/tools/compiler/ti-cgt-arm_20.2.7.LTS/bin/armcl" -mv7M4 --code_state=16 --float_support=FPv4SPD16 -me --include_path="U:/CprE288/Lab6/Lab6 Code Files/lab6" --include_path="C:/ti/TivaWare_C_Series-2.2.0.295" --include_path="C:/ti/ccs1230/ccs/tools/compiler/ti-cgt-arm_20.2.7.LTS/include" --define=ccs="ccs" --define=PART_TM4C123GH6PM -g --gcc --diag_warning=225 --diag_wrap=off --display_error_number --abi=eabi --preproc_with_compile --preproc_dependency="lab6-interrupt_template.d_raw"  "../lab6-interrupt_template.c"
 
>> Compilation failure
subdir_rules.mk:9: recipe for target 'lab6-interrupt_template.obj' failed
"../lab6-interrupt_template.c", line 49: error #171: expected a declaration
At end of source: warning #12-D: parsing restarts here after previous syntax error
1 error detected in the compilation of "../lab6-interrupt_template.c".
gmake: *** [lab6-interrupt_template.obj] Error 1
Building file: "../lab6_template.c"
Invoking: Arm Compiler
"C:/ti/ccs1230/ccs/tools/compiler/ti-cgt-arm_20.2.7.LTS/bin/armcl" -mv7M4 --code_state=16 --float_support=FPv4SPD16 -me --include_path="U:/CprE288/Lab6/Lab6 Code Files/lab6" --include_path="C:/ti/TivaWare_C_Series-2.2.0.295" --include_path="C:/ti/ccs1230/ccs/tools/compiler/ti-cgt-arm_20.2.7.LTS/include" --define=ccs="ccs" --define=PART_TM4C123GH6PM -g --gcc --diag_warning=225 --diag_wrap=off --display_error_number --abi=eabi --preproc_with_compile --preproc_dependency="lab6_template.d_raw"  "../lab6_template.c"
 
>> Compilation failure
subdir_rules.mk:9: recipe for target 'lab6_template.obj' failed
"../lab6_template.c", line 16: fatal error #1965: cannot open source file "open_interface.h"
1 catastrophic error detected in the compilation of "../lab6_template.c".
Compilation terminated.
gmake: *** [lab6_template.obj] Error 1
Building file: "../button.c"
Invoking: Arm Compiler
"C:/ti/ccs1230/ccs/tools/compiler/ti-cgt-arm_20.2.7.LTS/bin/armcl" -mv7M4 --code_state=16 --float_support=FPv4SPD16 -me --include_path="U:/CprE288/Lab6/Lab6 Code Files/lab6" --include_path="C:/ti/TivaWare_C_Series-2.2.0.295" --include_path="C:/ti/ccs1230/ccs/tools/compiler/ti-cgt-arm_20.2.7.LTS/include" --define=ccs="ccs" --define=PART_TM4C123GH6PM -g --gcc --diag_warning=225 --diag_wrap=off --display_error_number --abi=eabi --preproc_with_compile --preproc_dependency="button.d_raw"  "../button.c"
Finished building: "../button.c"
 
gmake: Target 'all' not remade because of errors.

**** Build Finished ****

**** Build of configuration Debug for project lab6 ****

"C:\\ti\\ccs1230\\ccs\\utils\\bin\\gmake" -k -j 20 all -O 
 
Building file: "../lab6-interrupt_template.c"
Invoking: Arm Compiler
"C:/ti/ccs1230/ccs/tools/compiler/ti-cgt-arm_20.2.7.LTS/bin/armcl" -mv7M4 --code_state=16 --float_support=FPv4SPD16 -me --include_path="U:/CprE288/Lab6/Lab6 Code Files/lab6" --include_path="C:/ti/TivaWare_C_Series-2.2.0.295" --include_path="C:/ti/ccs1230/ccs/tools/compiler/ti-cgt-arm_20.2.7.LTS/include" --define=ccs="ccs" --define=PART_TM4C123GH6PM -g --gcc --diag_warning=225 --diag_wrap=off --display_error_number --abi=eabi --preproc_with_compile --preproc_dependency="lab6-interrupt_template.d_raw"  "../lab6-interrupt_template.c"
 
>> Compilation failure
subdir_rules.mk:9: recipe for target 'lab6-interrupt_template.obj' failed
"../lab6-interrupt_template.c", line 49: error #171: expected a declaration
At end of source: warning #12-D: parsing restarts here after previous syntax error
1 error detected in the compilation of "../lab6-interrupt_template.c".
gmake: *** [lab6-interrupt_template.obj] Error 1
Building file: "../lab6_template.c"
Invoking: Arm Compiler
"C:/ti/ccs1230/ccs/tools/compiler/ti-cgt-arm_20.2.7.LTS/bin/armcl" -mv7M4 --code_state=16 --float_support=FPv4SPD16 -me --include_path="U:/CprE288/Lab6/Lab6 Code Files/lab6" --include_path="C:/ti/TivaWare_C_Series-2.2.0.295" --include_path="C:/ti/ccs1230/ccs/tools/compiler/ti-cgt-arm_20.2.7.LTS/include" --define=ccs="ccs" --define=PART_TM4C123GH6PM -g --gcc --diag_warning=225 --diag_wrap=off --display_error_number --abi=eabi --preproc_with_compile --preproc_dependency="lab6_template.d_raw"  "../lab6_template.c"
 
>> Compilation failure
subdir_rules.mk:9: recipe for target 'lab6_template.obj' failed
"../lab6_template.c", line 21: warning #1181-D: #warning directive: "Possible unimplemented functions"
"../lab6_template.c", line 28: warning #225-D: function "uart_init" declared implicitly
"../lab6_template.c", line 29: error #167: too few arguments in function call
"../lab6_template.c", line 40: warning #225-D: function "cyBOT_scanSensors" declared implicitly
"../lab6_template.c", line 43: warning #225-D: function "cyBOT_stopScan" declared implicitly
At end of source: error #68: expected a "}"
2 errors detected in the compilation of "../lab6_template.c".
gmake: *** [lab6_template.obj] Error 1
Building file: "../movement.c"
Invoking: Arm Compiler
"C:/ti/ccs1230/ccs/tools/compiler/ti-cgt-arm_20.2.7.LTS/bin/armcl" -mv7M4 --code_state=16 --float_support=FPv4SPD16 -me --include_path="U:/CprE288/Lab6/Lab6 Code Files/lab6" --include_path="C:/ti/TivaWare_C_Series-2.2.0.295" --include_path="C:/ti/ccs1230/ccs/tools/compiler/ti-cgt-arm_20.2.7.LTS/include" --define=ccs="ccs" --define=PART_TM4C123GH6PM -g --gcc --diag_warning=225 --diag_wrap=off --display_error_number --abi=eabi --preproc_with_compile --preproc_dependency="movement.d_raw"  "../movement.c"
Finished building: "../movement.c"
 
Building file: "../open_interface.c"
Invoking: Arm Compiler
"C:/ti/ccs1230/ccs/tools/compiler/ti-cgt-arm_20.2.7.LTS/bin/armcl" -mv7M4 --code_state=16 --float_support=FPv4SPD16 -me --include_path="U:/CprE288/Lab6/Lab6 Code Files/lab6" --include_path="C:/ti/TivaWare_C_Series-2.2.0.295" --include_path="C:/ti/ccs1230/ccs/tools/compiler/ti-cgt-arm_20.2.7.LTS/include" --define=ccs="ccs" --define=PART_TM4C123GH6PM -g --gcc --diag_warning=225 --diag_wrap=off --display_error_number --abi=eabi --preproc_with_compile --preproc_dependency="open_interface.d_raw"  "../open_interface.c"
"../open_interface.c", line 356: warning #179-D: variable "charging_state" was declared but never referenced
Finished building: "../open_interface.c"
 
gmake: Target 'all' not remade because of errors.

**** Build Finished ****

**** Build of configuration Debug for project lab6 ****

"C:\\ti\\ccs1230\\ccs\\utils\\bin\\gmake" -k -j 20 all -O 
 
Building file: "../lab6-interrupt_template.c"
Invoking: Arm Compiler
"C:/ti/ccs1230/ccs/tools/compiler/ti-cgt-arm_20.2.7.LTS/bin/armcl" -mv7M4 --code_state=16 --float_support=FPv4SPD16 -me --include_path="U:/CprE288/Lab6/Lab6 Code Files/lab6" --include_path="C:/ti/TivaWare_C_Series-2.2.0.295" --include_path="C:/ti/ccs1230/ccs/tools/compiler/ti-cgt-arm_20.2.7.LTS/include" --define=ccs="ccs" --define=PART_TM4C123GH6PM -g --gcc --diag_warning=225 --diag_wrap=off --display_error_number --abi=eabi --preproc_with_compile --preproc_dependency="lab6-interrupt_template.d_raw"  "../lab6-interrupt_template.c"
 
>> Compilation failure
subdir_rules.mk:9: recipe for target 'lab6-interrupt_template.obj' failed
"../lab6-interrupt_template.c", line 49: error #171: expected a declaration
At end of source: warning #12-D: parsing restarts here after previous syntax error
1 error detected in the compilation of "../lab6-interrupt_template.c".
gmake: *** [lab6-interrupt_template.obj] Error 1
Building file: "../lab6_template.c"
Invoking: Arm Compiler
"C:/ti/ccs1230/ccs/tools/compiler/ti-cgt-arm_20.2.7.LTS/bin/armcl" -mv7M4 --code_state=16 --float_support=FPv4SPD16 -me --include_path="U:/CprE288/Lab6/Lab6 Code Files/lab6" --include_path="C:/ti/TivaWare_C_Series-2.2.0.295" --include_path="C:/ti/ccs1230/ccs/tools/compiler/ti-cgt-arm_20.2.7.LTS/include" --define=ccs="ccs" --define=PART_TM4C123GH6PM -g --gcc --diag_warning=225 --diag_wrap=off --display_error_number --abi=eabi --preproc_with_compile --preproc_dependency="lab6_template.d_raw"  "../lab6_template.c"
 
>> Compilation failure
subdir_rules.mk:9: recipe for target 'lab6_template.obj' failed
"../lab6_template.c", line 21: warning #1181-D: #warning directive: "Possible unimplemented functions"
"../lab6_template.c", line 28: warning #225-D: function "uart_init" declared implicitly
"../lab6_template.c", line 29: error #167: too few arguments in function call
"../lab6_template.c", line 40: warning #225-D: function "cyBOT_scanSensors" declared implicitly
"../lab6_template.c", line 43: warning #225-D: function "cyBOT_stopScan" declared implicitly
At end of source: error #68: expected a "}"
2 errors detected in the compilation of "../lab6_template.c".
gmake: *** [lab6_template.obj] Error 1
gmake: Target 'all' not remade because of errors.

**** Build Finished ****

**** Build of configuration Debug for project lab6 ****

"C:\\ti\\ccs1230\\ccs\\utils\\bin\\gmake" -k -j 20 all -O 
 
Building file: "../lab6_template.c"
Invoking: Arm Compiler
"C:/ti/ccs1230/ccs/tools/compiler/ti-cgt-arm_20.2.7.LTS/bin/armcl" -mv7M4 --code_state=16 --float_support=FPv4SPD16 -me --include_path="U:/CprE288/Lab6/Lab6 Code Files/lab6" --include_path="C:/ti/TivaWare_C_Series-2.2.0.295" --include_path="C:/ti/ccs1230/ccs/tools/compiler/ti-cgt-arm_20.2.7.LTS/include" --define=ccs="ccs" --define=PART_TM4C123GH6PM -g --gcc --diag_warning=225 --diag_wrap=off --display_error_number --abi=eabi --preproc_with_compile --preproc_dependency="lab6_template.d_raw"  "../lab6_template.c"
 
>> Compilation failure
subdir_rules.mk:9: recipe for target 'lab6_template.obj' failed
"../lab6_template.c", line 21: warning #1181-D: #warning directive: "Possible unimplemented functions"
"../lab6_template.c", line 28: warning #225-D: function "uart_init" declared implicitly
"../lab6_template.c", line 29: error #167: too few arguments in function call
"../lab6_template.c", line 40: warning #225-D: function "cyBOT_scanSensors" declared implicitly
"../lab6_template.c", line 43: warning #225-D: function "cyBOT_stopScan" declared implicitly
At end of source: error #68: expected a "}"
2 errors detected in the compilation of "../lab6_template.c".
gmake: *** [lab6_template.obj] Error 1
Building file: "../lab6-interrupt_template.c"
Invoking: Arm Compiler
"C:/ti/ccs1230/ccs/tools/compiler/ti-cgt-arm_20.2.7.LTS/bin/armcl" -mv7M4 --code_state=16 --float_support=FPv4SPD16 -me --include_path="U:/CprE288/Lab6/Lab6 Code Files/lab6" --include_path="C:/ti/TivaWare_C_Series-2.2.0.295" --include_path="C:/ti/ccs1230/ccs/tools/compiler/ti-cgt-arm_20.2.7.LTS/include" --define=ccs="ccs" --define=PART_TM4C123GH6PM -g --gcc --diag_warning=225 --diag_wrap=off --display_error_number --abi=eabi --preproc_with_compile --preproc_dependency="lab6-interrupt_template.d_raw"  "../lab6-interrupt_template.c"
Finished building: "../lab6-interrupt_template.c"
 
gmake: Target 'all' not remade because of errors.

**** Build Finished ****

**** Build of configuration Debug for project lab6 ****

"C:\\ti\\ccs1230\\ccs\\utils\\bin\\gmake" -k -j 20 all -O 
 
Building file: "../lab6_template.c"
Invoking: Arm Compiler
"C:/ti/ccs1230/ccs/tools/compiler/ti-cgt-arm_20.2.7.LTS/bin/armcl" -mv7M4 --code_state=16 --float_support=FPv4SPD16 -me --include_path="U:/CprE288/Lab6/Lab6 Code Files/lab6" --include_path="C:/ti/TivaWare_C_Series-2.2.0.295" --include_path="C:/ti/ccs1230/ccs/tools/compiler/ti-cgt-arm_20.2.7.LTS/include" --define=ccs="ccs" --define=PART_TM4C123GH6PM -g --gcc --diag_warning=225 --diag_wrap=off --display_error_number --abi=eabi --preproc_with_compile --preproc_dependency="lab6_template.d_raw"  "../lab6_template.c"
 
>> Compilation failure
subdir_rules.mk:9: recipe for target 'lab6_template.obj' failed
"../lab6_template.c", line 21: warning #1181-D: #warning directive: "Possible unimplemented functions"
"../lab6_template.c", line 28: warning #225-D: function "uart_init" declared implicitly
"../lab6_template.c", line 40: warning #225-D: function "cyBOT_scanSensors" declared implicitly
"../lab6_template.c", line 43: warning #225-D: function "cyBOT_stopScan" declared implicitly
At end of source: error #68: expected a "}"
1 error detected in the compilation of "../lab6_template.c".
gmake: *** [lab6_template.obj] Error 1
gmake: Target 'all' not remade because of errors.

**** Build Finished ****

**** Build of configuration Debug for project lab6 ****

"C:\\ti\\ccs1230\\ccs\\utils\\bin\\gmake" -k -j 20 all -O 
 
Building file: "../lab6_template.c"
Invoking: Arm Compiler
"C:/ti/ccs1230/ccs/tools/compiler/ti-cgt-arm_20.2.7.LTS/bin/armcl" -mv7M4 --code_state=16 --float_support=FPv4SPD16 -me --include_path="U:/CprE288/Lab6/Lab6 Code Files/lab6" --include_path="C:/ti/TivaWare_C_Series-2.2.0.295" --include_path="C:/ti/ccs1230/ccs/tools/compiler/ti-cgt-arm_20.2.7.LTS/include" --define=ccs="ccs" --define=PART_TM4C123GH6PM -g --gcc --diag_warning=225 --diag_wrap=off --display_error_number --abi=eabi --preproc_with_compile --preproc_dependency="lab6_template.d_raw"  "../lab6_template.c"
 
>> Compilation failure
subdir_rules.mk:9: recipe for target 'lab6_template.obj' failed
"../lab6_template.c", line 21: warning #1181-D: #warning directive: "Possible unimplemented functions"
"../lab6_template.c", line 35: warning #225-D: function "uart_receive_nonblocking" declared implicitly
"../lab6_template.c", line 40: error #167: too few arguments in function call
"../lab6_template.c", line 43: warning #225-D: function "cyBOT_StopScan" declared implicitly
At end of source: error #68: expected a "}"
2 errors detected in the compilation of "../lab6_template.c".
gmake: *** [lab6_template.obj] Error 1
Building file: "../uart.c"
Invoking: Arm Compiler
"C:/ti/ccs1230/ccs/tools/compiler/ti-cgt-arm_20.2.7.LTS/bin/armcl" -mv7M4 --code_state=16 --float_support=FPv4SPD16 -me --include_path="U:/CprE288/Lab6/Lab6 Code Files/lab6" --include_path="C:/ti/TivaWare_C_Series-2.2.0.295" --include_path="C:/ti/ccs1230/ccs/tools/compiler/ti-cgt-arm_20.2.7.LTS/include" --define=ccs="ccs" --define=PART_TM4C123GH6PM -g --gcc --diag_warning=225 --diag_wrap=off --display_error_number --abi=eabi --preproc_with_compile --preproc_dependency="uart.d_raw"  "../uart.c"
Finished building: "../uart.c"
 
gmake: Target 'all' not remade because of errors.

**** Build Finished ****

**** Build of configuration Debug for project lab6 ****

"C:\\ti\\ccs1230\\ccs\\utils\\bin\\gmake" -k -j 20 all -O 
 
Building file: "../lab6_template.c"
Invoking: Arm Compiler
"C:/ti/ccs1230/ccs/tools/compiler/ti-cgt-arm_20.2.7.LTS/bin/armcl" -mv7M4 --code_state=16 --float_support=FPv4SPD16 -me --include_path="U:/CprE288/Lab6/Lab6 Code Files/lab6" --include_path="C:/ti/TivaWare_C_Series-2.2.0.295" --include_path="C:/ti/ccs1230/ccs/tools/compiler/ti-cgt-arm_20.2.7.LTS/include" --define=ccs="ccs" --define=PART_TM4C123GH6PM -g --gcc --diag_warning=225 --diag_wrap=off --display_error_number --abi=eabi --preproc_with_compile --preproc_dependency="lab6_template.d_raw"  "../lab6_template.c"
 
>> Compilation failure
subdir_rules.mk:9: recipe for target 'lab6_template.obj' failed
"../lab6_template.c", line 21: warning #1181-D: #warning directive: "Possible unimplemented functions"
"../lab6_template.c", line 35: warning #225-D: function "uart_receive_nonblocking" declared implicitly
"../lab6_template.c", line 40: error #167: too few arguments in function call
"../lab6_template.c", line 43: warning #225-D: function "cyBOT_StopScan" declared implicitly
1 error detected in the compilation of "../lab6_template.c".
gmake: *** [lab6_template.obj] Error 1
gmake: Target 'all' not remade because of errors.

**** Build Finished ****

**** Build of configuration Debug for project lab6 ****

"C:\\ti\\ccs1230\\ccs\\utils\\bin\\gmake" -k -j 20 all -O 
 
Building file: "../lab6_template.c"
Invoking: Arm Compiler
"C:/ti/ccs1230/ccs/tools/compiler/ti-cgt-arm_20.2.7.LTS/bin/armcl" -mv7M4 --code_state=16 --float_support=FPv4SPD16 -me --include_path="U:/CprE288/Lab6/Lab6 Code Files/lab6" --include_path="C:/ti/TivaWare_C_Series-2.2.0.295" --include_path="C:/ti/ccs1230/ccs/tools/compiler/ti-cgt-arm_20.2.7.LTS/include" --define=ccs="ccs" --define=PART_TM4C123GH6PM -g --gcc --diag_warning=225 --diag_wrap=off --display_error_number --abi=eabi --preproc_with_compile --preproc_dependency="lab6_template.d_raw"  "../lab6_template.c"
 
>> Compilation failure
subdir_rules.mk:9: recipe for target 'lab6_template.obj' failed
"../lab6_template.c", line 21: warning #1181-D: #warning directive: "Possible unimplemented functions"
"../lab6_template.c", line 36: warning #225-D: function "uart_receive_nonblocking" declared implicitly
"../lab6_template.c", line 41: error #20: identifier "scan" is undefined
"../lab6_template.c", line 44: warning #225-D: function "cyBOT_StopScan" declared implicitly
1 error detected in the compilation of "../lab6_template.c".
gmake: *** [lab6_template.obj] Error 1
gmake: Target 'all' not remade because of errors.

**** Build Finished ****

**** Build of configuration Debug for project lab6 ****

"C:\\ti\\ccs1230\\ccs\\utils\\bin\\gmake" -k -j 20 all -O 
 
Building file: "../lab6_template.c"
Invoking: Arm Compiler
"C:/ti/ccs1230/ccs/tools/compiler/ti-cgt-arm_20.2.7.LTS/bin/armcl" -mv7M4 --code_state=16 --float_support=FPv4SPD16 -me --include_path="U:/CprE288/Lab6/Lab6 Code Files/lab6" --include_path="C:/ti/TivaWare_C_Series-2.2.0.295" --include_path="C:/ti/ccs1230/ccs/tools/compiler/ti-cgt-arm_20.2.7.LTS/include" --define=ccs="ccs" --define=PART_TM4C123GH6PM -g --gcc --diag_warning=225 --diag_wrap=off --display_error_number --abi=eabi --preproc_with_compile --preproc_dependency="lab6_template.d_raw"  "../lab6_template.c"
 
>> Compilation failure
subdir_rules.mk:9: recipe for target 'lab6_template.obj' failed
"../lab6_template.c", line 21: warning #1181-D: #warning directive: "Possible unimplemented functions"
"../lab6_template.c", line 27: error #20: identifier "sensor_data" is undefined
"../lab6_template.c", line 28: warning #225-D: function "cyBot_uart_init" declared implicitly
"../lab6_template.c", line 37: warning #225-D: function "uart_receive_nonblocking" declared implicitly
"../lab6_template.c", line 42: error #256: type name is not allowed
"../lab6_template.c", line 42: error #20: identifier "getScan" is undefined
"../lab6_template.c", line 43: error #66: expected a ";"
"../lab6_template.c", line 46: warning #225-D: function "cyBOT_StopScan" declared implicitly
"../lab6_template.c", line 29: warning #179-D: variable "scan" was declared but never referenced
4 errors detected in the compilation of "../lab6_template.c".
gmake: *** [lab6_template.obj] Error 1
Building file: "../Map.c"
Invoking: Arm Compiler
"C:/ti/ccs1230/ccs/tools/compiler/ti-cgt-arm_20.2.7.LTS/bin/armcl" -mv7M4 --code_state=16 --float_support=FPv4SPD16 -me --include_path="U:/CprE288/Lab6/Lab6 Code Files/lab6" --include_path="C:/ti/TivaWare_C_Series-2.2.0.295" --include_path="C:/ti/ccs1230/ccs/tools/compiler/ti-cgt-arm_20.2.7.LTS/include" --define=ccs="ccs" --define=PART_TM4C123GH6PM -g --gcc --diag_warning=225 --diag_wrap=off --display_error_number --abi=eabi --preproc_with_compile --preproc_dependency="Map.d_raw"  "../Map.c"
"../Map.c", line 24: warning #225-D: function "cyBot_getByte" declared implicitly
Finished building: "../Map.c"
 
gmake: Target 'all' not remade because of errors.

**** Build Finished ****

**** Build of configuration Debug for project lab6 ****

"C:\\ti\\ccs1230\\ccs\\utils\\bin\\gmake" -k -j 20 all -O 
 
Building file: "../lab6_template.c"
Invoking: Arm Compiler
"C:/ti/ccs1230/ccs/tools/compiler/ti-cgt-arm_20.2.7.LTS/bin/armcl" -mv7M4 --code_state=16 --float_support=FPv4SPD16 -me --include_path="U:/CprE288/Lab6/Lab6 Code Files/lab6" --include_path="C:/ti/TivaWare_C_Series-2.2.0.295" --include_path="C:/ti/ccs1230/ccs/tools/compiler/ti-cgt-arm_20.2.7.LTS/include" --define=ccs="ccs" --define=PART_TM4C123GH6PM -g --gcc --diag_warning=225 --diag_wrap=off --display_error_number --abi=eabi --preproc_with_compile --preproc_dependency="lab6_template.d_raw"  "../lab6_template.c"
 
>> Compilation failure
subdir_rules.mk:9: recipe for target 'lab6_template.obj' failed
"../lab6_template.c", line 21: warning #1181-D: #warning directive: "Possible unimplemented functions"
"../lab6_template.c", line 27: error #20: identifier "sensor_data" is undefined
"../lab6_template.c", line 28: warning #225-D: function "cyBot_uart_init" declared implicitly
"../lab6_template.c", line 37: warning #225-D: function "uart_receive_nonblocking" declared implicitly
"../lab6_template.c", line 42: error #20: identifier "getScan" is undefined
"../lab6_template.c", line 43: error #66: expected a ";"
"../lab6_template.c", line 46: warning #225-D: function "cyBOT_StopScan" declared implicitly
"../lab6_template.c", line 29: warning #179-D: variable "scan" was declared but never referenced
3 errors detected in the compilation of "../lab6_template.c".
gmake: *** [lab6_template.obj] Error 1
gmake: Target 'all' not remade because of errors.

**** Build Finished ****

**** Build of configuration Debug for project lab6 ****

"C:\\ti\\ccs1230\\ccs\\utils\\bin\\gmake" -k -j 20 all -O 
 
Building file: "../lab6_template.c"
Invoking: Arm Compiler
"C:/ti/ccs1230/ccs/tools/compiler/ti-cgt-arm_20.2.7.LTS/bin/armcl" -mv7M4 --code_state=16 --float_support=FPv4SPD16 -me --include_path="U:/CprE288/Lab6/Lab6 Code Files/lab6" --include_path="C:/ti/TivaWare_C_Series-2.2.0.295" --include_path="C:/ti/ccs1230/ccs/tools/compiler/ti-cgt-arm_20.2.7.LTS/include" --define=ccs="ccs" --define=PART_TM4C123GH6PM -g --gcc --diag_warning=225 --diag_wrap=off --display_error_number --abi=eabi --preproc_with_compile --preproc_dependency="lab6_template.d_raw"  "../lab6_template.c"
 
>> Compilation failure
subdir_rules.mk:9: recipe for target 'lab6_template.obj' failed
"../lab6_template.c", line 21: warning #1181-D: #warning directive: "Possible unimplemented functions"
"../lab6_template.c", line 27: error #20: identifier "sensor_data" is undefined
"../lab6_template.c", line 28: warning #225-D: function "cyBot_uart_init" declared implicitly
"../lab6_template.c", line 37: warning #225-D: function "uart_receive_nonblocking" declared implicitly
"../lab6_template.c", line 42: error #169: argument of type "cyBOT_Scan_t" is incompatible with parameter of type "cyBOT_Scan_t *"
"../lab6_template.c", line 43: error #66: expected a ";"
"../lab6_template.c", line 46: warning #225-D: function "cyBOT_StopScan" declared implicitly
3 errors detected in the compilation of "../lab6_template.c".
gmake: *** [lab6_template.obj] Error 1
gmake: Target 'all' not remade because of errors.

**** Build Finished ****

**** Build of configuration Debug for project lab6 ****

"C:\\ti\\ccs1230\\ccs\\utils\\bin\\gmake" -k -j 20 all -O 
 
Building file: "../lab6_template.c"
Invoking: Arm Compiler
"C:/ti/ccs1230/ccs/tools/compiler/ti-cgt-arm_20.2.7.LTS/bin/armcl" -mv7M4 --code_state=16 --float_support=FPv4SPD16 -me --include_path="U:/CprE288/Lab6/Lab6 Code Files/lab6" --include_path="C:/ti/TivaWare_C_Series-2.2.0.295" --include_path="C:/ti/ccs1230/ccs/tools/compiler/ti-cgt-arm_20.2.7.LTS/include" --define=ccs="ccs" --define=PART_TM4C123GH6PM -g --gcc --diag_warning=225 --diag_wrap=off --display_error_number --abi=eabi --preproc_with_compile --preproc_dependency="lab6_template.d_raw"  "../lab6_template.c"
 
>> Compilation failure
subdir_rules.mk:9: recipe for target 'lab6_template.obj' failed
"../lab6_template.c", line 21: warning #1181-D: #warning directive: "Possible unimplemented functions"
"../lab6_template.c", line 27: warning #225-D: function "cyBot_uart_init" declared implicitly
"../lab6_template.c", line 36: warning #225-D: function "uart_receive_nonblocking" declared implicitly
"../lab6_template.c", line 41: error #169: argument of type "cyBOT_Scan_t" is incompatible with parameter of type "cyBOT_Scan_t *"
"../lab6_template.c", line 42: error #66: expected a ";"
"../lab6_template.c", line 45: warning #225-D: function "cyBOT_StopScan" declared implicitly
2 errors detected in the compilation of "../lab6_template.c".
gmake: *** [lab6_template.obj] Error 1
gmake: Target 'all' not remade because of errors.

**** Build Finished ****

**** Build of configuration Debug for project lab6 ****

"C:\\ti\\ccs1230\\ccs\\utils\\bin\\gmake" -k -j 20 all -O 
 
Building file: "../lab6_template.c"
Invoking: Arm Compiler
"C:/ti/ccs1230/ccs/tools/compiler/ti-cgt-arm_20.2.7.LTS/bin/armcl" -mv7M4 --code_state=16 --float_support=FPv4SPD16 -me --include_path="U:/CprE288/Lab6/Lab6 Code Files/lab6" --include_path="C:/ti/TivaWare_C_Series-2.2.0.295" --include_path="C:/ti/ccs1230/ccs/tools/compiler/ti-cgt-arm_20.2.7.LTS/include" --define=ccs="ccs" --define=PART_TM4C123GH6PM -g --gcc --diag_warning=225 --diag_wrap=off --display_error_number --abi=eabi --preproc_with_compile --preproc_dependency="lab6_template.d_raw"  "../lab6_template.c"
 
>> Compilation failure
subdir_rules.mk:9: recipe for target 'lab6_template.obj' failed
"../lab6_template.c", line 21: warning #1181-D: #warning directive: "Possible unimplemented functions"
"../lab6_template.c", line 27: warning #225-D: function "cyBot_uart_init" declared implicitly
"../lab6_template.c", line 36: warning #225-D: function "uart_receive_nonblocking" declared implicitly
"../lab6_template.c", line 41: error #169: argument of type "cyBOT_Scan_t" is incompatible with parameter of type "cyBOT_Scan_t *"
"../lab6_template.c", line 45: warning #225-D: function "cyBOT_StopScan" declared implicitly
1 error detected in the compilation of "../lab6_template.c".
gmake: *** [lab6_template.obj] Error 1
gmake: Target 'all' not remade because of errors.

**** Build Finished ****

**** Build of configuration Debug for project lab6 ****

"C:\\ti\\ccs1230\\ccs\\utils\\bin\\gmake" -k -j 20 all -O 
 
Building file: "../lab6_template.c"
Invoking: Arm Compiler
"C:/ti/ccs1230/ccs/tools/compiler/ti-cgt-arm_20.2.7.LTS/bin/armcl" -mv7M4 --code_state=16 --float_support=FPv4SPD16 -me --include_path="U:/CprE288/Lab6/Lab6 Code Files/lab6" --include_path="C:/ti/TivaWare_C_Series-2.2.0.295" --include_path="C:/ti/ccs1230/ccs/tools/compiler/ti-cgt-arm_20.2.7.LTS/include" --define=ccs="ccs" --define=PART_TM4C123GH6PM -g --gcc --diag_warning=225 --diag_wrap=off --display_error_number --abi=eabi --preproc_with_compile --preproc_dependency="lab6_template.d_raw"  "../lab6_template.c"
"../lab6_template.c", line 21: warning #1181-D: #warning directive: "Possible unimplemented functions"
"../lab6_template.c", line 27: warning #225-D: function "cyBot_uart_init" declared implicitly
"../lab6_template.c", line 36: warning #225-D: function "uart_receive_nonblocking" declared implicitly
"../lab6_template.c", line 45: warning #225-D: function "cyBOT_StopScan" declared implicitly
Finished building: "../lab6_template.c"
 
Building target: "lab6.out"
Invoking: Arm Linker
"C:/ti/ccs1230/ccs/tools/compiler/ti-cgt-arm_20.2.7.LTS/bin/armcl" -mv7M4 --code_state=16 --float_support=FPv4SPD16 -me --define=ccs="ccs" --define=PART_TM4C123GH6PM -g --gcc --diag_warning=225 --diag_wrap=off --display_error_number --abi=eabi -z -m"lab6.map" --heap_size=4092 --stack_size=4092 -i"C:/ti/ccs1230/ccs/tools/compiler/ti-cgt-arm_20.2.7.LTS/lib" -i"C:/ti/ccs1230/ccs/tools/compiler/ti-cgt-arm_20.2.7.LTS/include" --reread_libs --diag_wrap=off --display_error_number --warn_sections --xml_link_info="lab6_linkInfo.xml" --rom_model -o "lab6.out" "./Map.obj" "./Timer.obj" "./button.obj" "./lab6-interrupt_template.obj" "./lab6_template.obj" "./lcd.obj" "./movement.obj" "./open_interface.obj" "./tm4c123gh6pm_startup_ccs.obj" "./uart-interrupt.obj" "./uart.obj" "../libcybotScan.lib" "../libcybotUART.lib" "../tm4c123gh6pm.cmd"  -llibc.a -l"C:/ti/TivaWare_C_Series-2.2.0.295/driverlib/ccs/Debug/driverlib.lib" 
<Linking>
error #10056: symbol "uart_sendChar" redefined: first defined in "./uart-interrupt.obj"; redefined in "./uart.obj"
error #10056: symbol "uart_receive" redefined: first defined in "./uart-interrupt.obj"; redefined in "./uart.obj"
error #10056: symbol "uart_sendStr" redefined: first defined in "./uart-interrupt.obj"; redefined in "./uart.obj"
warning #10443-D: The ".stack" section size is required to be aligned to 8 bytes, but the specified size, 0xffc, is not. The aligned size is 0x1000
 
 undefined      first referenced   
  symbol            in file        
 ---------      ----------------   
 cyBOT_StopScan ./lab6_template.obj
 
error #10234-D: unresolved symbols remain
 
>> Compilation failure
makefile:148: recipe for target 'lab6.out' failed
error #10010: errors encountered during linking; "lab6.out" not built
makefile:144: recipe for target 'all' failed
gmake[1]: *** [lab6.out] Error 1
gmake: *** [all] Error 2

**** Build Finished ****

**** Build of configuration Debug for project lab6 ****

"C:\\ti\\ccs1230\\ccs\\utils\\bin\\gmake" -k -j 20 all -O 
 
Building file: "../uart-interrupt.c"
Invoking: Arm Compiler
"C:/ti/ccs1230/ccs/tools/compiler/ti-cgt-arm_20.2.7.LTS/bin/armcl" -mv7M4 --code_state=16 --float_support=FPv4SPD16 -me --include_path="U:/CprE288/Lab6/Lab6 Code Files/lab6" --include_path="C:/ti/TivaWare_C_Series-2.2.0.295" --include_path="C:/ti/ccs1230/ccs/tools/compiler/ti-cgt-arm_20.2.7.LTS/include" --define=ccs="ccs" --define=PART_TM4C123GH6PM -g --gcc --diag_warning=225 --diag_wrap=off --display_error_number --abi=eabi --preproc_with_compile --preproc_dependency="uart-interrupt.d_raw"  "../uart-interrupt.c"
"../uart-interrupt.c", line 19: warning #69-D: integer conversion resulted in a change of sign
Finished building: "../uart-interrupt.c"
 
Building target: "lab6.out"
Invoking: Arm Linker
"C:/ti/ccs1230/ccs/tools/compiler/ti-cgt-arm_20.2.7.LTS/bin/armcl" -mv7M4 --code_state=16 --float_support=FPv4SPD16 -me --define=ccs="ccs" --define=PART_TM4C123GH6PM -g --gcc --diag_warning=225 --diag_wrap=off --display_error_number --abi=eabi -z -m"lab6.map" --heap_size=4092 --stack_size=4092 -i"C:/ti/ccs1230/ccs/tools/compiler/ti-cgt-arm_20.2.7.LTS/lib" -i"C:/ti/ccs1230/ccs/tools/compiler/ti-cgt-arm_20.2.7.LTS/include" --reread_libs --diag_wrap=off --display_error_number --warn_sections --xml_link_info="lab6_linkInfo.xml" --rom_model -o "lab6.out" "./Map.obj" "./Timer.obj" "./button.obj" "./lab6-interrupt_template.obj" "./lab6_template.obj" "./lcd.obj" "./movement.obj" "./open_interface.obj" "./tm4c123gh6pm_startup_ccs.obj" "./uart-interrupt.obj" "./uart.obj" "../libcybotScan.lib" "../libcybotUART.lib" "../tm4c123gh6pm.cmd"  -llibc.a -l"C:/ti/TivaWare_C_Series-2.2.0.295/driverlib/ccs/Debug/driverlib.lib" 
<Linking>
warning #10443-D: The ".stack" section size is required to be aligned to 8 bytes, but the specified size, 0xffc, is not. The aligned size is 0x1000
 
 undefined      first referenced   
  symbol            in file        
 ---------      ----------------   
 cyBOT_StopScan ./lab6_template.obj
 
error #10234-D: unresolved symbols remain
error #10010: errors encountered during linking; "lab6.out" not built
 
>> Compilation failure
makefile:148: recipe for target 'lab6.out' failed
gmake[1]: *** [lab6.out] Error 1
gmake: *** [all] Error 2
makefile:144: recipe for target 'all' failed

**** Build Finished ****

**** Build of configuration Debug for project lab6 ****

"C:\\ti\\ccs1230\\ccs\\utils\\bin\\gmake" -k -j 20 all -O 
 
Building file: "../lab6-interrupt_template.c"
Invoking: Arm Compiler
"C:/ti/ccs1230/ccs/tools/compiler/ti-cgt-arm_20.2.7.LTS/bin/armcl" -mv7M4 --code_state=16 --float_support=FPv4SPD16 -me --include_path="U:/CprE288/Lab6/Lab6 Code Files/lab6" --include_path="C:/ti/TivaWare_C_Series-2.2.0.295" --include_path="C:/ti/ccs1230/ccs/tools/compiler/ti-cgt-arm_20.2.7.LTS/include" --define=ccs="ccs" --define=PART_TM4C123GH6PM -g --gcc --diag_warning=225 --diag_wrap=off --display_error_number --abi=eabi --preproc_with_compile --preproc_dependency="lab6-interrupt_template.d_raw"  "../lab6-interrupt_template.c"
Finished building: "../lab6-interrupt_template.c"
 
Building file: "../lab6_template.c"
Invoking: Arm Compiler
"C:/ti/ccs1230/ccs/tools/compiler/ti-cgt-arm_20.2.7.LTS/bin/armcl" -mv7M4 --code_state=16 --float_support=FPv4SPD16 -me --include_path="U:/CprE288/Lab6/Lab6 Code Files/lab6" --include_path="C:/ti/TivaWare_C_Series-2.2.0.295" --include_path="C:/ti/ccs1230/ccs/tools/compiler/ti-cgt-arm_20.2.7.LTS/include" --define=ccs="ccs" --define=PART_TM4C123GH6PM -g --gcc --diag_warning=225 --diag_wrap=off --display_error_number --abi=eabi --preproc_with_compile --preproc_dependency="lab6_template.d_raw"  "../lab6_template.c"
"../lab6_template.c", line 21: warning #1181-D: #warning directive: "Possible unimplemented functions"
"../lab6_template.c", line 27: warning #225-D: function "cyBot_uart_init" declared implicitly
"../lab6_template.c", line 36: warning #225-D: function "uart_receive_nonblocking" declared implicitly
Finished building: "../lab6_template.c"
 
Building file: "../Map.c"
Invoking: Arm Compiler
"C:/ti/ccs1230/ccs/tools/compiler/ti-cgt-arm_20.2.7.LTS/bin/armcl" -mv7M4 --code_state=16 --float_support=FPv4SPD16 -me --include_path="U:/CprE288/Lab6/Lab6 Code Files/lab6" --include_path="C:/ti/TivaWare_C_Series-2.2.0.295" --include_path="C:/ti/ccs1230/ccs/tools/compiler/ti-cgt-arm_20.2.7.LTS/include" --define=ccs="ccs" --define=PART_TM4C123GH6PM -g --gcc --diag_warning=225 --diag_wrap=off --display_error_number --abi=eabi --preproc_with_compile --preproc_dependency="Map.d_raw"  "../Map.c"
"../Map.c", line 24: warning #225-D: function "cyBot_getByte" declared implicitly
Finished building: "../Map.c"
 
Building target: "lab6.out"
Invoking: Arm Linker
"C:/ti/ccs1230/ccs/tools/compiler/ti-cgt-arm_20.2.7.LTS/bin/armcl" -mv7M4 --code_state=16 --float_support=FPv4SPD16 -me --define=ccs="ccs" --define=PART_TM4C123GH6PM -g --gcc --diag_warning=225 --diag_wrap=off --display_error_number --abi=eabi -z -m"lab6.map" --heap_size=4092 --stack_size=4092 -i"C:/ti/ccs1230/ccs/tools/compiler/ti-cgt-arm_20.2.7.LTS/lib" -i"C:/ti/ccs1230/ccs/tools/compiler/ti-cgt-arm_20.2.7.LTS/include" --reread_libs --diag_wrap=off --display_error_number --warn_sections --xml_link_info="lab6_linkInfo.xml" --rom_model -o "lab6.out" "./Map.obj" "./Timer.obj" "./button.obj" "./lab6-interrupt_template.obj" "./lab6_template.obj" "./lcd.obj" "./movement.obj" "./open_interface.obj" "./tm4c123gh6pm_startup_ccs.obj" "./uart-interrupt.obj" "./uart.obj" "../libcybotScan.lib" "../libcybotUART.lib" "../tm4c123gh6pm.cmd"  -llibc.a -l"C:/ti/TivaWare_C_Series-2.2.0.295/driverlib/ccs/Debug/driverlib.lib" 
<Linking>
warning #10443-D: The ".stack" section size is required to be aligned to 8 bytes, but the specified size, 0xffc, is not. The aligned size is 0x1000
 
 undefined      first referenced   
  symbol            in file        
 ---------      ----------------   
 cyBOT_StopScan ./lab6_template.obj
 
error #10234-D: unresolved symbols remain
error #10010: errors encountered during linking; "lab6.out" not built
 
>> Compilation failure
makefile:148: recipe for target 'lab6.out' failed
gmake[1]: *** [lab6.out] Error 1
makefile:144: recipe for target 'all' failed
gmake: *** [all] Error 2

**** Build Finished ****

**** Build of configuration Debug for project lab6 ****

"C:\\ti\\ccs1230\\ccs\\utils\\bin\\gmake" -k -j 20 all -O 
 
Building file: "../lab6-interrupt_template.c"
Invoking: Arm Compiler
"C:/ti/ccs1230/ccs/tools/compiler/ti-cgt-arm_20.2.7.LTS/bin/armcl" -mv7M4 --code_state=16 --float_support=FPv4SPD16 -me --include_path="U:/CprE288/Lab6/Lab6 Code Files/lab6" --include_path="C:/ti/TivaWare_C_Series-2.2.0.295" --include_path="C:/ti/ccs1230/ccs/tools/compiler/ti-cgt-arm_20.2.7.LTS/include" --define=ccs="ccs" --define=PART_TM4C123GH6PM -g --gcc --diag_warning=225 --diag_wrap=off --display_error_number --abi=eabi --preproc_with_compile --preproc_dependency="lab6-interrupt_template.d_raw"  "../lab6-interrupt_template.c"
Finished building: "../lab6-interrupt_template.c"
 
Building file: "../lab6_template.c"
Invoking: Arm Compiler
"C:/ti/ccs1230/ccs/tools/compiler/ti-cgt-arm_20.2.7.LTS/bin/armcl" -mv7M4 --code_state=16 --float_support=FPv4SPD16 -me --include_path="U:/CprE288/Lab6/Lab6 Code Files/lab6" --include_path="C:/ti/TivaWare_C_Series-2.2.0.295" --include_path="C:/ti/ccs1230/ccs/tools/compiler/ti-cgt-arm_20.2.7.LTS/include" --define=ccs="ccs" --define=PART_TM4C123GH6PM -g --gcc --diag_warning=225 --diag_wrap=off --display_error_number --abi=eabi --preproc_with_compile --preproc_dependency="lab6_template.d_raw"  "../lab6_template.c"
"../lab6_template.c", line 21: warning #1181-D: #warning directive: "Possible unimplemented functions"
"../lab6_template.c", line 27: warning #225-D: function "cyBot_uart_init" declared implicitly
"../lab6_template.c", line 36: warning #225-D: function "uart_receive_nonblocking" declared implicitly
Finished building: "../lab6_template.c"
 
Building file: "../Map.c"
Invoking: Arm Compiler
"C:/ti/ccs1230/ccs/tools/compiler/ti-cgt-arm_20.2.7.LTS/bin/armcl" -mv7M4 --code_state=16 --float_support=FPv4SPD16 -me --include_path="U:/CprE288/Lab6/Lab6 Code Files/lab6" --include_path="C:/ti/TivaWare_C_Series-2.2.0.295" --include_path="C:/ti/ccs1230/ccs/tools/compiler/ti-cgt-arm_20.2.7.LTS/include" --define=ccs="ccs" --define=PART_TM4C123GH6PM -g --gcc --diag_warning=225 --diag_wrap=off --display_error_number --abi=eabi --preproc_with_compile --preproc_dependency="Map.d_raw"  "../Map.c"
"../Map.c", line 24: warning #225-D: function "cyBot_getByte" declared implicitly
Finished building: "../Map.c"
 
Building target: "lab6.out"
Invoking: Arm Linker
"C:/ti/ccs1230/ccs/tools/compiler/ti-cgt-arm_20.2.7.LTS/bin/armcl" -mv7M4 --code_state=16 --float_support=FPv4SPD16 -me --define=ccs="ccs" --define=PART_TM4C123GH6PM -g --gcc --diag_warning=225 --diag_wrap=off --display_error_number --abi=eabi -z -m"lab6.map" --heap_size=4092 --stack_size=4092 -i"C:/ti/ccs1230/ccs/tools/compiler/ti-cgt-arm_20.2.7.LTS/lib" -i"C:/ti/ccs1230/ccs/tools/compiler/ti-cgt-arm_20.2.7.LTS/include" --reread_libs --diag_wrap=off --display_error_number --warn_sections --xml_link_info="lab6_linkInfo.xml" --rom_model -o "lab6.out" "./Map.obj" "./Timer.obj" "./button.obj" "./lab6-interrupt_template.obj" "./lab6_template.obj" "./lcd.obj" "./movement.obj" "./open_interface.obj" "./tm4c123gh6pm_startup_ccs.obj" "./uart-interrupt.obj" "./uart.obj" "../libcybotScan.lib" "../libcybotUART.lib" "../tm4c123gh6pm.cmd"  -llibc.a -l"C:/ti/TivaWare_C_Series-2.2.0.295/driverlib/ccs/Debug/driverlib.lib" 
<Linking>
warning #10443-D: The ".stack" section size is required to be aligned to 8 bytes, but the specified size, 0xffc, is not. The aligned size is 0x1000
Finished building target: "lab6.out"
 

**** Build Finished ****

**** Build of configuration Debug for project lab6 ****

"C:\\ti\\ccs1230\\ccs\\utils\\bin\\gmake" -k -j 20 all -O 
 
gmake[1]: 'lab6.out' is up to date.

**** Build Finished ****

**** Build of configuration Debug for project lab6 ****

"C:\\ti\\ccs1230\\ccs\\utils\\bin\\gmake" -k -j 20 all -O 
 
Building file: "../lab6_template.c"
Invoking: Arm Compiler
"C:/ti/ccs1230/ccs/tools/compiler/ti-cgt-arm_20.2.7.LTS/bin/armcl" -mv7M4 --code_state=16 --float_support=FPv4SPD16 -me --include_path="U:/CprE288/Lab6/Lab6 Code Files/lab6" --include_path="C:/ti/TivaWare_C_Series-2.2.0.295" --include_path="C:/ti/ccs1230/ccs/tools/compiler/ti-cgt-arm_20.2.7.LTS/include" --define=ccs="ccs" --define=PART_TM4C123GH6PM -g --gcc --diag_warning=225 --diag_wrap=off --display_error_number --abi=eabi --preproc_with_compile --preproc_dependency="lab6_template.d_raw"  "../lab6_template.c"
"../lab6_template.c", line 21: warning #1181-D: #warning directive: "Possible unimplemented functions"
"../lab6_template.c", line 27: warning #225-D: function "cyBot_uart_init" declared implicitly
"../lab6_template.c", line 36: warning #225-D: function "uart_receive_nonblocking" declared implicitly
Finished building: "../lab6_template.c"
 
Building target: "lab6.out"
Invoking: Arm Linker
"C:/ti/ccs1230/ccs/tools/compiler/ti-cgt-arm_20.2.7.LTS/bin/armcl" -mv7M4 --code_state=16 --float_support=FPv4SPD16 -me --define=ccs="ccs" --define=PART_TM4C123GH6PM -g --gcc --diag_warning=225 --diag_wrap=off --display_error_number --abi=eabi -z -m"lab6.map" --heap_size=4092 --stack_size=4092 -i"C:/ti/ccs1230/ccs/tools/compiler/ti-cgt-arm_20.2.7.LTS/lib" -i"C:/ti/ccs1230/ccs/tools/compiler/ti-cgt-arm_20.2.7.LTS/include" --reread_libs --diag_wrap=off --display_error_number --warn_sections --xml_link_info="lab6_linkInfo.xml" --rom_model -o "lab6.out" "./Map.obj" "./Timer.obj" "./button.obj" "./lab6-interrupt_template.obj" "./lab6_template.obj" "./lcd.obj" "./movement.obj" "./open_interface.obj" "./tm4c123gh6pm_startup_ccs.obj" "./uart-interrupt.obj" "./uart.obj" "../libcybotScan.lib" "../libcybotUART.lib" "../tm4c123gh6pm.cmd"  -llibc.a -l"C:/ti/TivaWare_C_Series-2.2.0.295/driverlib/ccs/Debug/driverlib.lib" 
<Linking>
warning #10443-D: The ".stack" section size is required to be aligned to 8 bytes, but the specified size, 0xffc, is not. The aligned size is 0x1000
Finished building target: "lab6.out"
 

**** Build Finished ****

**** Build of configuration Debug for project lab6 ****

"C:\\ti\\ccs1230\\ccs\\utils\\bin\\gmake" -k -j 20 all -O 
 
gmake[1]: 'lab6.out' is up to date.

**** Build Finished ****

**** Build of configuration Debug for project lab6 ****

"C:\\ti\\ccs1230\\ccs\\utils\\bin\\gmake" -k -j 20 all -O 
 
Building file: "../lab6_template.c"
Invoking: Arm Compiler
"C:/ti/ccs1230/ccs/tools/compiler/ti-cgt-arm_20.2.7.LTS/bin/armcl" -mv7M4 --code_state=16 --float_support=FPv4SPD16 -me --include_path="U:/CprE288/Lab6/Lab6 Code Files/lab6" --include_path="C:/ti/TivaWare_C_Series-2.2.0.295" --include_path="C:/ti/ccs1230/ccs/tools/compiler/ti-cgt-arm_20.2.7.LTS/include" --define=ccs="ccs" --define=PART_TM4C123GH6PM -g --gcc --diag_warning=225 --diag_wrap=off --display_error_number --abi=eabi --preproc_with_compile --preproc_dependency="lab6_template.d_raw"  "../lab6_template.c"
"../lab6_template.c", line 21: warning #1181-D: #warning directive: "Possible unimplemented functions"
"../lab6_template.c", line 27: warning #225-D: function "cyBot_uart_init" declared implicitly
"../lab6_template.c", line 36: warning #225-D: function "uart_receive_nonblocking" declared implicitly
Finished building: "../lab6_template.c"
 
Building target: "lab6.out"
Invoking: Arm Linker
"C:/ti/ccs1230/ccs/tools/compiler/ti-cgt-arm_20.2.7.LTS/bin/armcl" -mv7M4 --code_state=16 --float_support=FPv4SPD16 -me --define=ccs="ccs" --define=PART_TM4C123GH6PM -g --gcc --diag_warning=225 --diag_wrap=off --display_error_number --abi=eabi -z -m"lab6.map" --heap_size=4092 --stack_size=4092 -i"C:/ti/ccs1230/ccs/tools/compiler/ti-cgt-arm_20.2.7.LTS/lib" -i"C:/ti/ccs1230/ccs/tools/compiler/ti-cgt-arm_20.2.7.LTS/include" --reread_libs --diag_wrap=off --display_error_number --warn_sections --xml_link_info="lab6_linkInfo.xml" --rom_model -o "lab6.out" "./Map.obj" "./Timer.obj" "./button.obj" "./lab6-interrupt_template.obj" "./lab6_template.obj" "./lcd.obj" "./movement.obj" "./open_interface.obj" "./tm4c123gh6pm_startup_ccs.obj" "./uart-interrupt.obj" "./uart.obj" "../libcybotScan.lib" "../libcybotUART.lib" "../tm4c123gh6pm.cmd"  -llibc.a -l"C:/ti/TivaWare_C_Series-2.2.0.295/driverlib/ccs/Debug/driverlib.lib" 
<Linking>
warning #10443-D: The ".stack" section size is required to be aligned to 8 bytes, but the specified size, 0xffc, is not. The aligned size is 0x1000
Finished building target: "lab6.out"
 

**** Build Finished ****

**** Build of configuration Debug for project lab6 ****

"C:\\ti\\ccs1230\\ccs\\utils\\bin\\gmake" -k -j 20 all -O 
 
gmake[1]: 'lab6.out' is up to date.

**** Build Finished ****

**** Build of configuration Debug for project lab6 ****

"C:\\ti\\ccs1230\\ccs\\utils\\bin\\gmake" -k -j 20 all -O 
 
Building file: "../lab6_template.c"
Invoking: Arm Compiler
"C:/ti/ccs1230/ccs/tools/compiler/ti-cgt-arm_20.2.7.LTS/bin/armcl" -mv7M4 --code_state=16 --float_support=FPv4SPD16 -me --include_path="U:/CprE288/Lab6/Lab6 Code Files/lab6" --include_path="C:/ti/TivaWare_C_Series-2.2.0.295" --include_path="C:/ti/ccs1230/ccs/tools/compiler/ti-cgt-arm_20.2.7.LTS/include" --define=ccs="ccs" --define=PART_TM4C123GH6PM -g --gcc --diag_warning=225 --diag_wrap=off --display_error_number --abi=eabi --preproc_with_compile --preproc_dependency="lab6_template.d_raw"  "../lab6_template.c"
"../lab6_template.c", line 21: warning #1181-D: #warning directive: "Possible unimplemented functions"
"../lab6_template.c", line 27: warning #225-D: function "cyBot_uart_init" declared implicitly
"../lab6_template.c", line 36: warning #225-D: function "uart_receive_nonblocking" declared implicitly
Finished building: "../lab6_template.c"
 
Building target: "lab6.out"
Invoking: Arm Linker
"C:/ti/ccs1230/ccs/tools/compiler/ti-cgt-arm_20.2.7.LTS/bin/armcl" -mv7M4 --code_state=16 --float_support=FPv4SPD16 -me --define=ccs="ccs" --define=PART_TM4C123GH6PM -g --gcc --diag_warning=225 --diag_wrap=off --display_error_number --abi=eabi -z -m"lab6.map" --heap_size=4092 --stack_size=4092 -i"C:/ti/ccs1230/ccs/tools/compiler/ti-cgt-arm_20.2.7.LTS/lib" -i"C:/ti/ccs1230/ccs/tools/compiler/ti-cgt-arm_20.2.7.LTS/include" --reread_libs --diag_wrap=off --display_error_number --warn_sections --xml_link_info="lab6_linkInfo.xml" --rom_model -o "lab6.out" "./Map.obj" "./Timer.obj" "./button.obj" "./lab6-interrupt_template.obj" "./lab6_template.obj" "./lcd.obj" "./movement.obj" "./open_interface.obj" "./tm4c123gh6pm_startup_ccs.obj" "./uart-interrupt.obj" "./uart.obj" "../libcybotScan.lib" "../libcybotUART.lib" "../tm4c123gh6pm.cmd"  -llibc.a -l"C:/ti/TivaWare_C_Series-2.2.0.295/driverlib/ccs/Debug/driverlib.lib" 
<Linking>
warning #10443-D: The ".stack" section size is required to be aligned to 8 bytes, but the specified size, 0xffc, is not. The aligned size is 0x1000
Finished building target: "lab6.out"
 

**** Build Finished ****

**** Build of configuration Debug for project lab6 ****

"C:\\ti\\ccs1230\\ccs\\utils\\bin\\gmake" -k -j 20 all -O 
 
Building file: "../lab6_template.c"
Invoking: Arm Compiler
"C:/ti/ccs1230/ccs/tools/compiler/ti-cgt-arm_20.2.7.LTS/bin/armcl" -mv7M4 --code_state=16 --float_support=FPv4SPD16 -me --include_path="U:/CprE288/Lab6/Lab6 Code Files/lab6" --include_path="C:/ti/TivaWare_C_Series-2.2.0.295" --include_path="C:/ti/ccs1230/ccs/tools/compiler/ti-cgt-arm_20.2.7.LTS/include" --define=ccs="ccs" --define=PART_TM4C123GH6PM -g --gcc --diag_warning=225 --diag_wrap=off --display_error_number --abi=eabi --preproc_with_compile --preproc_dependency="lab6_template.d_raw"  "../lab6_template.c"
"../lab6_template.c", line 35: warning #225-D: function "uart_receive_nonblocking" declared implicitly
Finished building: "../lab6_template.c"
 
Building target: "lab6.out"
Invoking: Arm Linker
"C:/ti/ccs1230/ccs/tools/compiler/ti-cgt-arm_20.2.7.LTS/bin/armcl" -mv7M4 --code_state=16 --float_support=FPv4SPD16 -me --define=ccs="ccs" --define=PART_TM4C123GH6PM -g --gcc --diag_warning=225 --diag_wrap=off --display_error_number --abi=eabi -z -m"lab6.map" --heap_size=4092 --stack_size=4092 -i"C:/ti/ccs1230/ccs/tools/compiler/ti-cgt-arm_20.2.7.LTS/lib" -i"C:/ti/ccs1230/ccs/tools/compiler/ti-cgt-arm_20.2.7.LTS/include" --reread_libs --diag_wrap=off --display_error_number --warn_sections --xml_link_info="lab6_linkInfo.xml" --rom_model -o "lab6.out" "./Map.obj" "./Timer.obj" "./button.obj" "./lab6-interrupt_template.obj" "./lab6_template.obj" "./lcd.obj" "./movement.obj" "./open_interface.obj" "./tm4c123gh6pm_startup_ccs.obj" "./uart-interrupt.obj" "./uart.obj" "../libcybotScan.lib" "../libcybotUART.lib" "../tm4c123gh6pm.cmd"  -llibc.a -l"C:/ti/TivaWare_C_Series-2.2.0.295/driverlib/ccs/Debug/driverlib.lib" 
<Linking>
warning #10443-D: The ".stack" section size is required to be aligned to 8 bytes, but the specified size, 0xffc, is not. The aligned size is 0x1000
Finished building target: "lab6.out"
 

**** Build Finished ****

**** Clean-only build of configuration Debug for project lab6 ****

"C:\\ti\\ccs1230\\ccs\\utils\\bin\\gmake" -k -j 20 clean -O 
 
DEL /F  "lab6.out" 
DEL /F "Map.obj" "Timer.obj" "button.obj" "lab6-interrupt_template.obj" "lab6_template.obj" "lcd.obj" "movement.obj" "open_interface.obj" "tm4c123gh6pm_startup_ccs.obj" "uart-interrupt.obj" "uart.obj" 
DEL /F "Map.d" "Timer.d" "button.d" "lab6-interrupt_template.d" "lab6_template.d" "lcd.d" "movement.d" "open_interface.d" "tm4c123gh6pm_startup_ccs.d" "uart-interrupt.d" "uart.d" 
Finished clean
 

**** Build Finished ****

**** Clean-only build of configuration Debug for project lab6 ****

"C:\\ti\\ccs1230\\ccs\\utils\\bin\\gmake" -k -j 20 clean -O 
 
DEL /F  "lab6.out" 
DEL /F "Map.obj" "Timer.obj" "button.obj" "lab6-interrupt_template.obj" "lab6_template.obj" "lcd.obj" "movement.obj" "open_interface.obj" "tm4c123gh6pm_startup_ccs.obj" "uart-interrupt.obj" "uart.obj" 
DEL /F "Map.d" "Timer.d" "button.d" "lab6-interrupt_template.d" "lab6_template.d" "lcd.d" "movement.d" "open_interface.d" "tm4c123gh6pm_startup_ccs.d" "uart-interrupt.d" "uart.d" 
Could Not Find U:\CprE288\Lab6\Lab6 Code Files\lab6\Debug\lab6.out
Could Not Find U:\CprE288\Lab6\Lab6 Code Files\lab6\Debug\Map.obj
Could Not Find U:\CprE288\Lab6\Lab6 Code Files\lab6\Debug\Map.d
Finished clean
 

**** Build Finished ****

**** Build of configuration Debug for project lab6 ****

"C:\\ti\\ccs1230\\ccs\\utils\\bin\\gmake" -k -j 20 all -O 
 
Building file: "../button.c"
Invoking: Arm Compiler
"C:/ti/ccs1230/ccs/tools/compiler/ti-cgt-arm_20.2.7.LTS/bin/armcl" -mv7M4 --code_state=16 --float_support=FPv4SPD16 -me --include_path="U:/CprE288/Lab6/Lab6 Code Files/lab6" --include_path="C:/ti/TivaWare_C_Series-2.2.0.295" --include_path="C:/ti/ccs1230/ccs/tools/compiler/ti-cgt-arm_20.2.7.LTS/include" --define=ccs="ccs" --define=PART_TM4C123GH6PM -g --gcc --diag_warning=225 --diag_wrap=off --display_error_number --abi=eabi --preproc_with_compile --preproc_dependency="button.d_raw"  "../button.c"
Finished building: "../button.c"
 
Building file: "../Timer.c"
Invoking: Arm Compiler
"C:/ti/ccs1230/ccs/tools/compiler/ti-cgt-arm_20.2.7.LTS/bin/armcl" -mv7M4 --code_state=16 --float_support=FPv4SPD16 -me --include_path="U:/CprE288/Lab6/Lab6 Code Files/lab6" --include_path="C:/ti/TivaWare_C_Series-2.2.0.295" --include_path="C:/ti/ccs1230/ccs/tools/compiler/ti-cgt-arm_20.2.7.LTS/include" --define=ccs="ccs" --define=PART_TM4C123GH6PM -g --gcc --diag_warning=225 --diag_wrap=off --display_error_number --abi=eabi --preproc_with_compile --preproc_dependency="Timer.d_raw"  "../Timer.c"
Finished building: "../Timer.c"
 
Building file: "../lab6-interrupt_template.c"
Invoking: Arm Compiler
"C:/ti/ccs1230/ccs/tools/compiler/ti-cgt-arm_20.2.7.LTS/bin/armcl" -mv7M4 --code_state=16 --float_support=FPv4SPD16 -me --include_path="U:/CprE288/Lab6/Lab6 Code Files/lab6" --include_path="C:/ti/TivaWare_C_Series-2.2.0.295" --include_path="C:/ti/ccs1230/ccs/tools/compiler/ti-cgt-arm_20.2.7.LTS/include" --define=ccs="ccs" --define=PART_TM4C123GH6PM -g --gcc --diag_warning=225 --diag_wrap=off --display_error_number --abi=eabi --preproc_with_compile --preproc_dependency="lab6-interrupt_template.d_raw"  "../lab6-interrupt_template.c"
Finished building: "../lab6-interrupt_template.c"
 
Building file: "../Map.c"
Invoking: Arm Compiler
"C:/ti/ccs1230/ccs/tools/compiler/ti-cgt-arm_20.2.7.LTS/bin/armcl" -mv7M4 --code_state=16 --float_support=FPv4SPD16 -me --include_path="U:/CprE288/Lab6/Lab6 Code Files/lab6" --include_path="C:/ti/TivaWare_C_Series-2.2.0.295" --include_path="C:/ti/ccs1230/ccs/tools/compiler/ti-cgt-arm_20.2.7.LTS/include" --define=ccs="ccs" --define=PART_TM4C123GH6PM -g --gcc --diag_warning=225 --diag_wrap=off --display_error_number --abi=eabi --preproc_with_compile --preproc_dependency="Map.d_raw"  "../Map.c"
"../Map.c", line 24: warning #225-D: function "cyBot_getByte" declared implicitly
Finished building: "../Map.c"
 
Building file: "../lcd.c"
Invoking: Arm Compiler
"C:/ti/ccs1230/ccs/tools/compiler/ti-cgt-arm_20.2.7.LTS/bin/armcl" -mv7M4 --code_state=16 --float_support=FPv4SPD16 -me --include_path="U:/CprE288/Lab6/Lab6 Code Files/lab6" --include_path="C:/ti/TivaWare_C_Series-2.2.0.295" --include_path="C:/ti/ccs1230/ccs/tools/compiler/ti-cgt-arm_20.2.7.LTS/include" --define=ccs="ccs" --define=PART_TM4C123GH6PM -g --gcc --diag_warning=225 --diag_wrap=off --display_error_number --abi=eabi --preproc_with_compile --preproc_dependency="lcd.d_raw"  "../lcd.c"
Finished building: "../lcd.c"
 
Building file: "../lab6_template.c"
Invoking: Arm Compiler
"C:/ti/ccs1230/ccs/tools/compiler/ti-cgt-arm_20.2.7.LTS/bin/armcl" -mv7M4 --code_state=16 --float_support=FPv4SPD16 -me --include_path="U:/CprE288/Lab6/Lab6 Code Files/lab6" --include_path="C:/ti/TivaWare_C_Series-2.2.0.295" --include_path="C:/ti/ccs1230/ccs/tools/compiler/ti-cgt-arm_20.2.7.LTS/include" --define=ccs="ccs" --define=PART_TM4C123GH6PM -g --gcc --diag_warning=225 --diag_wrap=off --display_error_number --abi=eabi --preproc_with_compile --preproc_dependency="lab6_template.d_raw"  "../lab6_template.c"
"../lab6_template.c", line 35: warning #225-D: function "uart_receive_nonblocking" declared implicitly
Finished building: "../lab6_template.c"
 
Building file: "../movement.c"
Invoking: Arm Compiler
"C:/ti/ccs1230/ccs/tools/compiler/ti-cgt-arm_20.2.7.LTS/bin/armcl" -mv7M4 --code_state=16 --float_support=FPv4SPD16 -me --include_path="U:/CprE288/Lab6/Lab6 Code Files/lab6" --include_path="C:/ti/TivaWare_C_Series-2.2.0.295" --include_path="C:/ti/ccs1230/ccs/tools/compiler/ti-cgt-arm_20.2.7.LTS/include" --define=ccs="ccs" --define=PART_TM4C123GH6PM -g --gcc --diag_warning=225 --diag_wrap=off --display_error_number --abi=eabi --preproc_with_compile --preproc_dependency="movement.d_raw"  "../movement.c"
Finished building: "../movement.c"
 
Building file: "../tm4c123gh6pm_startup_ccs.c"
Invoking: Arm Compiler
"C:/ti/ccs1230/ccs/tools/compiler/ti-cgt-arm_20.2.7.LTS/bin/armcl" -mv7M4 --code_state=16 --float_support=FPv4SPD16 -me --include_path="U:/CprE288/Lab6/Lab6 Code Files/lab6" --include_path="C:/ti/TivaWare_C_Series-2.2.0.295" --include_path="C:/ti/ccs1230/ccs/tools/compiler/ti-cgt-arm_20.2.7.LTS/include" --define=ccs="ccs" --define=PART_TM4C123GH6PM -g --gcc --diag_warning=225 --diag_wrap=off --display_error_number --abi=eabi --preproc_with_compile --preproc_dependency="tm4c123gh6pm_startup_ccs.d_raw"  "../tm4c123gh6pm_startup_ccs.c"
Finished building: "../tm4c123gh6pm_startup_ccs.c"
 
Building file: "../uart-interrupt.c"
Invoking: Arm Compiler
"C:/ti/ccs1230/ccs/tools/compiler/ti-cgt-arm_20.2.7.LTS/bin/armcl" -mv7M4 --code_state=16 --float_support=FPv4SPD16 -me --include_path="U:/CprE288/Lab6/Lab6 Code Files/lab6" --include_path="C:/ti/TivaWare_C_Series-2.2.0.295" --include_path="C:/ti/ccs1230/ccs/tools/compiler/ti-cgt-arm_20.2.7.LTS/include" --define=ccs="ccs" --define=PART_TM4C123GH6PM -g --gcc --diag_warning=225 --diag_wrap=off --display_error_number --abi=eabi --preproc_with_compile --preproc_dependency="uart-interrupt.d_raw"  "../uart-interrupt.c"
"../uart-interrupt.c", line 19: warning #69-D: integer conversion resulted in a change of sign
Finished building: "../uart-interrupt.c"
 
Building file: "../uart.c"
Invoking: Arm Compiler
"C:/ti/ccs1230/ccs/tools/compiler/ti-cgt-arm_20.2.7.LTS/bin/armcl" -mv7M4 --code_state=16 --float_support=FPv4SPD16 -me --include_path="U:/CprE288/Lab6/Lab6 Code Files/lab6" --include_path="C:/ti/TivaWare_C_Series-2.2.0.295" --include_path="C:/ti/ccs1230/ccs/tools/compiler/ti-cgt-arm_20.2.7.LTS/include" --define=ccs="ccs" --define=PART_TM4C123GH6PM -g --gcc --diag_warning=225 --diag_wrap=off --display_error_number --abi=eabi --preproc_with_compile --preproc_dependency="uart.d_raw"  "../uart.c"
Finished building: "../uart.c"
 
Building file: "../open_interface.c"
Invoking: Arm Compiler
"C:/ti/ccs1230/ccs/tools/compiler/ti-cgt-arm_20.2.7.LTS/bin/armcl" -mv7M4 --code_state=16 --float_support=FPv4SPD16 -me --include_path="U:/CprE288/Lab6/Lab6 Code Files/lab6" --include_path="C:/ti/TivaWare_C_Series-2.2.0.295" --include_path="C:/ti/ccs1230/ccs/tools/compiler/ti-cgt-arm_20.2.7.LTS/include" --define=ccs="ccs" --define=PART_TM4C123GH6PM -g --gcc --diag_warning=225 --diag_wrap=off --display_error_number --abi=eabi --preproc_with_compile --preproc_dependency="open_interface.d_raw"  "../open_interface.c"
"../open_interface.c", line 356: warning #179-D: variable "charging_state" was declared but never referenced
Finished building: "../open_interface.c"
 
Building target: "lab6.out"
Invoking: Arm Linker
"C:/ti/ccs1230/ccs/tools/compiler/ti-cgt-arm_20.2.7.LTS/bin/armcl" -mv7M4 --code_state=16 --float_support=FPv4SPD16 -me --define=ccs="ccs" --define=PART_TM4C123GH6PM -g --gcc --diag_warning=225 --diag_wrap=off --display_error_number --abi=eabi -z -m"lab6.map" --heap_size=4092 --stack_size=4092 -i"C:/ti/ccs1230/ccs/tools/compiler/ti-cgt-arm_20.2.7.LTS/lib" -i"C:/ti/ccs1230/ccs/tools/compiler/ti-cgt-arm_20.2.7.LTS/include" --reread_libs --diag_wrap=off --display_error_number --warn_sections --xml_link_info="lab6_linkInfo.xml" --rom_model -o "lab6.out" "./Map.obj" "./Timer.obj" "./button.obj" "./lab6-interrupt_template.obj" "./lab6_template.obj" "./lcd.obj" "./movement.obj" "./open_interface.obj" "./tm4c123gh6pm_startup_ccs.obj" "./uart-interrupt.obj" "./uart.obj" "../libcybotScan.lib" "../libcybotUART.lib" "../tm4c123gh6pm.cmd"  -llibc.a -l"C:/ti/TivaWare_C_Series-2.2.0.295/driverlib/ccs/Debug/driverlib.lib" 
<Linking>
warning #10443-D: The ".stack" section size is required to be aligned to 8 bytes, but the specified size, 0xffc, is not. The aligned size is 0x1000
Finished building target: "lab6.out"
 

**** Build Finished ****

**** Build of configuration Debug for project lab6 ****

"C:\\ti\\ccs1230\\ccs\\utils\\bin\\gmake" -k -j 20 all -O 
 
Building file: "../uart.c"
Invoking: Arm Compiler
"C:/ti/ccs1230/ccs/tools/compiler/ti-cgt-arm_20.2.7.LTS/bin/armcl" -mv7M4 --code_state=16 --float_support=FPv4SPD16 -me --include_path="U:/CprE288/Lab6/Lab6 Code Files/lab6" --include_path="C:/ti/TivaWare_C_Series-2.2.0.295" --include_path="C:/ti/ccs1230/ccs/tools/compiler/ti-cgt-arm_20.2.7.LTS/include" --define=ccs="ccs" --define=PART_TM4C123GH6PM -g --gcc --diag_warning=225 --diag_wrap=off --display_error_number --abi=eabi --preproc_with_compile --preproc_dependency="uart.d_raw"  "../uart.c"
 
>> Compilation failure
subdir_rules.mk:9: recipe for target 'uart.obj' failed
"..\uart.h", line 35: error #100: a declaration here must declare a parameter
"../uart.c", line 15: error #100: a declaration here must declare a parameter
"../uart.c", line 15: error #66: expected a ";"
"../uart.c", line 37: warning #12-D: parsing restarts here after previous syntax error
"../uart.c", line 38: error #100: a declaration here must declare a parameter
"../uart.c", line 38: error #79: a parameter declaration may not have an initializer
"../uart.c", line 41: error #131: expected a "{"
"../uart.c", line 66: warning #12-D: parsing restarts here after previous syntax error
"../uart.c", line 66: warning #994-D: missing return statement at end of non-void function "uart_receive_nonblocking"
"../uart.c", line 88: error #249: function "uart_receive_nonblocking" has already been defined
7 errors detected in the compilation of "../uart.c".
gmake: *** [uart.obj] Error 1
Building file: "../lab6_template.c"
Invoking: Arm Compiler
"C:/ti/ccs1230/ccs/tools/compiler/ti-cgt-arm_20.2.7.LTS/bin/armcl" -mv7M4 --code_state=16 --float_support=FPv4SPD16 -me --include_path="U:/CprE288/Lab6/Lab6 Code Files/lab6" --include_path="C:/ti/TivaWare_C_Series-2.2.0.295" --include_path="C:/ti/ccs1230/ccs/tools/compiler/ti-cgt-arm_20.2.7.LTS/include" --define=ccs="ccs" --define=PART_TM4C123GH6PM -g --gcc --diag_warning=225 --diag_wrap=off --display_error_number --abi=eabi --preproc_with_compile --preproc_dependency="lab6_template.d_raw"  "../lab6_template.c"
 
>> Compilation failure
subdir_rules.mk:9: recipe for target 'lab6_template.obj' failed
"..\uart.h", line 35: error #100: a declaration here must declare a parameter
"C:/ti/ccs1230/ccs/tools/compiler/ti-cgt-arm_20.2.7.LTS/include/stdlib.h", line 78: warning #100-D: a declaration here must declare a parameter
"C:/ti/ccs1230/ccs/tools/compiler/ti-cgt-arm_20.2.7.LTS/include/stdlib.h", line 78: warning #233-D: declaration is not visible outside of function
"C:/ti/ccs1230/ccs/tools/compiler/ti-cgt-arm_20.2.7.LTS/include/stdlib.h", line 83: warning #100-D: a declaration here must declare a parameter
"C:/ti/ccs1230/ccs/tools/compiler/ti-cgt-arm_20.2.7.LTS/include/stdlib.h", line 83: warning #233-D: declaration is not visible outside of function
"C:/ti/ccs1230/ccs/tools/compiler/ti-cgt-arm_20.2.7.LTS/include/stdlib.h", line 91: warning #100-D: a declaration here must declare a parameter
"C:/ti/ccs1230/ccs/tools/compiler/ti-cgt-arm_20.2.7.LTS/include/stdlib.h", line 91: warning #233-D: declaration is not visible outside of function
"C:/ti/ccs1230/ccs/tools/compiler/ti-cgt-arm_20.2.7.LTS/include/stdlib.h", line 123: warning #100-D: a declaration here must declare a parameter
"C:/ti/ccs1230/ccs/tools/compiler/ti-cgt-arm_20.2.7.LTS/include/stdlib.h", line 123: warning #233-D: declaration is not visible outside of function
"C:/ti/ccs1230/ccs/tools/compiler/ti-cgt-arm_20.2.7.LTS/include/stdlib.h", line 143: error #100: a declaration here must declare a parameter
"C:/ti/ccs1230/ccs/tools/compiler/ti-cgt-arm_20.2.7.LTS/include/stdlib.h", line 144: error #100: a declaration here must declare a parameter
"C:/ti/ccs1230/ccs/tools/compiler/ti-cgt-arm_20.2.7.LTS/include/stdlib.h", line 146: error #100: a declaration here must declare a parameter
"C:/ti/ccs1230/ccs/tools/compiler/ti-cgt-arm_20.2.7.LTS/include/stdlib.h", line 150: error #100: a declaration here must declare a parameter
"C:/ti/ccs1230/ccs/tools/compiler/ti-cgt-arm_20.2.7.LTS/include/stdlib.h", line 151: error #100: a declaration here must declare a parameter
"C:/ti/ccs1230/ccs/tools/compiler/ti-cgt-arm_20.2.7.LTS/include/stdlib.h", line 153: error #100: a declaration here must declare a parameter
"C:/ti/ccs1230/ccs/tools/compiler/ti-cgt-arm_20.2.7.LTS/include/stdlib.h", line 155: error #100: a declaration here must declare a parameter
"C:/ti/ccs1230/ccs/tools/compiler/ti-cgt-arm_20.2.7.LTS/include/stdlib.h", line 156: error #86: invalid storage class for a parameter
"C:/ti/ccs1230/ccs/tools/compiler/ti-cgt-arm_20.2.7.LTS/include/stdlib.h", line 156: error #100: a declaration here must declare a parameter
"C:/ti/ccs1230/ccs/tools/compiler/ti-cgt-arm_20.2.7.LTS/include/stdlib.h", line 158: error #100: a declaration here must declare a parameter
"C:/ti/ccs1230/ccs/tools/compiler/ti-cgt-arm_20.2.7.LTS/include/stdlib.h", line 160: error #100: a declaration here must declare a parameter
"C:/ti/ccs1230/ccs/tools/compiler/ti-cgt-arm_20.2.7.LTS/include/stdlib.h", line 163: error #100: a declaration here must declare a parameter
"C:/ti/ccs1230/ccs/tools/compiler/ti-cgt-arm_20.2.7.LTS/include/stdlib.h", line 165: error #100: a declaration here must declare a parameter
"C:/ti/ccs1230/ccs/tools/compiler/ti-cgt-arm_20.2.7.LTS/include/stdlib.h", line 169: error #100: a declaration here must declare a parameter
"C:/ti/ccs1230/ccs/tools/compiler/ti-cgt-arm_20.2.7.LTS/include/stdlib.h", line 171: error #100: a declaration here must declare a parameter
"C:/ti/ccs1230/ccs/tools/compiler/ti-cgt-arm_20.2.7.LTS/include/stdlib.h", line 173: error #100: a declaration here must declare a parameter
"C:/ti/ccs1230/ccs/tools/compiler/ti-cgt-arm_20.2.7.LTS/include/stdlib.h", line 176: error #100: a declaration here must declare a parameter
"C:/ti/ccs1230/ccs/tools/compiler/ti-cgt-arm_20.2.7.LTS/include/stdlib.h", line 177: error #100: a declaration here must declare a parameter
"C:/ti/ccs1230/ccs/tools/compiler/ti-cgt-arm_20.2.7.LTS/include/stdlib.h", line 179: error #100: a declaration here must declare a parameter
"C:/ti/ccs1230/ccs/tools/compiler/ti-cgt-arm_20.2.7.LTS/include/stdlib.h", line 180: error #2104: attribute "malloc" does not apply here
"C:/ti/ccs1230/ccs/tools/compiler/ti-cgt-arm_20.2.7.LTS/include/stdlib.h", line 181: error #100: a declaration here must declare a parameter
"C:/ti/ccs1230/ccs/tools/compiler/ti-cgt-arm_20.2.7.LTS/include/stdlib.h", line 182: error #2104: attribute "malloc" does not apply here
"C:/ti/ccs1230/ccs/tools/compiler/ti-cgt-arm_20.2.7.LTS/include/stdlib.h", line 183: error #100: a declaration here must declare a parameter
"C:/ti/ccs1230/ccs/tools/compiler/ti-cgt-arm_20.2.7.LTS/include/stdlib.h", line 184: error #100: a declaration here must declare a parameter
"C:/ti/ccs1230/ccs/tools/compiler/ti-cgt-arm_20.2.7.LTS/include/stdlib.h", line 185: error #100: a declaration here must declare a parameter
"C:/ti/ccs1230/ccs/tools/compiler/ti-cgt-arm_20.2.7.LTS/include/stdlib.h", line 186: error #2104: attribute "malloc" does not apply here
"C:/ti/ccs1230/ccs/tools/compiler/ti-cgt-arm_20.2.7.LTS/include/stdlib.h", line 188: error #100: a declaration here must declare a parameter
"C:/ti/ccs1230/ccs/tools/compiler/ti-cgt-arm_20.2.7.LTS/include/stdlib.h", line 189: error #2104: attribute "malloc" does not apply here
"C:/ti/ccs1230/ccs/tools/compiler/ti-cgt-arm_20.2.7.LTS/include/stdlib.h", line 192: error #100: a declaration here must declare a parameter
"C:/ti/ccs1230/ccs/tools/compiler/ti-cgt-arm_20.2.7.LTS/include/stdlib.h", line 193: error #100: a declaration here must declare a parameter
"C:/ti/ccs1230/ccs/tools/compiler/ti-cgt-arm_20.2.7.LTS/include/stdlib.h", line 194: error #100: a declaration here must declare a parameter
"C:/ti/ccs1230/ccs/tools/compiler/ti-cgt-arm_20.2.7.LTS/include/stdlib.h", line 195: error #100: a declaration here must declare a parameter
"C:/ti/ccs1230/ccs/tools/compiler/ti-cgt-arm_20.2.7.LTS/include/stdlib.h", line 197: error #100: a declaration here must declare a parameter
"C:/ti/ccs1230/ccs/tools/compiler/ti-cgt-arm_20.2.7.LTS/include/stdlib.h", line 199: warning #100-D: a declaration here must declare a parameter
"C:/ti/ccs1230/ccs/tools/compiler/ti-cgt-arm_20.2.7.LTS/include/stdlib.h", line 199: warning #233-D: declaration is not visible outside of function
"C:/ti/ccs1230/ccs/tools/compiler/ti-cgt-arm_20.2.7.LTS/include/stdlib.h", line 200: error #100: a declaration here must declare a parameter
"C:/ti/ccs1230/ccs/tools/compiler/ti-cgt-arm_20.2.7.LTS/include/stdlib.h", line 202: warning #100-D: a declaration here must declare a parameter
"C:/ti/ccs1230/ccs/tools/compiler/ti-cgt-arm_20.2.7.LTS/include/stdlib.h", line 202: warning #233-D: declaration is not visible outside of function
"C:/ti/ccs1230/ccs/tools/compiler/ti-cgt-arm_20.2.7.LTS/include/stdlib.h", line 203: error #100: a declaration here must declare a parameter
"C:/ti/ccs1230/ccs/tools/compiler/ti-cgt-arm_20.2.7.LTS/include/stdlib.h", line 206: error #100: a declaration here must declare a parameter
"C:/ti/ccs1230/ccs/tools/compiler/ti-cgt-arm_20.2.7.LTS/include/stdlib.h", line 209: error #100: a declaration here must declare a parameter
"C:/ti/ccs1230/ccs/tools/compiler/ti-cgt-arm_20.2.7.LTS/include/stdlib.h", line 211: error #100: a declaration here must declare a parameter
"C:/ti/ccs1230/ccs/tools/compiler/ti-cgt-arm_20.2.7.LTS/include/stdlib.h", line 215: error #100: a declaration here must declare a parameter
"C:/ti/ccs1230/ccs/tools/compiler/ti-cgt-arm_20.2.7.LTS/include/stdlib.h", line 216: error #100: a declaration here must declare a parameter
"C:/ti/ccs1230/ccs/tools/compiler/ti-cgt-arm_20.2.7.LTS/include/stdlib.h", line 219: error #100: a declaration here must declare a parameter
"C:/ti/ccs1230/ccs/tools/compiler/ti-cgt-arm_20.2.7.LTS/include/stdlib.h", line 220: error #100: a declaration here must declare a parameter
"C:/ti/ccs1230/ccs/tools/compiler/ti-cgt-arm_20.2.7.LTS/include/stdlib.h", line 222: error #100: a declaration here must declare a parameter
"C:/ti/ccs1230/ccs/tools/compiler/ti-cgt-arm_20.2.7.LTS/include/stdlib.h", line 225: error #100: a declaration here must declare a parameter
"C:/ti/ccs1230/ccs/tools/compiler/ti-cgt-arm_20.2.7.LTS/include/stdlib.h", line 226: error #100: a declaration here must declare a parameter
"C:/ti/ccs1230/ccs/tools/compiler/ti-cgt-arm_20.2.7.LTS/include/stdlib.h", line 228: error #100: a declaration here must declare a parameter
"C:/ti/ccs1230/ccs/tools/compiler/ti-cgt-arm_20.2.7.LTS/include/stdlib.h", line 229: error #100: a declaration here must declare a parameter
"C:/ti/ccs1230/ccs/tools/compiler/ti-cgt-arm_20.2.7.LTS/include/stdlib.h", line 231: error #100: a declaration here must declare a parameter
"C:/ti/ccs1230/ccs/tools/compiler/ti-cgt-arm_20.2.7.LTS/include/stdlib.h", line 234: error #100: a declaration here must declare a parameter
"C:/ti/ccs1230/ccs/tools/compiler/ti-cgt-arm_20.2.7.LTS/include/stdlib.h", line 236: error #100: a declaration here must declare a parameter
"C:/ti/ccs1230/ccs/tools/compiler/ti-cgt-arm_20.2.7.LTS/include/_defs.h", line 334: error #240: invalid specifier on a parameter
"C:/ti/ccs1230/ccs/tools/compiler/ti-cgt-arm_20.2.7.LTS/include/_defs.h", line 334: error #100: a declaration here must declare a parameter
"C:/ti/ccs1230/ccs/tools/compiler/ti-cgt-arm_20.2.7.LTS/include/_defs.h", line 335: error #66: expected a ";"
"C:/ti/ccs1230/ccs/tools/compiler/ti-cgt-arm_20.2.7.LTS/include/math.h", line 323: warning #12-D: parsing restarts here after previous syntax error
"C:/ti/ccs1230/ccs/tools/compiler/ti-cgt-arm_20.2.7.LTS/include/math.h", line 324: warning #100-D: a declaration here must declare a parameter
"C:/ti/ccs1230/ccs/tools/compiler/ti-cgt-arm_20.2.7.LTS/include/math.h", line 324: warning #233-D: declaration is not visible outside of function
"C:/ti/ccs1230/ccs/tools/compiler/ti-cgt-arm_20.2.7.LTS/include/math.h", line 327: error #100: a declaration here must declare a parameter
"C:/ti/ccs1230/ccs/tools/compiler/ti-cgt-arm_20.2.7.LTS/include/math.h", line 328: error #100: a declaration here must declare a parameter
"C:/ti/ccs1230/ccs/tools/compiler/ti-cgt-arm_20.2.7.LTS/include/math.h", line 329: error #100: a declaration here must declare a parameter
"C:/ti/ccs1230/ccs/tools/compiler/ti-cgt-arm_20.2.7.LTS/include/math.h", line 330: error #100: a declaration here must declare a parameter
"C:/ti/ccs1230/ccs/tools/compiler/ti-cgt-arm_20.2.7.LTS/include/math.h", line 331: error #100: a declaration here must declare a parameter
"C:/ti/ccs1230/ccs/tools/compiler/ti-cgt-arm_20.2.7.LTS/include/math.h", line 332: error #100: a declaration here must declare a parameter
"C:/ti/ccs1230/ccs/tools/compiler/ti-cgt-arm_20.2.7.LTS/include/math.h", line 333: error #100: a declaration here must declare a parameter
"C:/ti/ccs1230/ccs/tools/compiler/ti-cgt-arm_20.2.7.LTS/include/math.h", line 334: error #100: a declaration here must declare a parameter
"C:/ti/ccs1230/ccs/tools/compiler/ti-cgt-arm_20.2.7.LTS/include/math.h", line 335: error #100: a declaration here must declare a parameter
"C:/ti/ccs1230/ccs/tools/compiler/ti-cgt-arm_20.2.7.LTS/include/math.h", line 336: error #100: a declaration here must declare a parameter
"C:/ti/ccs1230/ccs/tools/compiler/ti-cgt-arm_20.2.7.LTS/include/math.h", line 337: error #100: a declaration here must declare a parameter
"C:/ti/ccs1230/ccs/tools/compiler/ti-cgt-arm_20.2.7.LTS/include/math.h", line 338: error #100: a declaration here must declare a parameter
"C:/ti/ccs1230/ccs/tools/compiler/ti-cgt-arm_20.2.7.LTS/include/math.h", line 339: error #100: a declaration here must declare a parameter
"C:/ti/ccs1230/ccs/tools/compiler/ti-cgt-arm_20.2.7.LTS/include/math.h", line 340: error #100: a declaration here must declare a parameter
"C:/ti/ccs1230/ccs/tools/compiler/ti-cgt-arm_20.2.7.LTS/include/math.h", line 341: error #100: a declaration here must declare a parameter
"C:/ti/ccs1230/ccs/tools/compiler/ti-cgt-arm_20.2.7.LTS/include/math.h", line 342: error #100: a declaration here must declare a parameter
"C:/ti/ccs1230/ccs/tools/compiler/ti-cgt-arm_20.2.7.LTS/include/math.h", line 343: error #100: a declaration here must declare a parameter
"C:/ti/ccs1230/ccs/tools/compiler/ti-cgt-arm_20.2.7.LTS/include/math.h", line 344: error #100: a declaration here must declare a parameter
"C:/ti/ccs1230/ccs/tools/compiler/ti-cgt-arm_20.2.7.LTS/include/math.h", line 345: error #100: a declaration here must declare a parameter
"C:/ti/ccs1230/ccs/tools/compiler/ti-cgt-arm_20.2.7.LTS/include/math.h", line 346: error #100: a declaration here must declare a parameter
"C:/ti/ccs1230/ccs/tools/compiler/ti-cgt-arm_20.2.7.LTS/include/math.h", line 347: error #100: a declaration here must declare a parameter
"C:/ti/ccs1230/ccs/tools/compiler/ti-cgt-arm_20.2.7.LTS/include/math.h", line 348: error #100: a declaration here must declare a parameter
"C:/ti/ccs1230/ccs/tools/compiler/ti-cgt-arm_20.2.7.LTS/include/math.h", line 349: error #100: a declaration here must declare a parameter
"C:/ti/ccs1230/ccs/tools/compiler/ti-cgt-arm_20.2.7.LTS/include/math.h", line 350: error #100: a declaration here must declare a parameter
"C:/ti/ccs1230/ccs/tools/compiler/ti-cgt-arm_20.2.7.LTS/include/math.h", line 351: error #100: a declaration here must declare a parameter
"C:/ti/ccs1230/ccs/tools/compiler/ti-cgt-arm_20.2.7.LTS/include/math.h", line 352: error #100: a declaration here must declare a parameter
"C:/ti/ccs1230/ccs/tools/compiler/ti-cgt-arm_20.2.7.LTS/include/math.h", line 353: error #100: a declaration here must declare a parameter
"C:/ti/ccs1230/ccs/tools/compiler/ti-cgt-arm_20.2.7.LTS/include/math.h", line 354: error #100: a declaration here must declare a parameter
"C:/ti/ccs1230/ccs/tools/compiler/ti-cgt-arm_20.2.7.LTS/include/math.h", line 355: error #100: a declaration here must declare a parameter
"C:/ti/ccs1230/ccs/tools/compiler/ti-cgt-arm_20.2.7.LTS/include/math.h", line 356: error #100: a declaration here must declare a parameter
"C:/ti/ccs1230/ccs/tools/compiler/ti-cgt-arm_20.2.7.LTS/include/math.h", line 357: error #100: a declaration here must declare a parameter
"C:/ti/ccs1230/ccs/tools/compiler/ti-cgt-arm_20.2.7.LTS/include/math.h", line 358: error #100: a declaration here must declare a parameter
"C:/ti/ccs1230/ccs/tools/compiler/ti-cgt-arm_20.2.7.LTS/include/math.h", line 359: error #100: a declaration here must declare a parameter
"C:/ti/ccs1230/ccs/tools/compiler/ti-cgt-arm_20.2.7.LTS/include/math.h", line 360: error #100: a declaration here must declare a parameter
"C:/ti/ccs1230/ccs/tools/compiler/ti-cgt-arm_20.2.7.LTS/include/math.h", line 361: error #100: a declaration here must declare a parameter
"C:/ti/ccs1230/ccs/tools/compiler/ti-cgt-arm_20.2.7.LTS/include/math.h", line 362: error #100: a declaration here must declare a parameter
"C:/ti/ccs1230/ccs/tools/compiler/ti-cgt-arm_20.2.7.LTS/include/math.h", line 363: error #100: a declaration here must declare a parameter
"C:/ti/ccs1230/ccs/tools/compiler/ti-cgt-arm_20.2.7.LTS/include/math.h", line 364: error #100: a declaration here must declare a parameter
"C:/ti/ccs1230/ccs/tools/compiler/ti-cgt-arm_20.2.7.LTS/include/math.h", line 365: error #100: a declaration here must declare a parameter
"C:/ti/ccs1230/ccs/tools/compiler/ti-cgt-arm_20.2.7.LTS/include/math.h", line 366: error #100: a declaration here must declare a parameter
"C:/ti/ccs1230/ccs/tools/compiler/ti-cgt-arm_20.2.7.LTS/include/math.h", line 367: error #100: a declaration here must declare a parameter
"C:/ti/ccs1230/ccs/tools/compiler/ti-cgt-arm_20.2.7.LTS/include/math.h", line 368: error #100: a declaration here must declare a parameter
"C:/ti/ccs1230/ccs/tools/compiler/ti-cgt-arm_20.2.7.LTS/include/math.h", line 369: error #100: a declaration here must declare a parameter
"C:/ti/ccs1230/ccs/tools/compiler/ti-cgt-arm_20.2.7.LTS/include/math.h", line 370: error #100: a declaration here must declare a parameter
"C:/ti/ccs1230/ccs/tools/compiler/ti-cgt-arm_20.2.7.LTS/include/math.h", line 371: error #100: a declaration here must declare a parameter
"C:/ti/ccs1230/ccs/tools/compiler/ti-cgt-arm_20.2.7.LTS/include/math.h", line 372: error #100: a declaration here must declare a parameter
Error limit reached.
100 errors detected in the compilation of "../lab6_template.c".
Compilation terminated.
gmake: *** [lab6_template.obj] Error 1
gmake: Target 'all' not remade because of errors.

**** Build Finished ****

**** Build of configuration Debug for project lab6 ****

"C:\\ti\\ccs1230\\ccs\\utils\\bin\\gmake" -k -j 20 all -O 
 
Building file: "../uart.c"
Invoking: Arm Compiler
"C:/ti/ccs1230/ccs/tools/compiler/ti-cgt-arm_20.2.7.LTS/bin/armcl" -mv7M4 --code_state=16 --float_support=FPv4SPD16 -me --include_path="U:/CprE288/Lab6/Lab6 Code Files/lab6" --include_path="C:/ti/TivaWare_C_Series-2.2.0.295" --include_path="C:/ti/ccs1230/ccs/tools/compiler/ti-cgt-arm_20.2.7.LTS/include" --define=ccs="ccs" --define=PART_TM4C123GH6PM -g --gcc --diag_warning=225 --diag_wrap=off --display_error_number --abi=eabi --preproc_with_compile --preproc_dependency="uart.d_raw"  "../uart.c"
Finished building: "../uart.c"
 
Building file: "../lab6_template.c"
Invoking: Arm Compiler
"C:/ti/ccs1230/ccs/tools/compiler/ti-cgt-arm_20.2.7.LTS/bin/armcl" -mv7M4 --code_state=16 --float_support=FPv4SPD16 -me --include_path="U:/CprE288/Lab6/Lab6 Code Files/lab6" --include_path="C:/ti/TivaWare_C_Series-2.2.0.295" --include_path="C:/ti/ccs1230/ccs/tools/compiler/ti-cgt-arm_20.2.7.LTS/include" --define=ccs="ccs" --define=PART_TM4C123GH6PM -g --gcc --diag_warning=225 --diag_wrap=off --display_error_number --abi=eabi --preproc_with_compile --preproc_dependency="lab6_template.d_raw"  "../lab6_template.c"
Finished building: "../lab6_template.c"
 
Building target: "lab6.out"
Invoking: Arm Linker
"C:/ti/ccs1230/ccs/tools/compiler/ti-cgt-arm_20.2.7.LTS/bin/armcl" -mv7M4 --code_state=16 --float_support=FPv4SPD16 -me --define=ccs="ccs" --define=PART_TM4C123GH6PM -g --gcc --diag_warning=225 --diag_wrap=off --display_error_number --abi=eabi -z -m"lab6.map" --heap_size=4092 --stack_size=4092 -i"C:/ti/ccs1230/ccs/tools/compiler/ti-cgt-arm_20.2.7.LTS/lib" -i"C:/ti/ccs1230/ccs/tools/compiler/ti-cgt-arm_20.2.7.LTS/include" --reread_libs --diag_wrap=off --display_error_number --warn_sections --xml_link_info="lab6_linkInfo.xml" --rom_model -o "lab6.out" "./Map.obj" "./Timer.obj" "./button.obj" "./lab6-interrupt_template.obj" "./lab6_template.obj" "./lcd.obj" "./movement.obj" "./open_interface.obj" "./tm4c123gh6pm_startup_ccs.obj" "./uart-interrupt.obj" "./uart.obj" "../libcybotScan.lib" "../libcybotUART.lib" "../tm4c123gh6pm.cmd"  -llibc.a -l"C:/ti/TivaWare_C_Series-2.2.0.295/driverlib/ccs/Debug/driverlib.lib" 
<Linking>
warning #10443-D: The ".stack" section size is required to be aligned to 8 bytes, but the specified size, 0xffc, is not. The aligned size is 0x1000
Finished building target: "lab6.out"
 

**** Build Finished ****

**** Build of configuration Debug for project lab6 ****

"C:\\ti\\ccs1230\\ccs\\utils\\bin\\gmake" -k -j 20 all -O 
 
Building file: "../uart-interrupt.c"
Invoking: Arm Compiler
"C:/ti/ccs1230/ccs/tools/compiler/ti-cgt-arm_20.2.7.LTS/bin/armcl" -mv7M4 --code_state=16 --float_support=FPv4SPD16 -me --include_path="U:/CprE288/Lab6/Lab6 Code Files/lab6" --include_path="C:/ti/TivaWare_C_Series-2.2.0.295" --include_path="C:/ti/ccs1230/ccs/tools/compiler/ti-cgt-arm_20.2.7.LTS/include" --define=ccs="ccs" --define=PART_TM4C123GH6PM -g --gcc --diag_warning=225 --diag_wrap=off --display_error_number --abi=eabi --preproc_with_compile --preproc_dependency="uart-interrupt.d_raw"  "../uart-interrupt.c"
 
>> Compilation failure
subdir_rules.mk:9: recipe for target 'uart-interrupt.obj' failed
"../uart-interrupt.c", line 19: warning #69-D: integer conversion resulted in a change of sign
"../uart-interrupt.c", line 102: error #41: expected an identifier
"../uart-interrupt.c", line 114: warning #121-D: return value type does not match the function type
1 error detected in the compilation of "../uart-interrupt.c".
gmake: *** [uart-interrupt.obj] Error 1
Building file: "../lab6-interrupt_template.c"
Invoking: Arm Compiler
"C:/ti/ccs1230/ccs/tools/compiler/ti-cgt-arm_20.2.7.LTS/bin/armcl" -mv7M4 --code_state=16 --float_support=FPv4SPD16 -me --include_path="U:/CprE288/Lab6/Lab6 Code Files/lab6" --include_path="C:/ti/TivaWare_C_Series-2.2.0.295" --include_path="C:/ti/ccs1230/ccs/tools/compiler/ti-cgt-arm_20.2.7.LTS/include" --define=ccs="ccs" --define=PART_TM4C123GH6PM -g --gcc --diag_warning=225 --diag_wrap=off --display_error_number --abi=eabi --preproc_with_compile --preproc_dependency="lab6-interrupt_template.d_raw"  "../lab6-interrupt_template.c"
 
>> Compilation failure
subdir_rules.mk:9: recipe for target 'lab6-interrupt_template.obj' failed
"../lab6-interrupt_template.c", line 34: error #167: too few arguments in function call
1 error detected in the compilation of "../lab6-interrupt_template.c".
gmake: *** [lab6-interrupt_template.obj] Error 1
Building file: "../lab6_template.c"
Invoking: Arm Compiler
"C:/ti/ccs1230/ccs/tools/compiler/ti-cgt-arm_20.2.7.LTS/bin/armcl" -mv7M4 --code_state=16 --float_support=FPv4SPD16 -me --include_path="U:/CprE288/Lab6/Lab6 Code Files/lab6" --include_path="C:/ti/TivaWare_C_Series-2.2.0.295" --include_path="C:/ti/ccs1230/ccs/tools/compiler/ti-cgt-arm_20.2.7.LTS/include" --define=ccs="ccs" --define=PART_TM4C123GH6PM -g --gcc --diag_warning=225 --diag_wrap=off --display_error_number --abi=eabi --preproc_with_compile --preproc_dependency="lab6_template.d_raw"  "../lab6_template.c"
Finished building: "../lab6_template.c"
 
gmake: Target 'all' not remade because of errors.

**** Build Finished ****

**** Build of configuration Debug for project lab6 ****

"C:\\ti\\ccs1230\\ccs\\utils\\bin\\gmake" -k -j 20 all -O 
 
Building file: "../uart-interrupt.c"
Invoking: Arm Compiler
"C:/ti/ccs1230/ccs/tools/compiler/ti-cgt-arm_20.2.7.LTS/bin/armcl" -mv7M4 --code_state=16 --float_support=FPv4SPD16 -me --include_path="U:/CprE288/Lab6/Lab6 Code Files/lab6" --include_path="C:/ti/TivaWare_C_Series-2.2.0.295" --include_path="C:/ti/ccs1230/ccs/tools/compiler/ti-cgt-arm_20.2.7.LTS/include" --define=ccs="ccs" --define=PART_TM4C123GH6PM -g --gcc --diag_warning=225 --diag_wrap=off --display_error_number --abi=eabi --preproc_with_compile --preproc_dependency="uart-interrupt.d_raw"  "../uart-interrupt.c"
 
>> Compilation failure
subdir_rules.mk:9: recipe for target 'uart-interrupt.obj' failed
"../uart-interrupt.c", line 19: warning #69-D: integer conversion resulted in a change of sign
"../uart-interrupt.c", line 102: error #41: expected an identifier
"../uart-interrupt.c", line 114: warning #121-D: return value type does not match the function type
1 error detected in the compilation of "../uart-interrupt.c".
gmake: *** [uart-interrupt.obj] Error 1
Building file: "../lab6-interrupt_template.c"
Invoking: Arm Compiler
"C:/ti/ccs1230/ccs/tools/compiler/ti-cgt-arm_20.2.7.LTS/bin/armcl" -mv7M4 --code_state=16 --float_support=FPv4SPD16 -me --include_path="U:/CprE288/Lab6/Lab6 Code Files/lab6" --include_path="C:/ti/TivaWare_C_Series-2.2.0.295" --include_path="C:/ti/ccs1230/ccs/tools/compiler/ti-cgt-arm_20.2.7.LTS/include" --define=ccs="ccs" --define=PART_TM4C123GH6PM -g --gcc --diag_warning=225 --diag_wrap=off --display_error_number --abi=eabi --preproc_with_compile --preproc_dependency="lab6-interrupt_template.d_raw"  "../lab6-interrupt_template.c"
Finished building: "../lab6-interrupt_template.c"
 
gmake: Target 'all' not remade because of errors.

**** Build Finished ****

**** Build of configuration Debug for project lab6 ****

"C:\\ti\\ccs1230\\ccs\\utils\\bin\\gmake" -k -j 20 all -O 
 
Building file: "../uart-interrupt.c"
Invoking: Arm Compiler
"C:/ti/ccs1230/ccs/tools/compiler/ti-cgt-arm_20.2.7.LTS/bin/armcl" -mv7M4 --code_state=16 --float_support=FPv4SPD16 -me --include_path="U:/CprE288/Lab6/Lab6 Code Files/lab6" --include_path="C:/ti/TivaWare_C_Series-2.2.0.295" --include_path="C:/ti/ccs1230/ccs/tools/compiler/ti-cgt-arm_20.2.7.LTS/include" --define=ccs="ccs" --define=PART_TM4C123GH6PM -g --gcc --diag_warning=225 --diag_wrap=off --display_error_number --abi=eabi --preproc_with_compile --preproc_dependency="uart-interrupt.d_raw"  "../uart-interrupt.c"
 
>> Compilation failure
subdir_rules.mk:9: recipe for target 'uart-interrupt.obj' failed
"../uart-interrupt.c", line 19: warning #69-D: integer conversion resulted in a change of sign
"../uart-interrupt.c", line 102: error #41: expected an identifier
"../uart-interrupt.c", line 112: warning #121-D: return value type does not match the function type
1 error detected in the compilation of "../uart-interrupt.c".
gmake: *** [uart-interrupt.obj] Error 1
gmake: Target 'all' not remade because of errors.

**** Build Finished ****

**** Build of configuration Debug for project lab6 ****

"C:\\ti\\ccs1230\\ccs\\utils\\bin\\gmake" -k -j 20 all -O 
 
Building file: "../uart-interrupt.c"
Invoking: Arm Compiler
"C:/ti/ccs1230/ccs/tools/compiler/ti-cgt-arm_20.2.7.LTS/bin/armcl" -mv7M4 --code_state=16 --float_support=FPv4SPD16 -me --include_path="U:/CprE288/Lab6/Lab6 Code Files/lab6" --include_path="C:/ti/TivaWare_C_Series-2.2.0.295" --include_path="C:/ti/ccs1230/ccs/tools/compiler/ti-cgt-arm_20.2.7.LTS/include" --define=ccs="ccs" --define=PART_TM4C123GH6PM -g --gcc --diag_warning=225 --diag_wrap=off --display_error_number --abi=eabi --preproc_with_compile --preproc_dependency="uart-interrupt.d_raw"  "../uart-interrupt.c"
 
>> Compilation failure
subdir_rules.mk:9: recipe for target 'uart-interrupt.obj' failed
"../uart-interrupt.c", line 19: warning #69-D: integer conversion resulted in a change of sign
"../uart-interrupt.c", line 102: error #41: expected an identifier
"../uart-interrupt.c", line 112: warning #121-D: return value type does not match the function type
1 error detected in the compilation of "../uart-interrupt.c".
gmake: *** [uart-interrupt.obj] Error 1
gmake: Target 'all' not remade because of errors.

**** Build Finished ****

**** Build of configuration Debug for project lab6 ****

"C:\\ti\\ccs1230\\ccs\\utils\\bin\\gmake" -k -j 20 all -O 
 
Building file: "../uart-interrupt.c"
Invoking: Arm Compiler
"C:/ti/ccs1230/ccs/tools/compiler/ti-cgt-arm_20.2.7.LTS/bin/armcl" -mv7M4 --code_state=16 --float_support=FPv4SPD16 -me --include_path="U:/CprE288/Lab6/Lab6 Code Files/lab6" --include_path="C:/ti/TivaWare_C_Series-2.2.0.295" --include_path="C:/ti/ccs1230/ccs/tools/compiler/ti-cgt-arm_20.2.7.LTS/include" --define=ccs="ccs" --define=PART_TM4C123GH6PM -g --gcc --diag_warning=225 --diag_wrap=off --display_error_number --abi=eabi --preproc_with_compile --preproc_dependency="uart-interrupt.d_raw"  "../uart-interrupt.c"
"../uart-interrupt.c", line 19: warning #69-D: integer conversion resulted in a change of sign
Finished building: "../uart-interrupt.c"
 
Building target: "lab6.out"
Invoking: Arm Linker
"C:/ti/ccs1230/ccs/tools/compiler/ti-cgt-arm_20.2.7.LTS/bin/armcl" -mv7M4 --code_state=16 --float_support=FPv4SPD16 -me --define=ccs="ccs" --define=PART_TM4C123GH6PM -g --gcc --diag_warning=225 --diag_wrap=off --display_error_number --abi=eabi -z -m"lab6.map" --heap_size=4092 --stack_size=4092 -i"C:/ti/ccs1230/ccs/tools/compiler/ti-cgt-arm_20.2.7.LTS/lib" -i"C:/ti/ccs1230/ccs/tools/compiler/ti-cgt-arm_20.2.7.LTS/include" --reread_libs --diag_wrap=off --display_error_number --warn_sections --xml_link_info="lab6_linkInfo.xml" --rom_model -o "lab6.out" "./Map.obj" "./Timer.obj" "./button.obj" "./lab6-interrupt_template.obj" "./lab6_template.obj" "./lcd.obj" "./movement.obj" "./open_interface.obj" "./tm4c123gh6pm_startup_ccs.obj" "./uart-interrupt.obj" "./uart.obj" "../libcybotScan.lib" "../libcybotUART.lib" "../tm4c123gh6pm.cmd"  -llibc.a -l"C:/ti/TivaWare_C_Series-2.2.0.295/driverlib/ccs/Debug/driverlib.lib" 
<Linking>
error #10056: symbol "uart_sendChar" redefined: first defined in "./uart-interrupt.obj"; redefined in "./uart.obj"
error #10056: symbol "uart_receive" redefined: first defined in "./uart-interrupt.obj"; redefined in "./uart.obj"
error #10056: symbol "uart_sendStr" redefined: first defined in "./uart-interrupt.obj"; redefined in "./uart.obj"
warning #10443-D: The ".stack" section size is required to be aligned to 8 bytes, but the specified size, 0xffc, is not. The aligned size is 0x1000
error #10010: errors encountered during linking; "lab6.out" not built
 
>> Compilation failure
makefile:148: recipe for target 'lab6.out' failed
gmake[1]: *** [lab6.out] Error 1
gmake: *** [all] Error 2
makefile:144: recipe for target 'all' failed

**** Build Finished ****

**** Build of configuration Debug for project lab6 ****

"C:\\ti\\ccs1230\\ccs\\utils\\bin\\gmake" -k -j 20 all -O 
 
Building file: "../uart.c"
Invoking: Arm Compiler
"C:/ti/ccs1230/ccs/tools/compiler/ti-cgt-arm_20.2.7.LTS/bin/armcl" -mv7M4 --code_state=16 --float_support=FPv4SPD16 -me --include_path="U:/CprE288/Lab6/Lab6 Code Files/lab6" --include_path="C:/ti/TivaWare_C_Series-2.2.0.295" --include_path="C:/ti/ccs1230/ccs/tools/compiler/ti-cgt-arm_20.2.7.LTS/include" --define=ccs="ccs" --define=PART_TM4C123GH6PM -g --gcc --diag_warning=225 --diag_wrap=off --display_error_number --abi=eabi --preproc_with_compile --preproc_dependency="uart.d_raw"  "../uart.c"
Finished building: "../uart.c"
 
Building target: "lab6.out"
Invoking: Arm Linker
"C:/ti/ccs1230/ccs/tools/compiler/ti-cgt-arm_20.2.7.LTS/bin/armcl" -mv7M4 --code_state=16 --float_support=FPv4SPD16 -me --define=ccs="ccs" --define=PART_TM4C123GH6PM -g --gcc --diag_warning=225 --diag_wrap=off --display_error_number --abi=eabi -z -m"lab6.map" --heap_size=4092 --stack_size=4092 -i"C:/ti/ccs1230/ccs/tools/compiler/ti-cgt-arm_20.2.7.LTS/lib" -i"C:/ti/ccs1230/ccs/tools/compiler/ti-cgt-arm_20.2.7.LTS/include" --reread_libs --diag_wrap=off --display_error_number --warn_sections --xml_link_info="lab6_linkInfo.xml" --rom_model -o "lab6.out" "./Map.obj" "./Timer.obj" "./button.obj" "./lab6-interrupt_template.obj" "./lab6_template.obj" "./lcd.obj" "./movement.obj" "./open_interface.obj" "./tm4c123gh6pm_startup_ccs.obj" "./uart-interrupt.obj" "./uart.obj" "../libcybotScan.lib" "../libcybotUART.lib" "../tm4c123gh6pm.cmd"  -llibc.a -l"C:/ti/TivaWare_C_Series-2.2.0.295/driverlib/ccs/Debug/driverlib.lib" 
<Linking>
warning #10443-D: The ".stack" section size is required to be aligned to 8 bytes, but the specified size, 0xffc, is not. The aligned size is 0x1000
Finished building target: "lab6.out"
 

**** Build Finished ****

**** Build of configuration Debug for project lab6 ****

"C:\\ti\\ccs1230\\ccs\\utils\\bin\\gmake" -k -j 20 all -O 
 
gmake[1]: 'lab6.out' is up to date.

**** Build Finished ****

**** Build of configuration Debug for project lab6 ****

"C:\\ti\\ccs1230\\ccs\\utils\\bin\\gmake" -k -j 20 all -O 
 
Building file: "../lab6-interrupt_template.c"
Invoking: Arm Compiler
"C:/ti/ccs1230/ccs/tools/compiler/ti-cgt-arm_20.2.7.LTS/bin/armcl" -mv7M4 --code_state=16 --float_support=FPv4SPD16 -me --include_path="U:/CprE288/Lab6/Lab6 Code Files/lab6" --include_path="C:/ti/TivaWare_C_Series-2.2.0.295" --include_path="C:/ti/ccs1230/ccs/tools/compiler/ti-cgt-arm_20.2.7.LTS/include" --define=ccs="ccs" --define=PART_TM4C123GH6PM -g --gcc --diag_warning=225 --diag_wrap=off --display_error_number --abi=eabi --preproc_with_compile --preproc_dependency="lab6-interrupt_template.d_raw"  "../lab6-interrupt_template.c"
 
>> Compilation failure
subdir_rules.mk:9: recipe for target 'lab6-interrupt_template.obj' failed
"../lab6-interrupt_template.c", line 51: error #20: identifier "received_char" is undefined
"../lab6-interrupt_template.c", line 52: warning #176-D: expression has no effect
"../lab6-interrupt_template.c", line 53: error #66: expected a ";"
2 errors detected in the compilation of "../lab6-interrupt_template.c".
gmake: *** [lab6-interrupt_template.obj] Error 1
gmake: Target 'all' not remade because of errors.

**** Build Finished ****

**** Build of configuration Debug for project lab6 ****

"C:\\ti\\ccs1230\\ccs\\utils\\bin\\gmake" -k -j 20 all -O 
 
Building file: "../lab6-interrupt_template.c"
Invoking: Arm Compiler
"C:/ti/ccs1230/ccs/tools/compiler/ti-cgt-arm_20.2.7.LTS/bin/armcl" -mv7M4 --code_state=16 --float_support=FPv4SPD16 -me --include_path="U:/CprE288/Lab6/Lab6 Code Files/lab6" --include_path="C:/ti/TivaWare_C_Series-2.2.0.295" --include_path="C:/ti/ccs1230/ccs/tools/compiler/ti-cgt-arm_20.2.7.LTS/include" --define=ccs="ccs" --define=PART_TM4C123GH6PM -g --gcc --diag_warning=225 --diag_wrap=off --display_error_number --abi=eabi --preproc_with_compile --preproc_dependency="lab6-interrupt_template.d_raw"  "../lab6-interrupt_template.c"
Finished building: "../lab6-interrupt_template.c"
 
Building target: "lab6.out"
Invoking: Arm Linker
"C:/ti/ccs1230/ccs/tools/compiler/ti-cgt-arm_20.2.7.LTS/bin/armcl" -mv7M4 --code_state=16 --float_support=FPv4SPD16 -me --define=ccs="ccs" --define=PART_TM4C123GH6PM -g --gcc --diag_warning=225 --diag_wrap=off --display_error_number --abi=eabi -z -m"lab6.map" --heap_size=4092 --stack_size=4092 -i"C:/ti/ccs1230/ccs/tools/compiler/ti-cgt-arm_20.2.7.LTS/lib" -i"C:/ti/ccs1230/ccs/tools/compiler/ti-cgt-arm_20.2.7.LTS/include" --reread_libs --diag_wrap=off --display_error_number --warn_sections --xml_link_info="lab6_linkInfo.xml" --rom_model -o "lab6.out" "./Map.obj" "./Timer.obj" "./button.obj" "./lab6-interrupt_template.obj" "./lab6_template.obj" "./lcd.obj" "./movement.obj" "./open_interface.obj" "./tm4c123gh6pm_startup_ccs.obj" "./uart-interrupt.obj" "./uart.obj" "../libcybotScan.lib" "../libcybotUART.lib" "../tm4c123gh6pm.cmd"  -llibc.a -l"C:/ti/TivaWare_C_Series-2.2.0.295/driverlib/ccs/Debug/driverlib.lib" 
<Linking>
warning #10443-D: The ".stack" section size is required to be aligned to 8 bytes, but the specified size, 0xffc, is not. The aligned size is 0x1000
Finished building target: "lab6.out"
 

**** Build Finished ****

**** Build of configuration Debug for project lab6 ****

"C:\\ti\\ccs1230\\ccs\\utils\\bin\\gmake" -k -j 20 all -O 
 
Building file: "../lab6-interrupt_template.c"
Invoking: Arm Compiler
"C:/ti/ccs1230/ccs/tools/compiler/ti-cgt-arm_20.2.7.LTS/bin/armcl" -mv7M4 --code_state=16 --float_support=FPv4SPD16 -me --include_path="U:/CprE288/Lab6/Lab6 Code Files/lab6" --include_path="C:/ti/TivaWare_C_Series-2.2.0.295" --include_path="C:/ti/ccs1230/ccs/tools/compiler/ti-cgt-arm_20.2.7.LTS/include" --define=ccs="ccs" --define=PART_TM4C123GH6PM -g --gcc --diag_warning=225 --diag_wrap=off --display_error_number --abi=eabi --preproc_with_compile --preproc_dependency="lab6-interrupt_template.d_raw"  "../lab6-interrupt_template.c"
Finished building: "../lab6-interrupt_template.c"
 
Building target: "lab6.out"
Invoking: Arm Linker
"C:/ti/ccs1230/ccs/tools/compiler/ti-cgt-arm_20.2.7.LTS/bin/armcl" -mv7M4 --code_state=16 --float_support=FPv4SPD16 -me --define=ccs="ccs" --define=PART_TM4C123GH6PM -g --gcc --diag_warning=225 --diag_wrap=off --display_error_number --abi=eabi -z -m"lab6.map" --heap_size=4092 --stack_size=4092 -i"C:/ti/ccs1230/ccs/tools/compiler/ti-cgt-arm_20.2.7.LTS/lib" -i"C:/ti/ccs1230/ccs/tools/compiler/ti-cgt-arm_20.2.7.LTS/include" --reread_libs --diag_wrap=off --display_error_number --warn_sections --xml_link_info="lab6_linkInfo.xml" --rom_model -o "lab6.out" "./Map.obj" "./Timer.obj" "./button.obj" "./lab6-interrupt_template.obj" "./lab6_template.obj" "./lcd.obj" "./movement.obj" "./open_interface.obj" "./tm4c123gh6pm_startup_ccs.obj" "./uart-interrupt.obj" "./uart.obj" "../libcybotScan.lib" "../libcybotUART.lib" "../tm4c123gh6pm.cmd"  -llibc.a -l"C:/ti/TivaWare_C_Series-2.2.0.295/driverlib/ccs/Debug/driverlib.lib" 
<Linking>
warning #10443-D: The ".stack" section size is required to be aligned to 8 bytes, but the specified size, 0xffc, is not. The aligned size is 0x1000
Finished building target: "lab6.out"
 

**** Build Finished ****

**** Build of configuration Debug for project lab6 ****

"C:\\ti\\ccs1230\\ccs\\utils\\bin\\gmake" -k -j 20 all -O 
 
Building file: "../uart-interrupt.c"
Invoking: Arm Compiler
"C:/ti/ccs1230/ccs/tools/compiler/ti-cgt-arm_20.2.7.LTS/bin/armcl" -mv7M4 --code_state=16 --float_support=FPv4SPD16 -me --include_path="U:/CprE288/Lab6/Lab6 Code Files/lab6" --include_path="C:/ti/TivaWare_C_Series-2.2.0.295" --include_path="C:/ti/ccs1230/ccs/tools/compiler/ti-cgt-arm_20.2.7.LTS/include" --define=ccs="ccs" --define=PART_TM4C123GH6PM -g --gcc --diag_warning=225 --diag_wrap=off --display_error_number --abi=eabi --preproc_with_compile --preproc_dependency="uart-interrupt.d_raw"  "../uart-interrupt.c"
"../uart-interrupt.c", line 19: warning #69-D: integer conversion resulted in a change of sign
Finished building: "../uart-interrupt.c"
 
Building target: "lab6.out"
Invoking: Arm Linker
"C:/ti/ccs1230/ccs/tools/compiler/ti-cgt-arm_20.2.7.LTS/bin/armcl" -mv7M4 --code_state=16 --float_support=FPv4SPD16 -me --define=ccs="ccs" --define=PART_TM4C123GH6PM -g --gcc --diag_warning=225 --diag_wrap=off --display_error_number --abi=eabi -z -m"lab6.map" --heap_size=4092 --stack_size=4092 -i"C:/ti/ccs1230/ccs/tools/compiler/ti-cgt-arm_20.2.7.LTS/lib" -i"C:/ti/ccs1230/ccs/tools/compiler/ti-cgt-arm_20.2.7.LTS/include" --reread_libs --diag_wrap=off --display_error_number --warn_sections --xml_link_info="lab6_linkInfo.xml" --rom_model -o "lab6.out" "./Map.obj" "./Timer.obj" "./button.obj" "./lab6-interrupt_template.obj" "./lab6_template.obj" "./lcd.obj" "./movement.obj" "./open_interface.obj" "./tm4c123gh6pm_startup_ccs.obj" "./uart-interrupt.obj" "./uart.obj" "../libcybotScan.lib" "../libcybotUART.lib" "../tm4c123gh6pm.cmd"  -llibc.a -l"C:/ti/TivaWare_C_Series-2.2.0.295/driverlib/ccs/Debug/driverlib.lib" 
<Linking>
warning #10443-D: The ".stack" section size is required to be aligned to 8 bytes, but the specified size, 0xffc, is not. The aligned size is 0x1000
Finished building target: "lab6.out"
 

**** Build Finished ****

**** Build of configuration Debug for project lab6 ****

"C:\\ti\\ccs1230\\ccs\\utils\\bin\\gmake" -k -j 20 all -O 
 
Building file: "../lab6-interrupt_template.c"
Invoking: Arm Compiler
"C:/ti/ccs1230/ccs/tools/compiler/ti-cgt-arm_20.2.7.LTS/bin/armcl" -mv7M4 --code_state=16 --float_support=FPv4SPD16 -me --include_path="U:/CprE288/Lab6/Lab6 Code Files/lab6" --include_path="C:/ti/TivaWare_C_Series-2.2.0.295" --include_path="C:/ti/ccs1230/ccs/tools/compiler/ti-cgt-arm_20.2.7.LTS/include" --define=ccs="ccs" --define=PART_TM4C123GH6PM -g --gcc --diag_warning=225 --diag_wrap=off --display_error_number --abi=eabi --preproc_with_compile --preproc_dependency="lab6-interrupt_template.d_raw"  "../lab6-interrupt_template.c"
 
>> Compilation failure
subdir_rules.mk:9: recipe for target 'lab6-interrupt_template.obj' failed
"../lab6-interrupt_template.c", line 51: warning #225-D: function "uart_receive_nonblocking" declared implicitly
"../lab6-interrupt_template.c", line 56: error #20: identifier "i" is undefined
"../lab6-interrupt_template.c", line 56: error #20: identifier "scan" is undefined
At end of source: error #68: expected a "}"
3 errors detected in the compilation of "../lab6-interrupt_template.c".
gmake: *** [lab6-interrupt_template.obj] Error 1
Building file: "../uart-interrupt.c"
Invoking: Arm Compiler
"C:/ti/ccs1230/ccs/tools/compiler/ti-cgt-arm_20.2.7.LTS/bin/armcl" -mv7M4 --code_state=16 --float_support=FPv4SPD16 -me --include_path="U:/CprE288/Lab6/Lab6 Code Files/lab6" --include_path="C:/ti/TivaWare_C_Series-2.2.0.295" --include_path="C:/ti/ccs1230/ccs/tools/compiler/ti-cgt-arm_20.2.7.LTS/include" --define=ccs="ccs" --define=PART_TM4C123GH6PM -g --gcc --diag_warning=225 --diag_wrap=off --display_error_number --abi=eabi --preproc_with_compile --preproc_dependency="uart-interrupt.d_raw"  "../uart-interrupt.c"
"../uart-interrupt.c", line 19: warning #69-D: integer conversion resulted in a change of sign
Finished building: "../uart-interrupt.c"
 
gmake: Target 'all' not remade because of errors.

**** Build Finished ****

**** Build of configuration Debug for project lab6 ****

"C:\\ti\\ccs1230\\ccs\\utils\\bin\\gmake" -k -j 20 all -O 
 
Building file: "../lab6-interrupt_template.c"
Invoking: Arm Compiler
"C:/ti/ccs1230/ccs/tools/compiler/ti-cgt-arm_20.2.7.LTS/bin/armcl" -mv7M4 --code_state=16 --float_support=FPv4SPD16 -me --include_path="U:/CprE288/Lab6/Lab6 Code Files/lab6" --include_path="C:/ti/TivaWare_C_Series-2.2.0.295" --include_path="C:/ti/ccs1230/ccs/tools/compiler/ti-cgt-arm_20.2.7.LTS/include" --define=ccs="ccs" --define=PART_TM4C123GH6PM -g --gcc --diag_warning=225 --diag_wrap=off --display_error_number --abi=eabi --preproc_with_compile --preproc_dependency="lab6-interrupt_template.d_raw"  "../lab6-interrupt_template.c"
 
>> Compilation failure
subdir_rules.mk:9: recipe for target 'lab6-interrupt_template.obj' failed
"../lab6-interrupt_template.c", line 52: warning #225-D: function "uart_receive_nonblocking" declared implicitly
"../lab6-interrupt_template.c", line 57: error #20: identifier "scan" is undefined
At end of source: error #68: expected a "}"
2 errors detected in the compilation of "../lab6-interrupt_template.c".
gmake: *** [lab6-interrupt_template.obj] Error 1
gmake: Target 'all' not remade because of errors.

**** Build Finished ****

**** Build of configuration Debug for project lab6 ****

"C:\\ti\\ccs1230\\ccs\\utils\\bin\\gmake" -k -j 20 all -O 
 
Building file: "../lab6-interrupt_template.c"
Invoking: Arm Compiler
"C:/ti/ccs1230/ccs/tools/compiler/ti-cgt-arm_20.2.7.LTS/bin/armcl" -mv7M4 --code_state=16 --float_support=FPv4SPD16 -me --include_path="U:/CprE288/Lab6/Lab6 Code Files/lab6" --include_path="C:/ti/TivaWare_C_Series-2.2.0.295" --include_path="C:/ti/ccs1230/ccs/tools/compiler/ti-cgt-arm_20.2.7.LTS/include" --define=ccs="ccs" --define=PART_TM4C123GH6PM -g --gcc --diag_warning=225 --diag_wrap=off --display_error_number --abi=eabi --preproc_with_compile --preproc_dependency="lab6-interrupt_template.d_raw"  "../lab6-interrupt_template.c"
 
>> Compilation failure
subdir_rules.mk:9: recipe for target 'lab6-interrupt_template.obj' failed
"../lab6-interrupt_template.c", line 53: warning #225-D: function "uart_receive_nonblocking" declared implicitly
At end of source: error #68: expected a "}"
1 error detected in the compilation of "../lab6-interrupt_template.c".
gmake: *** [lab6-interrupt_template.obj] Error 1
gmake: Target 'all' not remade because of errors.

**** Build Finished ****

**** Build of configuration Debug for project lab6 ****

"C:\\ti\\ccs1230\\ccs\\utils\\bin\\gmake" -k -j 20 all -O 
 
Building file: "../lab6-interrupt_template.c"
Invoking: Arm Compiler
"C:/ti/ccs1230/ccs/tools/compiler/ti-cgt-arm_20.2.7.LTS/bin/armcl" -mv7M4 --code_state=16 --float_support=FPv4SPD16 -me --include_path="U:/CprE288/Lab6/Lab6 Code Files/lab6" --include_path="C:/ti/TivaWare_C_Series-2.2.0.295" --include_path="C:/ti/ccs1230/ccs/tools/compiler/ti-cgt-arm_20.2.7.LTS/include" --define=ccs="ccs" --define=PART_TM4C123GH6PM -g --gcc --diag_warning=225 --diag_wrap=off --display_error_number --abi=eabi --preproc_with_compile --preproc_dependency="lab6-interrupt_template.d_raw"  "../lab6-interrupt_template.c"
"../lab6-interrupt_template.c", line 53: warning #225-D: function "uart_receive_nonblocking" declared implicitly
Finished building: "../lab6-interrupt_template.c"
 
Building target: "lab6.out"
Invoking: Arm Linker
"C:/ti/ccs1230/ccs/tools/compiler/ti-cgt-arm_20.2.7.LTS/bin/armcl" -mv7M4 --code_state=16 --float_support=FPv4SPD16 -me --define=ccs="ccs" --define=PART_TM4C123GH6PM -g --gcc --diag_warning=225 --diag_wrap=off --display_error_number --abi=eabi -z -m"lab6.map" --heap_size=4092 --stack_size=4092 -i"C:/ti/ccs1230/ccs/tools/compiler/ti-cgt-arm_20.2.7.LTS/lib" -i"C:/ti/ccs1230/ccs/tools/compiler/ti-cgt-arm_20.2.7.LTS/include" --reread_libs --diag_wrap=off --display_error_number --warn_sections --xml_link_info="lab6_linkInfo.xml" --rom_model -o "lab6.out" "./Map.obj" "./Timer.obj" "./button.obj" "./lab6-interrupt_template.obj" "./lab6_template.obj" "./lcd.obj" "./movement.obj" "./open_interface.obj" "./tm4c123gh6pm_startup_ccs.obj" "./uart-interrupt.obj" "./uart.obj" "../libcybotScan.lib" "../libcybotUART.lib" "../tm4c123gh6pm.cmd"  -llibc.a -l"C:/ti/TivaWare_C_Series-2.2.0.295/driverlib/ccs/Debug/driverlib.lib" 
<Linking>
warning #10443-D: The ".stack" section size is required to be aligned to 8 bytes, but the specified size, 0xffc, is not. The aligned size is 0x1000
 
 undefined                first referenced             
  symbol                      in file                  
 ---------                ----------------             
 uart_receive_nonblocking ./lab6-interrupt_template.obj
 
error #10234-D: unresolved symbols remain
error #10010: errors encountered during linking; "lab6.out" not built
 
>> Compilation failure
makefile:148: recipe for target 'lab6.out' failed
gmake[1]: *** [lab6.out] Error 1
makefile:144: recipe for target 'all' failed
gmake: *** [all] Error 2

**** Build Finished ****

**** Build of configuration Debug for project lab6 ****

"C:\\ti\\ccs1230\\ccs\\utils\\bin\\gmake" -k -j 20 all -O 
 
Building file: "../lab6-interrupt_template.c"
Invoking: Arm Compiler
"C:/ti/ccs1230/ccs/tools/compiler/ti-cgt-arm_20.2.7.LTS/bin/armcl" -mv7M4 --code_state=16 --float_support=FPv4SPD16 -me --include_path="U:/CprE288/Lab6/Lab6 Code Files/lab6" --include_path="C:/ti/TivaWare_C_Series-2.2.0.295" --include_path="C:/ti/ccs1230/ccs/tools/compiler/ti-cgt-arm_20.2.7.LTS/include" --define=ccs="ccs" --define=PART_TM4C123GH6PM -g --gcc --diag_warning=225 --diag_wrap=off --display_error_number --abi=eabi --preproc_with_compile --preproc_dependency="lab6-interrupt_template.d_raw"  "../lab6-interrupt_template.c"
Finished building: "../lab6-interrupt_template.c"
 
Building target: "lab6.out"
Invoking: Arm Linker
"C:/ti/ccs1230/ccs/tools/compiler/ti-cgt-arm_20.2.7.LTS/bin/armcl" -mv7M4 --code_state=16 --float_support=FPv4SPD16 -me --define=ccs="ccs" --define=PART_TM4C123GH6PM -g --gcc --diag_warning=225 --diag_wrap=off --display_error_number --abi=eabi -z -m"lab6.map" --heap_size=4092 --stack_size=4092 -i"C:/ti/ccs1230/ccs/tools/compiler/ti-cgt-arm_20.2.7.LTS/lib" -i"C:/ti/ccs1230/ccs/tools/compiler/ti-cgt-arm_20.2.7.LTS/include" --reread_libs --diag_wrap=off --display_error_number --warn_sections --xml_link_info="lab6_linkInfo.xml" --rom_model -o "lab6.out" "./Map.obj" "./Timer.obj" "./button.obj" "./lab6-interrupt_template.obj" "./lab6_template.obj" "./lcd.obj" "./movement.obj" "./open_interface.obj" "./tm4c123gh6pm_startup_ccs.obj" "./uart-interrupt.obj" "./uart.obj" "../libcybotScan.lib" "../libcybotUART.lib" "../tm4c123gh6pm.cmd"  -llibc.a -l"C:/ti/TivaWare_C_Series-2.2.0.295/driverlib/ccs/Debug/driverlib.lib" 
<Linking>
warning #10443-D: The ".stack" section size is required to be aligned to 8 bytes, but the specified size, 0xffc, is not. The aligned size is 0x1000
Finished building target: "lab6.out"
 

**** Build Finished ****

**** Build of configuration Debug for project lab6 ****

"C:\\ti\\ccs1230\\ccs\\utils\\bin\\gmake" -k -j 20 all -O 
 
Building file: "../lab6-interrupt_template.c"
Invoking: Arm Compiler
"C:/ti/ccs1230/ccs/tools/compiler/ti-cgt-arm_20.2.7.LTS/bin/armcl" -mv7M4 --code_state=16 --float_support=FPv4SPD16 -me --include_path="U:/CprE288/Lab6/Lab6 Code Files/lab6" --include_path="C:/ti/TivaWare_C_Series-2.2.0.295" --include_path="C:/ti/ccs1230/ccs/tools/compiler/ti-cgt-arm_20.2.7.LTS/include" --define=ccs="ccs" --define=PART_TM4C123GH6PM -g --gcc --diag_warning=225 --diag_wrap=off --display_error_number --abi=eabi --preproc_with_compile --preproc_dependency="lab6-interrupt_template.d_raw"  "../lab6-interrupt_template.c"
 
>> Compilation failure
subdir_rules.mk:9: recipe for target 'lab6-interrupt_template.obj' failed
"../lab6-interrupt_template.c", line 62: error #171: expected a declaration
1 error detected in the compilation of "../lab6-interrupt_template.c".
gmake: *** [lab6-interrupt_template.obj] Error 1
Building file: "../uart-interrupt.c"
Invoking: Arm Compiler
"C:/ti/ccs1230/ccs/tools/compiler/ti-cgt-arm_20.2.7.LTS/bin/armcl" -mv7M4 --code_state=16 --float_support=FPv4SPD16 -me --include_path="U:/CprE288/Lab6/Lab6 Code Files/lab6" --include_path="C:/ti/TivaWare_C_Series-2.2.0.295" --include_path="C:/ti/ccs1230/ccs/tools/compiler/ti-cgt-arm_20.2.7.LTS/include" --define=ccs="ccs" --define=PART_TM4C123GH6PM -g --gcc --diag_warning=225 --diag_wrap=off --display_error_number --abi=eabi --preproc_with_compile --preproc_dependency="uart-interrupt.d_raw"  "../uart-interrupt.c"
"../uart-interrupt.c", line 19: warning #69-D: integer conversion resulted in a change of sign
Finished building: "../uart-interrupt.c"
 
gmake: Target 'all' not remade because of errors.

**** Build Finished ****

**** Build of configuration Debug for project lab6 ****

"C:\\ti\\ccs1230\\ccs\\utils\\bin\\gmake" -k -j 20 all -O 
 
Building file: "../lab6-interrupt_template.c"
Invoking: Arm Compiler
"C:/ti/ccs1230/ccs/tools/compiler/ti-cgt-arm_20.2.7.LTS/bin/armcl" -mv7M4 --code_state=16 --float_support=FPv4SPD16 -me --include_path="U:/CprE288/Lab6/Lab6 Code Files/lab6" --include_path="C:/ti/TivaWare_C_Series-2.2.0.295" --include_path="C:/ti/ccs1230/ccs/tools/compiler/ti-cgt-arm_20.2.7.LTS/include" --define=ccs="ccs" --define=PART_TM4C123GH6PM -g --gcc --diag_warning=225 --diag_wrap=off --display_error_number --abi=eabi --preproc_with_compile --preproc_dependency="lab6-interrupt_template.d_raw"  "../lab6-interrupt_template.c"
Finished building: "../lab6-interrupt_template.c"
 
Building target: "lab6.out"
Invoking: Arm Linker
"C:/ti/ccs1230/ccs/tools/compiler/ti-cgt-arm_20.2.7.LTS/bin/armcl" -mv7M4 --code_state=16 --float_support=FPv4SPD16 -me --define=ccs="ccs" --define=PART_TM4C123GH6PM -g --gcc --diag_warning=225 --diag_wrap=off --display_error_number --abi=eabi -z -m"lab6.map" --heap_size=4092 --stack_size=4092 -i"C:/ti/ccs1230/ccs/tools/compiler/ti-cgt-arm_20.2.7.LTS/lib" -i"C:/ti/ccs1230/ccs/tools/compiler/ti-cgt-arm_20.2.7.LTS/include" --reread_libs --diag_wrap=off --display_error_number --warn_sections --xml_link_info="lab6_linkInfo.xml" --rom_model -o "lab6.out" "./Map.obj" "./Timer.obj" "./button.obj" "./lab6-interrupt_template.obj" "./lab6_template.obj" "./lcd.obj" "./movement.obj" "./open_interface.obj" "./tm4c123gh6pm_startup_ccs.obj" "./uart-interrupt.obj" "./uart.obj" "../libcybotScan.lib" "../libcybotUART.lib" "../tm4c123gh6pm.cmd"  -llibc.a -l"C:/ti/TivaWare_C_Series-2.2.0.295/driverlib/ccs/Debug/driverlib.lib" 
<Linking>
warning #10443-D: The ".stack" section size is required to be aligned to 8 bytes, but the specified size, 0xffc, is not. The aligned size is 0x1000
Finished building target: "lab6.out"
 

**** Build Finished ****

**** Build of configuration Debug for project lab6 ****

"C:\\ti\\ccs1230\\ccs\\utils\\bin\\gmake" -k -j 20 all -O 
 
Building file: "../uart-interrupt.c"
Invoking: Arm Compiler
"C:/ti/ccs1230/ccs/tools/compiler/ti-cgt-arm_20.2.7.LTS/bin/armcl" -mv7M4 --code_state=16 --float_support=FPv4SPD16 -me --include_path="U:/CprE288/Lab6/Lab6 Code Files/lab6" --include_path="C:/ti/TivaWare_C_Series-2.2.0.295" --include_path="C:/ti/ccs1230/ccs/tools/compiler/ti-cgt-arm_20.2.7.LTS/include" --define=ccs="ccs" --define=PART_TM4C123GH6PM -g --gcc --diag_warning=225 --diag_wrap=off --display_error_number --abi=eabi --preproc_with_compile --preproc_dependency="uart-interrupt.d_raw"  "../uart-interrupt.c"
"../uart-interrupt.c", line 19: warning #69-D: integer conversion resulted in a change of sign
Finished building: "../uart-interrupt.c"
 
Building file: "../lab6-interrupt_template.c"
Invoking: Arm Compiler
"C:/ti/ccs1230/ccs/tools/compiler/ti-cgt-arm_20.2.7.LTS/bin/armcl" -mv7M4 --code_state=16 --float_support=FPv4SPD16 -me --include_path="U:/CprE288/Lab6/Lab6 Code Files/lab6" --include_path="C:/ti/TivaWare_C_Series-2.2.0.295" --include_path="C:/ti/ccs1230/ccs/tools/compiler/ti-cgt-arm_20.2.7.LTS/include" --define=ccs="ccs" --define=PART_TM4C123GH6PM -g --gcc --diag_warning=225 --diag_wrap=off --display_error_number --abi=eabi --preproc_with_compile --preproc_dependency="lab6-interrupt_template.d_raw"  "../lab6-interrupt_template.c"
Finished building: "../lab6-interrupt_template.c"
 
Building target: "lab6.out"
Invoking: Arm Linker
"C:/ti/ccs1230/ccs/tools/compiler/ti-cgt-arm_20.2.7.LTS/bin/armcl" -mv7M4 --code_state=16 --float_support=FPv4SPD16 -me --define=ccs="ccs" --define=PART_TM4C123GH6PM -g --gcc --diag_warning=225 --diag_wrap=off --display_error_number --abi=eabi -z -m"lab6.map" --heap_size=4092 --stack_size=4092 -i"C:/ti/ccs1230/ccs/tools/compiler/ti-cgt-arm_20.2.7.LTS/lib" -i"C:/ti/ccs1230/ccs/tools/compiler/ti-cgt-arm_20.2.7.LTS/include" --reread_libs --diag_wrap=off --display_error_number --warn_sections --xml_link_info="lab6_linkInfo.xml" --rom_model -o "lab6.out" "./Map.obj" "./Timer.obj" "./button.obj" "./lab6-interrupt_template.obj" "./lab6_template.obj" "./lcd.obj" "./movement.obj" "./open_interface.obj" "./tm4c123gh6pm_startup_ccs.obj" "./uart-interrupt.obj" "./uart.obj" "../libcybotScan.lib" "../libcybotUART.lib" "../tm4c123gh6pm.cmd"  -llibc.a -l"C:/ti/TivaWare_C_Series-2.2.0.295/driverlib/ccs/Debug/driverlib.lib" 
<Linking>
warning #10443-D: The ".stack" section size is required to be aligned to 8 bytes, but the specified size, 0xffc, is not. The aligned size is 0x1000
Finished building target: "lab6.out"
 

**** Build Finished ****

**** Build of configuration Debug for project lab6 ****

"C:\\ti\\ccs1230\\ccs\\utils\\bin\\gmake" -k -j 20 all -O 
 
gmake[1]: 'lab6.out' is up to date.

**** Build Finished ****

**** Build of configuration Debug for project lab6 ****

"C:\\ti\\ccs1230\\ccs\\utils\\bin\\gmake" -k -j 20 all -O 
 
gmake[1]: 'lab6.out' is up to date.

**** Build Finished ****

**** Build of configuration Debug for project lab6 ****

"C:\\ti\\ccs1230\\ccs\\utils\\bin\\gmake" -k -j 20 all -O 
 
gmake[1]: 'lab6.out' is up to date.

**** Build Finished ****

**** Build of configuration Debug for project lab6 ****

"C:\\ti\\ccs1230\\ccs\\utils\\bin\\gmake" -k -j 20 all -O 
 
gmake[1]: 'lab6.out' is up to date.

**** Build Finished ****
